This is pdfTeX, Version 3.14159265-2.6-1.40.21 (MiKTeX 20.12) (preloaded format=pdflatex 2020.12.22)  3 FEB 2021 17:16
entering extended mode
**"./relazione interferometro di michelson.tex"
("relazione interferometro di michelson.tex"
LaTeX2e <2020-10-01> patch level 2
L3 programming layer <2020-12-07> xparse <2020-03-03>
(D:\TeXworks\miktex\tex/latex/base\article.cls
Document Class: article 2020/04/10 v1.4m Standard LaTeX document class
(D:\TeXworks\miktex\tex/latex/base\size10.clo
File: size10.clo 2020/04/10 v1.4m Standard LaTeX file (size option)
)
\c@part=\count177
\c@section=\count178
\c@subsection=\count179
\c@subsubsection=\count180
\c@paragraph=\count181
\c@subparagraph=\count182
\c@figure=\count183
\c@table=\count184
\abovecaptionskip=\skip47
\belowcaptionskip=\skip48
\bibindent=\dimen138
)
(D:\TeXworks\miktex\tex/latex/base\inputenc.sty
Package: inputenc 2020/08/01 v1.3d Input encoding file
\inpenc@prehook=\toks15
\inpenc@posthook=\toks16
)
(D:\TeXworks\miktex\tex/latex/base\fontenc.sty
Package: fontenc 2020/08/10 v2.0s Standard LaTeX package
)
(D:\TeXworks\miktex\tex/latex/geometry\geometry.sty
Package: geometry 2020/01/02 v5.9 Page Geometry

(D:\TeXworks\miktex\tex/latex/graphics\keyval.sty
Package: keyval 2014/10/28 v1.15 key=value parser (DPC)
\KV@toks@=\toks17
)
(D:\TeXworks\miktex\tex/generic/iftex\ifvtex.sty
Package: ifvtex 2019/10/25 v1.7 ifvtex legacy package. Use iftex instead.

(D:\TeXworks\miktex\tex/generic/iftex\iftex.sty
Package: iftex 2020/03/06 v1.0d TeX engine tests
))
\Gm@cnth=\count185
\Gm@cntv=\count186
\c@Gm@tempcnt=\count187
\Gm@bindingoffset=\dimen139
\Gm@wd@mp=\dimen140
\Gm@odd@mp=\dimen141
\Gm@even@mp=\dimen142
\Gm@layoutwidth=\dimen143
\Gm@layoutheight=\dimen144
\Gm@layouthoffset=\dimen145
\Gm@layoutvoffset=\dimen146
\Gm@dimlist=\toks18

(D:\TeXworks\miktex\tex/latex/geometry\geometry.cfg))
(D:\TeXworks\miktex\tex/latex/graphics\graphicx.sty
Package: graphicx 2020/09/09 v1.2b Enhanced LaTeX Graphics (DPC,SPQR)

(D:\TeXworks\miktex\tex/latex/graphics\graphics.sty
Package: graphics 2020/08/30 v1.4c Standard LaTeX Graphics (DPC,SPQR)

(D:\TeXworks\miktex\tex/latex/graphics\trig.sty
Package: trig 2016/01/03 v1.10 sin cos tan (DPC)
)
(D:\TeXworks\miktex\tex/latex/graphics-cfg\graphics.cfg
File: graphics.cfg 2016/06/04 v1.11 sample graphics configuration
)
Package graphics Info: Driver file: pdftex.def on input line 105.

(D:\TeXworks\miktex\tex/latex/graphics-def\pdftex.def
File: pdftex.def 2020/10/05 v1.2a Graphics/color driver for pdftex
))
\Gin@req@height=\dimen147
\Gin@req@width=\dimen148
)
(D:\TeXworks\miktex\tex/latex/caption\subcaption.sty
Package: subcaption 2020/10/07 v1.3j Sub-captions (AR)

(D:\TeXworks\miktex\tex/latex/caption\caption.sty
Package: caption 2020/10/26 v3.5g Customizing captions (AR)

(D:\TeXworks\miktex\tex/latex/caption\caption3.sty
Package: caption3 2020/10/21 v2.2e caption3 kernel (AR)
\captionmargin=\dimen149
\captionmargin@=\dimen150
\captionwidth=\dimen151
\caption@tempdima=\dimen152
\caption@indent=\dimen153
\caption@parindent=\dimen154
\caption@hangindent=\dimen155
Package caption Info: Standard document class detected.
)
\c@caption@flags=\count188
\c@continuedfloat=\count189
)
\c@subfigure=\count190
\c@subtable=\count191
)
(D:\TeXworks\miktex\tex/latex/amsmath\amsmath.sty
Package: amsmath 2020/09/23 v2.17i AMS math features
\@mathmargin=\skip49

For additional information on amsmath, use the `?' option.
(D:\TeXworks\miktex\tex/latex/amsmath\amstext.sty
Package: amstext 2000/06/29 v2.01 AMS text

(D:\TeXworks\miktex\tex/latex/amsmath\amsgen.sty
File: amsgen.sty 1999/11/30 v2.0 generic functions
\@emptytoks=\toks19
\ex@=\dimen156
))
(D:\TeXworks\miktex\tex/latex/amsmath\amsbsy.sty
Package: amsbsy 1999/11/29 v1.2d Bold Symbols
\pmbraise@=\dimen157
)
(D:\TeXworks\miktex\tex/latex/amsmath\amsopn.sty
Package: amsopn 2016/03/08 v2.02 operator names
)
\inf@bad=\count192
LaTeX Info: Redefining \frac on input line 234.
\uproot@=\count193
\leftroot@=\count194
LaTeX Info: Redefining \overline on input line 399.
\classnum@=\count195
\DOTSCASE@=\count196
LaTeX Info: Redefining \ldots on input line 496.
LaTeX Info: Redefining \dots on input line 499.
LaTeX Info: Redefining \cdots on input line 620.
\Mathstrutbox@=\box47
\strutbox@=\box48
\big@size=\dimen158
LaTeX Font Info:    Redeclaring font encoding OML on input line 743.
LaTeX Font Info:    Redeclaring font encoding OMS on input line 744.
\macc@depth=\count197
\c@MaxMatrixCols=\count198
\dotsspace@=\muskip16
\c@parentequation=\count199
\dspbrk@lvl=\count266
\tag@help=\toks20
\row@=\count267
\column@=\count268
\maxfields@=\count269
\andhelp@=\toks21
\eqnshift@=\dimen159
\alignsep@=\dimen160
\tagshift@=\dimen161
\tagwidth@=\dimen162
\totwidth@=\dimen163
\lineht@=\dimen164
\@envbody=\toks22
\multlinegap=\skip50
\multlinetaggap=\skip51
\mathdisplay@stack=\toks23
LaTeX Info: Redefining \[ on input line 2923.
LaTeX Info: Redefining \] on input line 2924.
)
(D:\TeXworks\miktex\tex/latex/amsfonts\amssymb.sty
Package: amssymb 2013/01/14 v3.01 AMS font symbols

(D:\TeXworks\miktex\tex/latex/amsfonts\amsfonts.sty
Package: amsfonts 2013/01/14 v3.01 Basic AMSFonts support
\symAMSa=\mathgroup4
\symAMSb=\mathgroup5
LaTeX Font Info:    Redeclaring math symbol \hbar on input line 98.
LaTeX Font Info:    Overwriting math alphabet `\mathfrak' in version `bold'
(Font)                  U/euf/m/n --> U/euf/b/n on input line 106.
))
(D:\TeXworks\miktex\tex/generic/babel\babel.sty
Package: babel 2020/10/27 3.51 The Babel package

(D:\TeXworks\miktex\tex/generic/babel\babel.def
File: babel.def 2020/10/27 3.51 Babel common definitions
\babel@savecnt=\count270
\U@D=\dimen165
\l@babelnohyphens=\language79

(D:\TeXworks\miktex\tex/generic/babel\txtbabel.def)
\bbl@readstream=\read2
)
\bbl@dirlevel=\count271

*************************************
* Local config file bblopts.cfg used
*
(D:\TeXworks\miktex\tex/latex/arabi\bblopts.cfg
File: bblopts.cfg 2005/09/08 v0.1 add Arabic and Farsi to "declared" options of
 babel
)
(D:\TeXworks\miktex\tex/generic/babel-french\french.ldf
Language: french 2020/10/10 v3.5l French support from the babel system
Package babel Info: \l@acadian = using hyphenrules for french
(babel)             (\language22) on input line 91.
Package babel Info: \l@canadien = using hyphenrules for french
(babel)             (\language22) on input line 92.
\FB@nonchar=\count272
Package babel Info: Making : an active character on input line 430.
Package babel Info: Making ; an active character on input line 431.
Package babel Info: Making ! an active character on input line 432.
Package babel Info: Making ? an active character on input line 433.
\FBguill@level=\count273
\FBold@everypar=\toks24
\FB@Mht=\dimen166
\mc@charclass=\count274
\mc@charfam=\count275
\mc@charslot=\count276
\std@mcc=\count277
\dec@mcc=\count278
\listindentFB=\dimen167
\descindentFB=\dimen168
\labelindentFB=\dimen169
\labelwidthFB=\dimen170
\leftmarginFB=\dimen171
\parindentFFN=\dimen172
\FBfnindent=\dimen173
)
(D:\TeXworks\miktex\tex/latex/babel-italian\italian.ldf
Language: italian 2020/05/21 v.1.4.04 Italian support for the babel system
\it@lettering=\count279
\it@doublequoteactive=\count280
\it@ISOcompliance=\count281
))
(D:\TeXworks\miktex\tex/latex/carlisle\scalefnt.sty)
(D:\TeXworks\miktex\tex/latex/etoolbox\etoolbox.sty
Package: etoolbox 2020/10/05 v2.5k e-TeX tools for LaTeX (JAW)
\etb@tempcnta=\count282
)
(D:\TeXworks\miktex\tex/latex/l3backend\l3backend-pdftex.def
File: l3backend-pdftex.def 2020-09-24 L3 backend support: PDF output (pdfTeX)
\l__kernel_color_stack_int=\count283
\l__pdf_internal_box=\box49
)
("relazione interferometro di michelson.aux")
\openout1 = `"relazione interferometro di michelson.aux"'.

LaTeX Font Info:    Checking defaults for OML/cmm/m/it on input line 21.
LaTeX Font Info:    ... okay on input line 21.
LaTeX Font Info:    Checking defaults for OMS/cmsy/m/n on input line 21.
LaTeX Font Info:    ... okay on input line 21.
LaTeX Font Info:    Checking defaults for OT1/cmr/m/n on input line 21.
LaTeX Font Info:    ... okay on input line 21.
LaTeX Font Info:    Checking defaults for T1/cmr/m/n on input line 21.
LaTeX Font Info:    ... okay on input line 21.
LaTeX Font Info:    Checking defaults for TS1/cmr/m/n on input line 21.
LaTeX Font Info:    ... okay on input line 21.
LaTeX Font Info:    Checking defaults for OMX/cmex/m/n on input line 21.
LaTeX Font Info:    ... okay on input line 21.
LaTeX Font Info:    Checking defaults for U/cmr/m/n on input line 21.
LaTeX Font Info:    ... okay on input line 21.

*geometry* driver: auto-detecting
*geometry* detected driver: pdftex
*geometry* verbose mode - [ preamble ] result:
* driver: pdftex
* paper: a4paper
* layout: <same size as paper>
* layoutoffset:(h,v)=(0.0pt,0.0pt)
* modes: 
* h-part:(L,W,R)=(89.62709pt, 418.25368pt, 89.6271pt)
* v-part:(T,H,B)=(101.40665pt, 591.5302pt, 152.11pt)
* \paperwidth=597.50787pt
* \paperheight=845.04684pt
* \textwidth=418.25368pt
* \textheight=591.5302pt
* \oddsidemargin=17.3571pt
* \evensidemargin=17.3571pt
* \topmargin=-7.86334pt
* \headheight=12.0pt
* \headsep=25.0pt
* \topskip=10.0pt
* \footskip=30.0pt
* \marginparwidth=65.0pt
* \marginparsep=11.0pt
* \columnsep=10.0pt
* \skip\footins=9.0pt plus 4.0pt minus 2.0pt
* \hoffset=0.0pt
* \voffset=0.0pt
* \mag=1000
* \@twocolumnfalse
* \@twosidefalse
* \@mparswitchfalse
* \@reversemarginfalse
* (1in=72.27pt=25.4mm, 1cm=28.453pt)

(D:\TeXworks\miktex\tex/context/base/mkii\supp-pdf.mkii
[Loading MPS to PDF converter (version 2006.09.02).]
\scratchcounter=\count284
\scratchdimen=\dimen174
\scratchbox=\box50
\nofMPsegments=\count285
\nofMParguments=\count286
\everyMPshowfont=\toks25
\MPscratchCnt=\count287
\MPscratchDim=\dimen175
\MPnumerator=\count288
\makeMPintoPDFobject=\count289
\everyMPtoPDFconversion=\toks26
) (D:\TeXworks\miktex\tex/latex/epstopdf-pkg\epstopdf-base.sty
Package: epstopdf-base 2020-01-24 v2.11 Base part for package epstopdf
Package epstopdf-base Info: Redefining graphics rule for `.eps' on input line 4
85.
)
Package caption Info: Begin \AtBeginDocument code.
Package caption Info: french babel package is loaded.
Package caption Info: End \AtBeginDocument code.
LaTeX Info: Redefining \degres on input line 21.
LaTeX Info: Redefining \dots on input line 21.
LaTeX Info: Redefining \up on input line 21.
LaTeX Info: Redefining \it@ocap on input line 21.
LaTeX Info: Redefining \it@ccap on input line 21.
LaTeX Font Info:    Trying to load font information for U+msa on input line 22.


(D:\TeXworks\miktex\tex/latex/amsfonts\umsa.fd
File: umsa.fd 2013/01/14 v3.01 AMS symbols A
)
LaTeX Font Info:    Trying to load font information for U+msb on input line 22.


(D:\TeXworks\miktex\tex/latex/amsfonts\umsb.fd
File: umsb.fd 2013/01/14 v3.01 AMS symbols B
)
("relazione interferometro di michelson.toc" [1

{C:/Users/Dottor S/AppData/Local/MiKTeX/pdftex/config/pdftex.map}])
\tf@toc=\write3
\openout3 = `"relazione interferometro di michelson.toc"'.

<IM strumentazione.jpg, id=21, 5139.2pt x 3854.4pt>
File: IM strumentazione.jpg Graphic file (type jpg)
<use IM strumentazione.jpg>
Package pdftex.def Info: IM strumentazione.jpg  used on input line 47.
(pdftex.def)             Requested size: 209.12683pt x 156.79634pt.
 [2 <./IM strumentazione.jpg>]
<IM percorso luce.png, id=28, 320.69812pt x 219.82124pt>
File: IM percorso luce.png Graphic file (type png)
<use IM percorso luce.png>
Package pdftex.def Info: IM percorso luce.png  used on input line 79.
(pdftex.def)             Requested size: 292.77629pt x 200.68834pt.
 [3 <./IM percorso luce.png>]
<IM fuochi.png, id=34, 246.1697pt x 210.7875pt>
File: IM fuochi.png Graphic file (type png)
<use IM fuochi.png>
Package pdftex.def Info: IM fuochi.png  used on input line 94.
(pdftex.def)             Requested size: 125.47737pt x 107.4423pt.
 [4 <./IM fuochi.png>] [5]
<IM laser.jpg, id=42, 1623.06375pt x 1175.14032pt>
File: IM laser.jpg Graphic file (type jpg)
<use IM laser.jpg>
Package pdftex.def Info: IM laser.jpg  used on input line 207.
(pdftex.def)             Requested size: 250.95476pt x 181.69658pt.


LaTeX Warning: `!h' float specifier changed to `!ht'.

<IM etichetta laser.jpg, id=43, 5139.2pt x 3854.4pt>
File: IM etichetta laser.jpg Graphic file (type jpg)
<use IM etichetta laser.jpg>
Package pdftex.def Info: IM etichetta laser.jpg  used on input line 214.
(pdftex.def)             Requested size: 250.95476pt x 188.20267pt.

LaTeX Warning: `!h' float specifier changed to `!ht'.

[6]
<IM cameretta.jpg, id=50, 3982.88pt x 2987.16pt>
File: IM cameretta.jpg Graphic file (type jpg)
<use IM cameretta.jpg>
Package pdftex.def Info: IM cameretta.jpg  used on input line 225.
(pdftex.def)             Requested size: 250.95476pt x 188.20119pt.


LaTeX Warning: `!h' float specifier changed to `!ht'.

[7 <./IM laser.jpg> <./IM etichetta laser.jpg>] [8 <./IM cameretta.jpg>]
[9]
<IM grafico risultati lambda.png, id=62, 341.02406pt x 222.8325pt>
File: IM grafico risultati lambda.png Graphic file (type png)
<use IM grafico risultati lambda.png>
Package pdftex.def Info: IM grafico risultati lambda.png  used on input line 31
4.
(pdftex.def)             Requested size: 250.95476pt x 163.98222pt.
<IM grafico risultati n.png, id=63, 328.97906pt x 222.8325pt>
File: IM grafico risultati n.png Graphic file (type png)
<use IM grafico risultati n.png>
Package pdftex.def Info: IM grafico risultati n.png  used on input line 320.
(pdftex.def)             Requested size: 250.95476pt x 169.98688pt.
 [10 <./IM grafico risultati lambda.png> <./IM grafico risultati n.png>]
<IM pacchetto.jpg, id=69, 3982.88pt x 2987.16pt>
File: IM pacchetto.jpg Graphic file (type jpg)
<use IM pacchetto.jpg>
Package pdftex.def Info: IM pacchetto.jpg  used on input line 338.
(pdftex.def)             Requested size: 250.95476pt x 188.20119pt.

[11 <./IM pacchetto.jpg>]

LaTeX Warning: `!h' float specifier changed to `!ht'.

[12]
<IM grafico risultati delta lambda.png, id=77, 402.00188pt x 223.58531pt>
File: IM grafico risultati delta lambda.png Graphic file (type png)
<use IM grafico risultati delta lambda.png>
Package pdftex.def Info: IM grafico risultati delta lambda.png  used on input l
ine 436.
(pdftex.def)             Requested size: 250.95476pt x 139.57329pt.
 [13 <./IM grafico risultati delta lambda.png>]
<IM tabella lambda.png, id=83, 496.10344pt x 151.3153pt>
File: IM tabella lambda.png Graphic file (type png)
<use IM tabella lambda.png>
Package pdftex.def Info: IM tabella lambda.png  used on input line 467.
(pdftex.def)             Requested size: 418.25368pt x 127.57268pt.
<IM tabella n.png, id=84, 288.3272pt x 143.78719pt>
File: IM tabella n.png Graphic file (type png)
<use IM tabella n.png>
Package pdftex.def Info: IM tabella n.png  used on input line 476.
(pdftex.def)             Requested size: 250.95476pt x 125.15527pt.


LaTeX Warning: `!h' float specifier changed to `!ht'.

<IM tabella a.png, id=85, 565.36218pt x 106.89937pt>
File: IM tabella a.png Graphic file (type png)
<use IM tabella a.png>
Package pdftex.def Info: IM tabella a.png  used on input line 486.
(pdftex.def)             Requested size: 418.25368pt x 79.0847pt.

LaTeX Warning: `!h' float specifier changed to `!ht'.

<IM tabella b.png, id=86, 304.13625pt x 101.62968pt>
File: IM tabella b.png Graphic file (type png)
<use IM tabella b.png>
Package pdftex.def Info: IM tabella b.png  used on input line 492.
(pdftex.def)             Requested size: 250.95476pt x 83.86102pt.

LaTeX Warning: `!h' float specifier changed to `!ht'.

<IM tabella lambda sistema.png, id=87, 222.07968pt x 100.12407pt>
File: IM tabella lambda sistema.png Graphic file (type png)
<use IM tabella lambda sistema.png>
Package pdftex.def Info: IM tabella lambda sistema.png  used on input line 498.

(pdftex.def)             Requested size: 167.2989pt x 75.4259pt.

LaTeX Warning: `!h' float specifier changed to `!ht'.

<IM risultati sistema.png, id=88, 251.43938pt x 35.38219pt>
File: IM risultati sistema.png Graphic file (type png)
<use IM risultati sistema.png>
Package pdftex.def Info: IM risultati sistema.png  used on input line 504.
(pdftex.def)             Requested size: 250.95476pt x 35.31406pt.

LaTeX Warning: `!h' float specifier changed to `!ht'.


LaTeX Warning: `!h' float specifier changed to `!ht'.

<IM tabella ricorsione.png, id=89, 310.15875pt x 182.18062pt>
File: IM tabella ricorsione.png Graphic file (type png)
<use IM tabella ricorsione.png>
Package pdftex.def Info: IM tabella ricorsione.png  used on input line 532.
(pdftex.def)             Requested size: 250.95476pt x 147.40425pt.

LaTeX Warning: `!h' float specifier changed to `!ht'.

<IM tabella pacchetto.png, id=90, 301.8778pt x 164.86594pt>
File: IM tabella pacchetto.png Graphic file (type png)
<use IM tabella pacchetto.png>
Package pdftex.def Info: IM tabella pacchetto.png  used on input line 541.
(pdftex.def)             Requested size: 250.95476pt x 137.05501pt.
[14 <./IM tabella lambda.png>]

LaTeX Warning: Text page 15 contains only floats.

[15 <./IM tabella n.png> <./IM tabella a.png> <./IM tabella b.png> <./IM tabell
a lambda sistema.png> <./IM risultati sistema.png>]
<IM tabella delta lambda set 1.png, id=103, 498.36188pt x 152.06813pt>
File: IM tabella delta lambda set 1.png Graphic file (type png)
<use IM tabella delta lambda set 1.png>
Package pdftex.def Info: IM tabella delta lambda set 1.png  used on input line 
550.
(pdftex.def)             Requested size: 313.69025pt x 95.71988pt.
 [16 <./IM tabella ricorsione.png> <./IM tabella pacchetto.png>]
<IM tabella delta lambda set 1 scarto.png, id=109, 533.74406pt x 136.25906pt>
File: IM tabella delta lambda set 1 scarto.png Graphic file (type png)
<use IM tabella delta lambda set 1 scarto.png>
Package pdftex.def Info: IM tabella delta lambda set 1 scarto.png  used on inpu
t line 556.
(pdftex.def)             Requested size: 313.69025pt x 80.08443pt.
<IM tabella delta lambda set 2.png, id=110, 495.35063pt x 164.86594pt>
File: IM tabella delta lambda set 2.png Graphic file (type png)
<use IM tabella delta lambda set 2.png>
Package pdftex.def Info: IM tabella delta lambda set 2.png  used on input line 
562.
(pdftex.def)             Requested size: 313.69025pt x 104.40442pt.
<IM risultati delta lambda.png, id=111, 129.48375pt x 60.225pt>
File: IM risultati delta lambda.png Graphic file (type png)
<use IM risultati delta lambda.png>
Package pdftex.def Info: IM risultati delta lambda.png  used on input line 568.

(pdftex.def)             Requested size: 104.56342pt x 48.63585pt.
<IM comparazione lambda.png, id=112, 352.31625pt x 307.1475pt>
File: IM comparazione lambda.png Graphic file (type png)
<use IM comparazione lambda.png>
Package pdftex.def Info: IM comparazione lambda.png  used on input line 578.
(pdftex.def)             Requested size: 250.95476pt x 218.77925pt.


LaTeX Warning: `!h' float specifier changed to `!ht'.

<IM comparazione n.png, id=113, 333.49594pt x 295.1025pt>
File: IM comparazione n.png Graphic file (type png)
<use IM comparazione n.png>
Package pdftex.def Info: IM comparazione n.png  used on input line 584.
(pdftex.def)             Requested size: 250.95476pt x 222.06929pt.

LaTeX Warning: `!h' float specifier changed to `!ht'.

<IM comparazione delta lambda.png, id=114, 402.75468pt x 315.42844pt>
File: IM comparazione delta lambda.png Graphic file (type png)
<use IM comparazione delta lambda.png>
Package pdftex.def Info: IM comparazione delta lambda.png  used on input line 5
90.
(pdftex.def)             Requested size: 250.95476pt x 196.54065pt.

LaTeX Warning: `!h' float specifier changed to `!ht'.

[17 <./IM tabella delta lambda set 1.png> <./IM tabella delta lambda set 1 scar
to.png> <./IM tabella delta lambda set 2.png> <./IM risultati delta lambda.png>
] [18 <./IM comparazione lambda.png> <./IM comparazione n.png>] [19 <./IM compa
razione delta lambda.png>] ("relazione interferometro di michelson.aux")

LaTeX Warning: Label(s) may have changed. Rerun to get cross-references right.

 ) 
Here is how much of TeX's memory you used:
 6504 strings out of 479697
 97218 string characters out of 2879393
 406918 words of memory out of 3000000
 23500 multiletter control sequences out of 15000+200000
 422095 words of font info for 77 fonts, out of 3000000 for 9000
 1141 hyphenation exceptions out of 8191
 66i,11n,74p,1070b,424s stack positions out of 5000i,500n,10000p,200000b,50000s
 <C:\Users\Dottor S\AppData\Local\MiKTeX\fonts/pk/ljfour/jknappen/ec/dpi600\e
cbx1200.pk> <C:\Users\Dottor S\AppData\Local\MiKTeX\fonts/pk/ljfour/jknappen/ec
/dpi600\ecrm1000.pk> <C:\Users\Dottor S\AppData\Local\MiKTeX\fonts/pk/ljfour/jk
nappen/ec/dpi600\ecbx1000.pk> <C:\Users\Dottor S\AppData\Local\MiKTeX\fonts/pk/
ljfour/jknappen/ec/dpi600\ecbx1440.pk> <C:\Users\Dottor S\AppData\Local\MiKTeX\
fonts/pk/ljfour/jknappen/ec/dpi600\ecrm0900.pk> <C:\Users\Dottor S\AppData\Loca
l\MiKTeX\fonts/pk/ljfour/jknappen/ec/dpi600\ecbx0900.pk> <C:\Users\Dottor S\App
Data\Local\MiKTeX\fonts/pk/ljfour/jknappen/ec/dpi600\ecrm1200.pk> <C:\Users\Dot
tor S\AppData\Local\MiKTeX\fonts/pk/ljfour/jknappen/ec/dpi600\ecrm1728.pk><D:/T
eXworks/miktex/fonts/type1/public/amsfonts/cm/cmex10.pfb><D:/TeXworks/miktex/fo
nts/type1/public/amsfonts/cm/cmmi10.pfb><D:/TeXworks/miktex/fonts/type1/public/
amsfonts/cm/cmmi12.pfb><D:/TeXworks/miktex/fonts/type1/public/amsfonts/cm/cmmi5
.pfb><D:/TeXworks/miktex/fonts/type1/public/amsfonts/cm/cmmi6.pfb><D:/TeXworks/
miktex/fonts/type1/public/amsfonts/cm/cmmi7.pfb><D:/TeXworks/miktex/fonts/type1
/public/amsfonts/cm/cmmi8.pfb><D:/TeXworks/miktex/fonts/type1/public/amsfonts/c
m/cmmi9.pfb><D:/TeXworks/miktex/fonts/type1/public/amsfonts/cm/cmr10.pfb><D:/Te
Xworks/miktex/fonts/type1/public/amsfonts/cm/cmr12.pfb><D:/TeXworks/miktex/font
s/type1/public/amsfonts/cm/cmr6.pfb><D:/TeXworks/miktex/fonts/type1/public/amsf
onts/cm/cmr7.pfb><D:/TeXworks/miktex/fonts/type1/public/amsfonts/cm/cmr9.pfb><D
:/TeXworks/miktex/fonts/type1/public/amsfonts/cm/cmsy10.pfb><D:/TeXworks/miktex
/fonts/type1/public/amsfonts/cm/cmsy6.pfb><D:/TeXworks/miktex/fonts/type1/publi
c/amsfonts/cm/cmsy7.pfb><D:/TeXworks/miktex/fonts/type1/public/amsfonts/cm/cmsy
9.pfb>
Output written on "relazione interferometro di michelson.pdf" (19 pages, 123836
02 bytes).
PDF statistics:
 477 PDF objects out of 1000 (max. 8388607)
 0 named destinations out of 1000 (max. 500000)
 126 words of extra memory for PDF output out of 10000 (max. 10000000)

