This is pdfTeX, Version 3.14159265-2.6-1.40.20 (TeX Live 2019/Debian) (preloaded format=pdflatex 2021.6.9)  13 JUN 2021 22:38
entering extended mode
 restricted \write18 enabled.
 file:line:error style messages enabled.
 %&-line parsing enabled.
**/home/alessandromatteo_rossi/LOEFM/Elettronica_Sbobina/sbobina.tex
(/home/alessandromatteo_rossi/LOEFM/Elettronica_Sbobina/sbobina.tex
LaTeX2e <2020-02-02> patch level 2
L3 programming layer <2020-02-14> (/usr/share/texlive/texmf-dist/tex/latex/base/article.cls
Document Class: article 2019/12/20 v1.4l Standard LaTeX document class
(/usr/share/texlive/texmf-dist/tex/latex/base/size10.clo
File: size10.clo 2019/12/20 v1.4l Standard LaTeX file (size option)
)
\c@part=\count167
\c@section=\count168
\c@subsection=\count169
\c@subsubsection=\count170
\c@paragraph=\count171
\c@subparagraph=\count172
\c@figure=\count173
\c@table=\count174
\abovecaptionskip=\skip47
\belowcaptionskip=\skip48
\bibindent=\dimen134
) (/usr/share/texlive/texmf-dist/tex/latex/base/inputenc.sty
Package: inputenc 2018/08/11 v1.3c Input encoding file
\inpenc@prehook=\toks14
\inpenc@posthook=\toks15
) (/usr/share/texlive/texmf-dist/tex/latex/base/fontenc.sty
Package: fontenc 2020/02/11 v2.0o Standard LaTeX package
) (/usr/share/texlive/texmf-dist/tex/latex/geometry/geometry.sty
Package: geometry 2020/01/02 v5.9 Page Geometry
 (/usr/share/texlive/texmf-dist/tex/latex/graphics/keyval.sty
Package: keyval 2014/10/28 v1.15 key=value parser (DPC)
\KV@toks@=\toks16
) (/usr/share/texlive/texmf-dist/tex/generic/iftex/ifvtex.sty
Package: ifvtex 2019/10/25 v1.7 ifvtex legacy package. Use iftex instead.
 (/usr/share/texlive/texmf-dist/tex/generic/iftex/iftex.sty
Package: iftex 2019/11/07 v1.0c TeX engine tests
))
\Gm@cnth=\count175
\Gm@cntv=\count176
\c@Gm@tempcnt=\count177
\Gm@bindingoffset=\dimen135
\Gm@wd@mp=\dimen136
\Gm@odd@mp=\dimen137
\Gm@even@mp=\dimen138
\Gm@layoutwidth=\dimen139
\Gm@layoutheight=\dimen140
\Gm@layouthoffset=\dimen141
\Gm@layoutvoffset=\dimen142
\Gm@dimlist=\toks17
) (/usr/share/texlive/texmf-dist/tex/latex/xcolor/xcolor.sty
Package: xcolor 2016/05/11 v2.12 LaTeX color extensions (UK)
 (/usr/share/texlive/texmf-dist/tex/latex/graphics-cfg/color.cfg
File: color.cfg 2016/01/02 v1.6 sample color configuration
)
Package xcolor Info: Driver file: pdftex.def on input line 225.
 (/usr/share/texlive/texmf-dist/tex/latex/graphics-def/pdftex.def
File: pdftex.def 2018/01/08 v1.0l Graphics/color driver for pdftex
)
Package xcolor Info: Model `cmy' substituted by `cmy0' on input line 1348.
Package xcolor Info: Model `hsb' substituted by `rgb' on input line 1352.
Package xcolor Info: Model `RGB' extended on input line 1364.
Package xcolor Info: Model `HTML' substituted by `rgb' on input line 1366.
Package xcolor Info: Model `Hsb' substituted by `hsb' on input line 1367.
Package xcolor Info: Model `tHsb' substituted by `hsb' on input line 1368.
Package xcolor Info: Model `HSB' substituted by `hsb' on input line 1369.
Package xcolor Info: Model `Gray' substituted by `gray' on input line 1370.
Package xcolor Info: Model `wave' substituted by `hsb' on input line 1371.
) (/usr/share/texlive/texmf-dist/tex/latex/graphics/graphicx.sty
Package: graphicx 2019/11/30 v1.2a Enhanced LaTeX Graphics (DPC,SPQR)
 (/usr/share/texlive/texmf-dist/tex/latex/graphics/graphics.sty
Package: graphics 2019/11/30 v1.4a Standard LaTeX Graphics (DPC,SPQR)
 (/usr/share/texlive/texmf-dist/tex/latex/graphics/trig.sty
Package: trig 2016/01/03 v1.10 sin cos tan (DPC)
) (/usr/share/texlive/texmf-dist/tex/latex/graphics-cfg/graphics.cfg
File: graphics.cfg 2016/06/04 v1.11 sample graphics configuration
)
Package graphics Info: Driver file: pdftex.def on input line 105.
)
\Gin@req@height=\dimen143
\Gin@req@width=\dimen144
) (/usr/share/texlive/texmf-dist/tex/latex/caption/subcaption.sty
Package: subcaption 2020/01/22 v1.3d Sub-captions (AR)
 (/usr/share/texlive/texmf-dist/tex/latex/caption/caption.sty
Package: caption 2020/01/03 v3.4h Customizing captions (AR)
 (/usr/share/texlive/texmf-dist/tex/latex/caption/caption3.sty
Package: caption3 2020/01/03 v1.8h caption3 kernel (AR)
Package caption3 Info: TeX engine: e-TeX on input line 61.
\captionmargin=\dimen145
\captionmargin@=\dimen146
\captionwidth=\dimen147
\caption@tempdima=\dimen148
\caption@indent=\dimen149
\caption@parindent=\dimen150
\caption@hangindent=\dimen151
Package caption Info: Standard document class detected.
)
\c@caption@flags=\count178
\c@continuedfloat=\count179
)
\c@subfigure=\count180
\c@subtable=\count181
) (/usr/share/texlive/texmf-dist/tex/latex/tools/verbatim.sty
Package: verbatim 2019/11/10 v1.5r LaTeX2e package for verbatim enhancements
\every@verbatim=\toks18
\verbatim@line=\toks19
\verbatim@in@stream=\read2
) (/usr/share/texlive/texmf-dist/tex/latex/amsmath/amsmath.sty
Package: amsmath 2020/01/20 v2.17e AMS math features
\@mathmargin=\skip49

For additional information on amsmath, use the `?' option.
(/usr/share/texlive/texmf-dist/tex/latex/amsmath/amstext.sty
Package: amstext 2000/06/29 v2.01 AMS text
 (/usr/share/texlive/texmf-dist/tex/latex/amsmath/amsgen.sty
File: amsgen.sty 1999/11/30 v2.0 generic functions
\@emptytoks=\toks20
\ex@=\dimen152
)) (/usr/share/texlive/texmf-dist/tex/latex/amsmath/amsbsy.sty
Package: amsbsy 1999/11/29 v1.2d Bold Symbols
\pmbraise@=\dimen153
) (/usr/share/texlive/texmf-dist/tex/latex/amsmath/amsopn.sty
Package: amsopn 2016/03/08 v2.02 operator names
)
\inf@bad=\count182
LaTeX Info: Redefining \frac on input line 227.
\uproot@=\count183
\leftroot@=\count184
LaTeX Info: Redefining \overline on input line 389.
\classnum@=\count185
\DOTSCASE@=\count186
LaTeX Info: Redefining \ldots on input line 486.
LaTeX Info: Redefining \dots on input line 489.
LaTeX Info: Redefining \cdots on input line 610.
\Mathstrutbox@=\box45
\strutbox@=\box46
\big@size=\dimen154
LaTeX Font Info:    Redeclaring font encoding OML on input line 733.
LaTeX Font Info:    Redeclaring font encoding OMS on input line 734.
\macc@depth=\count187
\c@MaxMatrixCols=\count188
\dotsspace@=\muskip16
\c@parentequation=\count189
\dspbrk@lvl=\count190
\tag@help=\toks21
\row@=\count191
\column@=\count192
\maxfields@=\count193
\andhelp@=\toks22
\eqnshift@=\dimen155
\alignsep@=\dimen156
\tagshift@=\dimen157
\tagwidth@=\dimen158
\totwidth@=\dimen159
\lineht@=\dimen160
\@envbody=\toks23
\multlinegap=\skip50
\multlinetaggap=\skip51
\mathdisplay@stack=\toks24
LaTeX Info: Redefining \[ on input line 2859.
LaTeX Info: Redefining \] on input line 2860.
) (/usr/share/texlive/texmf-dist/tex/latex/amsfonts/amssymb.sty
Package: amssymb 2013/01/14 v3.01 AMS font symbols
 (/usr/share/texlive/texmf-dist/tex/latex/amsfonts/amsfonts.sty
Package: amsfonts 2013/01/14 v3.01 Basic AMSFonts support
\symAMSa=\mathgroup4
\symAMSb=\mathgroup5
LaTeX Font Info:    Redeclaring math symbol \hbar on input line 98.
LaTeX Font Info:    Overwriting math alphabet `\mathfrak' in version `bold'
(Font)                  U/euf/m/n --> U/euf/b/n on input line 106.
)) (/usr/share/texlive/texmf-dist/tex/latex/amscls/amsthm.sty
Package: amsthm 2017/10/31 v2.20.4
\thm@style=\toks25
\thm@bodyfont=\toks26
\thm@headfont=\toks27
\thm@notefont=\toks28
\thm@headpunct=\toks29
\thm@preskip=\skip52
\thm@postskip=\skip53
\thm@headsep=\skip54
\dth@everypar=\toks30
) (/usr/share/texlive/texmf-dist/tex/latex/steinmetz/steinmetz.sty
Package: steinmetz 2009/06/14 v1.0 Steinmetz symbol for electrotechnics
 (/usr/share/texlive/texmf-dist/tex/latex/pict2e/pict2e.sty
Package: pict2e 2019/08/20 v0.3c Improved picture commands (HjG,RN,JT)
 (/usr/share/texlive/texmf-dist/tex/latex/pict2e/pict2e.cfg
File: pict2e.cfg 2016/02/05 v0.1u pict2e configuration for teTeX/TeXLive
)
Package pict2e Info: Driver file: pdftex.def on input line 119.
Package pict2e Info: Driver file for pict2e: p2e-pdftex.def on input line 121.
 (/usr/share/texlive/texmf-dist/tex/latex/pict2e/p2e-pdftex.def
File: p2e-pdftex.def 2016/02/05 v0.1u Driver-dependant file (RN,HjG,JT)
)
\pIIe@GRAPH=\toks31
\@arclen=\dimen161
\@arcrad=\dimen162
\@tempdimd=\dimen163
)
\stm@phasebox=\box47
\stm@phasedp=\skip55
\stm@phaseht=\skip56
\stm@phasetot=\skip57
\stm@phasewd=\skip58
) (/usr/share/texlive/texmf-dist/tex/latex/oberdiek/stackrel.sty
Package: stackrel 2016/05/16 v1.3 Adding subscript option to stackrel (HO)
 (/usr/share/texlive/texmf-dist/tex/generic/etexcmds/etexcmds.sty
Package: etexcmds 2019/12/15 v1.7 Avoid name clashes with e-TeX commands (HO)
 (/usr/share/texlive/texmf-dist/tex/generic/infwarerr/infwarerr.sty
Package: infwarerr 2019/12/03 v1.5 Providing info/warning/error messages (HO)
)) (/usr/share/texlive/texmf-dist/tex/latex/pdftexcmds/pdftexcmds.sty
Package: pdftexcmds 2019/11/24 v0.31 Utility functions of pdfTeX for LuaTeX (HO)
 (/usr/share/texlive/texmf-dist/tex/generic/ltxcmds/ltxcmds.sty
Package: ltxcmds 2019/12/15 v1.24 LaTeX kernel commands for general use (HO)
)
Package pdftexcmds Info: \pdf@primitive is available.
Package pdftexcmds Info: \pdf@ifprimitive is available.
Package pdftexcmds Info: \pdfdraftmode found.
)) (/usr/share/texlive/texmf-dist/tex/latex/mathtools/mathtools.sty
Package: mathtools 2020/01/17 v1.23 mathematical typesetting tools
 (/usr/share/texlive/texmf-dist/tex/latex/tools/calc.sty
Package: calc 2017/05/25 v4.3 Infix arithmetic (KKT,FJ)
\calc@Acount=\count194
\calc@Bcount=\count195
\calc@Adimen=\dimen164
\calc@Bdimen=\dimen165
\calc@Askip=\skip59
\calc@Bskip=\skip60
LaTeX Info: Redefining \setlength on input line 80.
LaTeX Info: Redefining \addtolength on input line 81.
\calc@Ccount=\count196
\calc@Cskip=\skip61
) (/usr/share/texlive/texmf-dist/tex/latex/mathtools/mhsetup.sty
Package: mhsetup 2017/03/31 v1.3 programming setup (MH)
)
LaTeX Info: Thecontrolsequence`\('isalreadyrobust on input line 129.
LaTeX Info: Thecontrolsequence`\)'isalreadyrobust on input line 129.
LaTeX Info: Thecontrolsequence`\['isalreadyrobust on input line 129.
LaTeX Info: Thecontrolsequence`\]'isalreadyrobust on input line 129.
\g_MT_multlinerow_int=\count197
\l_MT_multwidth_dim=\dimen166
\origjot=\skip62
\l_MT_shortvdotswithinadjustabove_dim=\dimen167
\l_MT_shortvdotswithinadjustbelow_dim=\dimen168
\l_MT_above_intertext_sep=\dimen169
\l_MT_below_intertext_sep=\dimen170
\l_MT_above_shortintertext_sep=\dimen171
\l_MT_below_shortintertext_sep=\dimen172
) (/usr/share/texlive/texmf-dist/tex/generic/babel/babel.sty
Package: babel 2020/02/14 3.40 The Babel package
 (/usr/share/texlive/texmf-dist/tex/generic/babel/switch.def
File: switch.def 2020/02/14 3.40 Babel switching mechanism
) (/usr/share/texlive/texmf-dist/tex/generic/babel-french/french.ldf
Language: french 2020/01/30 v3.5g French support from the babel system
 (/usr/share/texlive/texmf-dist/tex/generic/babel/babel.def
File: babel.def 2020/02/14 3.40 Babel common definitions
\babel@savecnt=\count198
\U@D=\dimen173
 (/usr/share/texlive/texmf-dist/tex/generic/babel/txtbabel.def)
\bbl@readstream=\read3
\bbl@dirlevel=\count199
)
Package babel Info: \l@acadian = using hyphenrules for french
(babel)             (\language12) on input line 91.
Package babel Info: \l@canadien = using hyphenrules for french
(babel)             (\language12) on input line 92.
\FB@nonchar=\count266
Package babel Info: Making : an active character on input line 419.
Package babel Info: Making ; an active character on input line 420.
Package babel Info: Making ! an active character on input line 421.
Package babel Info: Making ? an active character on input line 422.
\FBguill@level=\count267
\FBold@everypar=\toks32
\FB@Mht=\dimen174
\mc@charclass=\count268
\mc@charfam=\count269
\mc@charslot=\count270
\std@mcc=\count271
\dec@mcc=\count272
\c@FBcaption@count=\count273
\listindentFB=\dimen175
\descindentFB=\dimen176
\labelindentFB=\dimen177
\labelwidthFB=\dimen178
\leftmarginFB=\dimen179
\parindentFFN=\dimen180
\FBfnindent=\dimen181
) (/usr/share/texlive/texmf-dist/tex/generic/babel-italian/italian.ldf
Language: italian 2019/11/16 v.1.4.03 Italian support for the babel system
\it@lettering=\count274
\it@doublequoteactive=\count275
\it@ISOcompliance=\count276
)) (/usr/share/texlive/texmf-dist/tex/latex/carlisle/scalefnt.sty) (/usr/share/texlive/texmf-dist/tex/latex/etoolbox/etoolbox.sty
Package: etoolbox 2019/09/21 v2.5h e-TeX tools for LaTeX (JAW)
\etb@tempcnta=\count277
) (/usr/share/texlive/texmf-dist/tex/latex/l3backend/l3backend-pdfmode.def
File: l3backend-pdfmode.def 2020-02-03 L3 backend support: PDF mode
\l__kernel_color_stack_int=\count278
\l__pdf_internal_box=\box48
) (/home/alessandromatteo_rossi/LOEFM/Elettronica_Sbobina/sbobina.aux)
\openout1 = `sbobina.aux'.

LaTeX Font Info:    Checking defaults for OML/cmm/m/it on input line 28.
LaTeX Font Info:    ... okay on input line 28.
LaTeX Font Info:    Checking defaults for OMS/cmsy/m/n on input line 28.
LaTeX Font Info:    ... okay on input line 28.
LaTeX Font Info:    Checking defaults for OT1/cmr/m/n on input line 28.
LaTeX Font Info:    ... okay on input line 28.
LaTeX Font Info:    Checking defaults for T1/cmr/m/n on input line 28.
LaTeX Font Info:    ... okay on input line 28.
LaTeX Font Info:    Checking defaults for TS1/cmr/m/n on input line 28.
LaTeX Font Info:    ... okay on input line 28.
LaTeX Font Info:    Checking defaults for OMX/cmex/m/n on input line 28.
LaTeX Font Info:    ... okay on input line 28.
LaTeX Font Info:    Checking defaults for U/cmr/m/n on input line 28.
LaTeX Font Info:    ... okay on input line 28.

*geometry* driver: auto-detecting
*geometry* detected driver: pdftex
*geometry* verbose mode - [ preamble ] result:
* driver: pdftex
* paper: a4paper
* layout: <same size as paper>
* layoutoffset:(h,v)=(0.0pt,0.0pt)
* modes: 
* h-part:(L,W,R)=(89.62709pt, 418.25368pt, 89.6271pt)
* v-part:(T,H,B)=(101.40665pt, 591.5302pt, 152.11pt)
* \paperwidth=597.50787pt
* \paperheight=845.04684pt
* \textwidth=418.25368pt
* \textheight=591.5302pt
* \oddsidemargin=17.3571pt
* \evensidemargin=17.3571pt
* \topmargin=-7.86334pt
* \headheight=12.0pt
* \headsep=25.0pt
* \topskip=10.0pt
* \footskip=30.0pt
* \marginparwidth=65.0pt
* \marginparsep=11.0pt
* \columnsep=10.0pt
* \skip\footins=9.0pt plus 4.0pt minus 2.0pt
* \hoffset=0.0pt
* \voffset=0.0pt
* \mag=1000
* \@twocolumnfalse
* \@twosidefalse
* \@mparswitchfalse
* \@reversemarginfalse
* (1in=72.27pt=25.4mm, 1cm=28.453pt)

(/usr/share/texlive/texmf-dist/tex/context/base/mkii/supp-pdf.mkii
[Loading MPS to PDF converter (version 2006.09.02).]
\scratchcounter=\count279
\scratchdimen=\dimen182
\scratchbox=\box49
\nofMPsegments=\count280
\nofMParguments=\count281
\everyMPshowfont=\toks33
\MPscratchCnt=\count282
\MPscratchDim=\dimen183
\MPnumerator=\count283
\makeMPintoPDFobject=\count284
\everyMPtoPDFconversion=\toks34
) (/usr/share/texlive/texmf-dist/tex/latex/epstopdf-pkg/epstopdf-base.sty
Package: epstopdf-base 2020-01-24 v2.11 Base part for package epstopdf
Package epstopdf-base Info: Redefining graphics rule for `.eps' on input line 485.
 (/usr/share/texlive/texmf-dist/tex/latex/latexconfig/epstopdf-sys.cfg
File: epstopdf-sys.cfg 2010/07/13 v1.3 Configuration of (r)epstopdf for TeX Live
))
Package caption Info: Begin \AtBeginDocument code.
Package caption Info: End \AtBeginDocument code.
LaTeX Info: Redefining \degres on input line 28.


Package french.ldf Warning: Figures' and tables' captions might look like
(french.ldf)                `Figure 1:' in French instead of `Figure 1 :'.
(french.ldf)                If you have loaded any of the packages caption,
(french.ldf)                subcaption or floatrow BEFORE babel/french,
(french.ldf)                please move them AFTER babel/french.
(french.ldf)                If one of them is loaded by your class,
(french.ldf)                you can still add AFTER babel/french
(french.ldf)                \usepackage[labelsep=period]{caption} or
(french.ldf)                \usepackage[labelsep=endash]{caption} or
(french.ldf)                ... live with it; reported on input line 28.

LaTeX Info: Redefining \dots on input line 28.
LaTeX Info: Redefining \up on input line 28.
LaTeX Info: Redefining \it@ocap on input line 28.
LaTeX Info: Redefining \it@ccap on input line 28.
LaTeX Font Info:    Trying to load font information for U+msa on input line 29.
(/usr/share/texlive/texmf-dist/tex/latex/amsfonts/umsa.fd
File: umsa.fd 2013/01/14 v3.01 AMS symbols A
)
LaTeX Font Info:    Trying to load font information for U+msb on input line 29.
 (/usr/share/texlive/texmf-dist/tex/latex/amsfonts/umsb.fd
File: umsb.fd 2013/01/14 v3.01 AMS symbols B
)
<IM_relevant_xkcd.png, id=1, 506.6428pt x 651.93562pt>
File: IM_relevant_xkcd.png Graphic file (type png)
<use IM_relevant_xkcd.png>
Package pdftex.def Info: IM_relevant_xkcd.png  used on input line 34.
(pdftex.def)             Requested size: 303.98802pt x 391.16438pt.
 [1

{/var/lib/texmf/fonts/map/pdftex/updmap/pdftex.map} </home/alessandromatteo_rossi/LOEFM/Elettronica_Sbobina/IM_relevant_xkcd.PNG>] (/home/alessandromatteo_rossi/LOEFM/Elettronica_Sbobina/sbobina.toc)
\tf@toc=\write3
\openout3 = `sbobina.toc'.

 [2

]
<IM_generatori_tensione.png, id=19, 254.45062pt x 173.89969pt>
File: IM_generatori_tensione.png Graphic file (type png)
<use IM_generatori_tensione.png>
Package pdftex.def Info: IM_generatori_tensione.png  used on input line 63.
(pdftex.def)             Requested size: 152.67154pt x 104.3406pt.
<IM_generatori_corrente.png, id=20, 215.30438pt x 145.29282pt>
File: IM_generatori_corrente.png Graphic file (type png)
<use IM_generatori_corrente.png>
Package pdftex.def Info: IM_generatori_corrente.png  used on input line 85.
(pdftex.def)             Requested size: 129.18361pt x 87.17635pt.
 [3

 </home/alessandromatteo_rossi/LOEFM/Elettronica_Sbobina/IM_generatori_tensione.PNG> </home/alessandromatteo_rossi/LOEFM/Elettronica_Sbobina/IM_generatori_corrente.PNG>]
<IM_resistore.png, id=32, 136.25906pt x 213.04594pt>
File: IM_resistore.png Graphic file (type png)
<use IM_resistore.png>
Package pdftex.def Info: IM_resistore.png  used on input line 110.
(pdftex.def)             Requested size: 95.38068pt x 149.13113pt.
 [4

 </home/alessandromatteo_rossi/LOEFM/Elettronica_Sbobina/IM_resistore.PNG>]
<IM_condensatore.png, id=38, 162.6075pt x 151.3153pt>
File: IM_condensatore.png Graphic file (type png)
<use IM_condensatore.png>
Package pdftex.def Info: IM_condensatore.png  used on input line 161.
(pdftex.def)             Requested size: 105.69362pt x 98.35378pt.
<IM_induttore.png, id=39, 143.03438pt x 194.97844pt>
File: IM_induttore.png Graphic file (type png)
<use IM_induttore.png>
Package pdftex.def Info: IM_induttore.png  used on input line 194.
(pdftex.def)             Requested size: 85.82127pt x 116.98795pt.
 [5 </home/alessandromatteo_rossi/LOEFM/Elettronica_Sbobina/IM_condensatore.PNG> </home/alessandromatteo_rossi/LOEFM/Elettronica_Sbobina/IM_induttore.PNG>]
<IM_circuito_RC.png, id=45, 210.7875pt x 169.38281pt>
File: IM_circuito_RC.png Graphic file (type png)
<use IM_circuito_RC.png>
Package pdftex.def Info: IM_circuito_RC.png  used on input line 230.
(pdftex.def)             Requested size: 147.55025pt x 118.56714pt.
 [6 </home/alessandromatteo_rossi/LOEFM/Elettronica_Sbobina/IM_circuito_RC.PNG>]
<IM_circuito_RC_chiuso.png, id=52, 204.01219pt x 128.73094pt>
File: IM_circuito_RC_chiuso.png Graphic file (type png)
<use IM_circuito_RC_chiuso.png>
Package pdftex.def Info: IM_circuito_RC_chiuso.png  used on input line 249.
(pdftex.def)             Requested size: 142.80756pt x 90.11102pt.
<IM_circuito_RL.png, id=53, 194.22563pt x 152.06813pt>
File: IM_circuito_RL.png Graphic file (type png)
<use IM_circuito_RL.png>
Package pdftex.def Info: IM_circuito_RL.png  used on input line 276.
(pdftex.def)             Requested size: 135.957pt x 106.44695pt.
 [7 </home/alessandromatteo_rossi/LOEFM/Elettronica_Sbobina/IM_circuito_RC_chiuso.PNG> </home/alessandromatteo_rossi/LOEFM/Elettronica_Sbobina/IM_circuito_RL.PNG>]
<IM_circuito_RL_chiuso.png, id=63, 195.73125pt x 154.32657pt>
File: IM_circuito_RL_chiuso.png Graphic file (type png)
<use IM_circuito_RL_chiuso.png>
Package pdftex.def Info: IM_circuito_RL_chiuso.png  used on input line 295.
(pdftex.def)             Requested size: 137.01093pt x 108.02785pt.
 [8 </home/alessandromatteo_rossi/LOEFM/Elettronica_Sbobina/IM_circuito_RL_chiuso.PNG>]
<IM_kirchhoff_nodi.png, id=68, 298.11375pt x 255.95625pt>
File: IM_kirchhoff_nodi.png Graphic file (type png)
<use IM_kirchhoff_nodi.png>
Package pdftex.def Info: IM_kirchhoff_nodi.png  used on input line 331.
(pdftex.def)             Requested size: 119.24338pt x 102.38068pt.
<IM_kirchhoff_rami.png, id=69, 339.51843pt x 300.3722pt>
File: IM_kirchhoff_rami.png Graphic file (type png)
<use IM_kirchhoff_rami.png>
Package pdftex.def Info: IM_kirchhoff_rami.png  used on input line 341.
(pdftex.def)             Requested size: 135.80496pt x 120.14674pt.
<IM_kirchhoff_maglie.png, id=70, 328.22626pt x 289.08pt>
File: IM_kirchhoff_maglie.png Graphic file (type png)
<use IM_kirchhoff_maglie.png>
Package pdftex.def Info: IM_kirchhoff_maglie.png  used on input line 351.
(pdftex.def)             Requested size: 131.28816pt x 115.62994pt.
 [9 </home/alessandromatteo_rossi/LOEFM/Elettronica_Sbobina/IM_kirchhoff_nodi.png> </home/alessandromatteo_rossi/LOEFM/Elettronica_Sbobina/IM_kirchhoff_rami.png> </home/alessandromatteo_rossi/LOEFM/Elettronica_Sbobina/IM_kirchhoff_maglie.png>]
<IM_circuiti_partitori.png, id=74, 496.10344pt x 96.36pt>
File: IM_circuiti_partitori.png Graphic file (type png)
<use IM_circuiti_partitori.png>
Package pdftex.def Info: IM_circuiti_partitori.png  used on input line 393.
(pdftex.def)             Requested size: 347.27003pt x 67.45152pt.
<IM_circuiti_partitori_bis.png, id=75, 486.31688pt x 115.18031pt>
File: IM_circuiti_partitori_bis.png Graphic file (type png)
<use IM_circuiti_partitori_bis.png>
Package pdftex.def Info: IM_circuiti_partitori_bis.png  used on input line 421.
(pdftex.def)             Requested size: 340.4195pt x 80.62564pt.


LaTeX Warning: `h' float specifier changed to `ht'.

[10 </home/alessandromatteo_rossi/LOEFM/Elettronica_Sbobina/IM_circuiti_partitori.PNG>] [11 </home/alessandromatteo_rossi/LOEFM/Elettronica_Sbobina/IM_circuiti_partitori_bis.PNG>]
<IM_generatori_reali_tensione.png, id=84, 251.43938pt x 199.49532pt>
File: IM_generatori_reali_tensione.png Graphic file (type png)
<use IM_generatori_reali_tensione.png>
Package pdftex.def Info: IM_generatori_reali_tensione.png  used on input line 468.
(pdftex.def)             Requested size: 125.71938pt x 99.7474pt.
<IM_generatori_reali_corrente.png, id=85, 239.39438pt x 213.04594pt>
File: IM_generatori_reali_corrente.png Graphic file (type png)
<use IM_generatori_reali_corrente.png>
Package pdftex.def Info: IM_generatori_reali_corrente.png  used on input line 488.
(pdftex.def)             Requested size: 119.69688pt x 106.5227pt.
 [12

 </home/alessandromatteo_rossi/LOEFM/Elettronica_Sbobina/IM_generatori_reali_tensione.PNG> </home/alessandromatteo_rossi/LOEFM/Elettronica_Sbobina/IM_generatori_reali_corrente.PNG>]
<IM_Thevenin_Norton.png, id=91, 543.53062pt x 150.5625pt>
File: IM_Thevenin_Norton.png Graphic file (type png)
<use IM_Thevenin_Norton.png>
Package pdftex.def Info: IM_Thevenin_Norton.png  used on input line 519.
(pdftex.def)             Requested size: 380.46883pt x 105.39302pt.
<IM_Thevenin_Norton_bis.png, id=92, 584.1825pt x 145.29282pt>
File: IM_Thevenin_Norton_bis.png Graphic file (type png)
<use IM_Thevenin_Norton_bis.png>
Package pdftex.def Info: IM_Thevenin_Norton_bis.png  used on input line 539.
(pdftex.def)             Requested size: 408.92496pt x 101.70427pt.
 [13

 </home/alessandromatteo_rossi/LOEFM/Elettronica_Sbobina/IM_Thevenin_Norton.PNG> </home/alessandromatteo_rossi/LOEFM/Elettronica_Sbobina/IM_Thevenin_Norton_bis.PNG>]
<IM_Thevenin_Norton_ter.png, id=99, 493.0922pt x 282.30469pt>
File: IM_Thevenin_Norton_ter.png Graphic file (type png)
<use IM_Thevenin_Norton_ter.png>
Package pdftex.def Info: IM_Thevenin_Norton_ter.png  used on input line 561.
(pdftex.def)             Requested size: 295.85759pt x 169.38411pt.
<IM_Thevenin_Norton_quater.png, id=100, 459.96844pt x 242.40562pt>
File: IM_Thevenin_Norton_quater.png Graphic file (type png)
<use IM_Thevenin_Norton_quater.png>
Package pdftex.def Info: IM_Thevenin_Norton_quater.png  used on input line 569.
(pdftex.def)             Requested size: 298.97594pt x 157.56177pt.
 [14

 </home/alessandromatteo_rossi/LOEFM/Elettronica_Sbobina/IM_Thevenin_Norton_ter.PNG> </home/alessandromatteo_rossi/LOEFM/Elettronica_Sbobina/IM_Thevenin_Norton_quater.PNG>]
<IM_impedenze.png, id=105, 532.23843pt x 195.73125pt>
File: IM_impedenze.png Graphic file (type png)
<use IM_impedenze.png>
Package pdftex.def Info: IM_impedenze.png  used on input line 605.
(pdftex.def)             Requested size: 319.34552pt x 117.43964pt.
<IM_effetto_di_carico.png, id=106, 536.0025pt x 211.54031pt>
File: IM_effetto_di_carico.png Graphic file (type png)
<use IM_effetto_di_carico.png>
Package pdftex.def Info: IM_effetto_di_carico.png  used on input line 623.
(pdftex.def)             Requested size: 321.60397pt x 126.92516pt.
 [15

 </home/alessandromatteo_rossi/LOEFM/Elettronica_Sbobina/IM_impedenze.PNG> </home/alessandromatteo_rossi/LOEFM/Elettronica_Sbobina/IM_effetto_di_carico.PNG>]
<IM_impedenza_ottimale.png, id=112, 417.81094pt x 119.69719pt>
File: IM_impedenza_ottimale.png Graphic file (type png)
<use IM_impedenza_ottimale.png>
Package pdftex.def Info: IM_impedenza_ottimale.png  used on input line 640.
(pdftex.def)             Requested size: 292.46567pt x 83.78745pt.
<IM_elementi_RLC_bis.png, id=113, 615.80063pt x 258.9675pt>
File: IM_elementi_RLC_bis.png Graphic file (type png)
<use IM_elementi_RLC_bis.png>
Package pdftex.def Info: IM_elementi_RLC_bis.png  used on input line 667.
(pdftex.def)             Requested size: 431.0575pt x 181.27599pt.

Overfull \hbox (12.80382pt too wide) in paragraph at lines 667--668
 [][] 
 []

[16

 </home/alessandromatteo_rossi/LOEFM/Elettronica_Sbobina/IM_impedenza_ottimale.PNG> </home/alessandromatteo_rossi/LOEFM/Elettronica_Sbobina/IM_elementi_RLC_bis.PNG>]
<IM_grafico_impedenze.png, id=119, 584.1825pt x 271.76532pt>
File: IM_grafico_impedenze.png Graphic file (type png)
<use IM_grafico_impedenze.png>
Package pdftex.def Info: IM_grafico_impedenze.png  used on input line 709.
(pdftex.def)             Requested size: 408.92496pt x 190.23442pt.
 [17 </home/alessandromatteo_rossi/LOEFM/Elettronica_Sbobina/IM_grafico_impedenze.PNG>]
<IM_doppio_dipolo.png, id=126, 197.23688pt x 130.98938pt>
File: IM_doppio_dipolo.png Graphic file (type png)
<use IM_doppio_dipolo.png>
Package pdftex.def Info: IM_doppio_dipolo.png  used on input line 734.
(pdftex.def)             Requested size: 138.06485pt x 91.69193pt.
<IM_funzioni_trasferimento.png, id=127, 604.50844pt x 208.52907pt>
File: IM_funzioni_trasferimento.png Graphic file (type png)
<use IM_funzioni_trasferimento.png>
Package pdftex.def Info: IM_funzioni_trasferimento.png  used on input line 756.
(pdftex.def)             Requested size: 423.15302pt x 145.96935pt.

Overfull \hbox (4.89934pt too wide) in paragraph at lines 756--757
 [][] 
 []

<IM_circuito_complesso.png, id=128, 603.75563pt x 170.13562pt>
File: IM_circuito_complesso.png Graphic file (type png)
<use IM_circuito_complesso.png>
Package pdftex.def Info: IM_circuito_complesso.png  used on input line 770.
(pdftex.def)             Requested size: 422.62605pt x 119.0941pt.

Overfull \hbox (4.37238pt too wide) in paragraph at lines 770--771
 [][] 
 []


LaTeX Warning: `h' float specifier changed to `ht'.

[18

 </home/alessandromatteo_rossi/LOEFM/Elettronica_Sbobina/IM_doppio_dipolo.PNG> </home/alessandromatteo_rossi/LOEFM/Elettronica_Sbobina/IM_funzioni_trasferimento.PNG>]
<IM_doppio_dipolo_tempo.png, id=134, 275.52937pt x 173.14688pt>
File: IM_doppio_dipolo_tempo.png Graphic file (type png)
<use IM_doppio_dipolo_tempo.png>
Package pdftex.def Info: IM_doppio_dipolo_tempo.png  used on input line 788.
(pdftex.def)             Requested size: 192.86923pt x 121.20198pt.
 [19 </home/alessandromatteo_rossi/LOEFM/Elettronica_Sbobina/IM_circuito_complesso.PNG> </home/alessandromatteo_rossi/LOEFM/Elettronica_Sbobina/IM_doppio_dipolo_tempo.PNG>]
<IM_trasformata_fourier.png, id=141, 304.13625pt x 237.13594pt>
File: IM_trasformata_fourier.png Graphic file (type png)
<use IM_trasformata_fourier.png>
Package pdftex.def Info: IM_trasformata_fourier.png  used on input line 815.
(pdftex.def)             Requested size: 212.8939pt x 165.994pt.
 [20

 </home/alessandromatteo_rossi/LOEFM/Elettronica_Sbobina/IM_trasformata_fourier.PNG>]
<IM_GND.png, id=147, 1284.8pt x 963.6pt>
File: IM_GND.png Graphic file (type png)
<use IM_GND.png>
Package pdftex.def Info: IM_GND.png  used on input line 850.
(pdftex.def)             Requested size: 128.48752pt x 96.36565pt.
<IM_impedenze_bis.png, id=148, 576.65437pt x 182.93344pt>
File: IM_impedenze_bis.png Graphic file (type png)
<use IM_impedenze_bis.png>
Package pdftex.def Info: IM_impedenze_bis.png  used on input line 862.
(pdftex.def)             Requested size: 403.6553pt x 128.05252pt.
 [21

 </home/alessandromatteo_rossi/LOEFM/Elettronica_Sbobina/IM_GND.png> </home/alessandromatteo_rossi/LOEFM/Elettronica_Sbobina/IM_impedenze_bis.PNG>]
<IM_circuito_RC_passivo.png, id=154, 263.48438pt x 205.5178pt>
File: IM_circuito_RC_passivo.png Graphic file (type png)
<use IM_circuito_RC_passivo.png>
Package pdftex.def Info: IM_circuito_RC_passivo.png  used on input line 871.
(pdftex.def)             Requested size: 158.09183pt x 123.31163pt.
<IM_circuito_RC_passivo_grafici.png, id=155, 585.68813pt x 278.54062pt>
File: IM_circuito_RC_passivo_grafici.png Graphic file (type png)
<use IM_circuito_RC_passivo_grafici.png>
Package pdftex.def Info: IM_circuito_RC_passivo_grafici.png  used on input line 887.
(pdftex.def)             Requested size: 351.41559pt x 167.12566pt.
 [22

 </home/alessandromatteo_rossi/LOEFM/Elettronica_Sbobina/IM_circuito_RC_passivo.PNG> </home/alessandromatteo_rossi/LOEFM/Elettronica_Sbobina/IM_circuito_RC_passivo_grafici.PNG>]
<IM_circuito_CR_passivo.png, id=161, 271.0125pt x 197.23688pt>
File: IM_circuito_CR_passivo.png Graphic file (type png)
<use IM_circuito_CR_passivo.png>
Package pdftex.def Info: IM_circuito_CR_passivo.png  used on input line 897.
(pdftex.def)             Requested size: 162.60875pt x 118.34302pt.
<IM_circuito_CR_passivo_grafici.png, id=162, 588.69937pt x 271.0125pt>
File: IM_circuito_CR_passivo_grafici.png Graphic file (type png)
<use IM_circuito_CR_passivo_grafici.png>
Package pdftex.def Info: IM_circuito_CR_passivo_grafici.png  used on input line 913.
(pdftex.def)             Requested size: 412.08675pt x 189.70744pt.
 [23

 </home/alessandromatteo_rossi/LOEFM/Elettronica_Sbobina/IM_circuito_CR_passivo.PNG> </home/alessandromatteo_rossi/LOEFM/Elettronica_Sbobina/IM_circuito_CR_passivo_grafici.PNG>]
<IM_circuito_RL_passivo.png, id=168, 272.51813pt x 213.04594pt>
File: IM_circuito_RL_passivo.png Graphic file (type png)
<use IM_circuito_RL_passivo.png>
Package pdftex.def Info: IM_circuito_RL_passivo.png  used on input line 923.
(pdftex.def)             Requested size: 163.51213pt x 127.82854pt.
<IM_circuito_RL_passivo_grafici.png, id=169, 581.17125pt x 275.52937pt>
File: IM_circuito_RL_passivo_grafici.png Graphic file (type png)
<use IM_circuito_RL_passivo_grafici.png>
Package pdftex.def Info: IM_circuito_RL_passivo_grafici.png  used on input line 940.
(pdftex.def)             Requested size: 348.70544pt x 165.3189pt.
 [24

 </home/alessandromatteo_rossi/LOEFM/Elettronica_Sbobina/IM_circuito_RL_passivo.PNG> </home/alessandromatteo_rossi/LOEFM/Elettronica_Sbobina/IM_circuito_RL_passivo_grafici.PNG>]
<IM_circuito_LR_passivo.png, id=175, 269.50688pt x 205.5178pt>
File: IM_circuito_LR_passivo.png Graphic file (type png)
<use IM_circuito_LR_passivo.png>
Package pdftex.def Info: IM_circuito_LR_passivo.png  used on input line 950.
(pdftex.def)             Requested size: 148.22923pt x 113.03514pt.
<IM_circuito_LR_passivo_grafici.png, id=176, 584.1825pt x 272.51813pt>
File: IM_circuito_LR_passivo_grafici.png Graphic file (type png)
<use IM_circuito_LR_passivo_grafici.png>
Package pdftex.def Info: IM_circuito_LR_passivo_grafici.png  used on input line 968.
(pdftex.def)             Requested size: 408.92496pt x 190.76138pt.
 [25

 </home/alessandromatteo_rossi/LOEFM/Elettronica_Sbobina/IM_circuito_LR_passivo.PNG> </home/alessandromatteo_rossi/LOEFM/Elettronica_Sbobina/IM_circuito_LR_passivo_grafici.PNG>]
<IM_circuito_risonante_serie_LC.png, id=183, 278.54062pt x 208.52907pt>
File: IM_circuito_risonante_serie_LC.png Graphic file (type png)
<use IM_circuito_risonante_serie_LC.png>
Package pdftex.def Info: IM_circuito_risonante_serie_LC.png  used on input line 991.
(pdftex.def)             Requested size: 139.26996pt x 104.26427pt.

Overfull \hbox (0.2334pt too wide) detected at line 1008
\OML/cmm/m/it/10 H\OT1/cmr/m/n/10 (\OML/cmm/m/it/10 s\OT1/cmr/m/n/10 ) = []  \OMS/cmsy/m/n/10 j\OML/cmm/m/it/10 H\OT1/cmr/m/n/10 (\OML/cmm/m/it/10 s\OT1/cmr/m/n/10 )\OMS/cmsy/m/n/10 j \OT1/cmr/m/n/10 = []   \U/msa/m/n/10 ]\OT1/cmr/m/n/10 (\OML/cmm/m/it/10 H\OT1/cmr/m/n/10 (\OML/cmm/m/it/10 j!\OT1/cmr/m/n/10 )) = []
 []

<IM_circuito_risonante_serie_LC_grafici.png, id=184, 620.3175pt x 294.34969pt>
File: IM_circuito_risonante_serie_LC_grafici.png Graphic file (type png)
<use IM_circuito_risonante_serie_LC_grafici.png>
Package pdftex.def Info: IM_circuito_risonante_serie_LC_grafici.png  used on input line 1013.
(pdftex.def)             Requested size: 341.17569pt x 161.89282pt.
[26

 </home/alessandromatteo_rossi/LOEFM/Elettronica_Sbobina/IM_circuito_risonante_serie_LC.PNG> </home/alessandromatteo_rossi/LOEFM/Elettronica_Sbobina/IM_circuito_risonante_serie_LC_grafici.PNG>]
<IM_circuito_risonante_serie_CL.png, id=190, 279.29344pt x 205.5178pt>
File: IM_circuito_risonante_serie_CL.png Graphic file (type png)
<use IM_circuito_risonante_serie_CL.png>
Package pdftex.def Info: IM_circuito_risonante_serie_CL.png  used on input line 1024.
(pdftex.def)             Requested size: 139.64638pt x 102.75865pt.

Overfull \hbox (8.0112pt too wide) detected at line 1041
\OML/cmm/m/it/10 H\OT1/cmr/m/n/10 (\OML/cmm/m/it/10 s\OT1/cmr/m/n/10 ) = \OMS/cmsy/m/n/10 ^^@[]  j\OML/cmm/m/it/10 H\OT1/cmr/m/n/10 (\OML/cmm/m/it/10 s\OT1/cmr/m/n/10 )\OMS/cmsy/m/n/10 j \OT1/cmr/m/n/10 = []   \U/msa/m/n/10 ]\OT1/cmr/m/n/10 (\OML/cmm/m/it/10 H\OT1/cmr/m/n/10 (\OML/cmm/m/it/10 j!\OT1/cmr/m/n/10 )) = []
 []

<IM_circuito_risonante_serie_CL_grafici.png, id=191, 619.56468pt x 285.31593pt>
File: IM_circuito_risonante_serie_CL_grafici.png Graphic file (type png)
<use IM_circuito_risonante_serie_CL_grafici.png>
Package pdftex.def Info: IM_circuito_risonante_serie_CL_grafici.png  used on input line 1046.
(pdftex.def)             Requested size: 340.76161pt x 156.92424pt.
[27

 </home/alessandromatteo_rossi/LOEFM/Elettronica_Sbobina/IM_circuito_risonante_serie_CL.PNG> </home/alessandromatteo_rossi/LOEFM/Elettronica_Sbobina/IM_circuito_risonante_serie_CL_grafici.PNG>]
<IM_circuito_risonante_serie_RLC.png, id=197, 304.13625pt x 234.1247pt>
File: IM_circuito_risonante_serie_RLC.png Graphic file (type png)
<use IM_circuito_risonante_serie_RLC.png>
Package pdftex.def Info: IM_circuito_risonante_serie_RLC.png  used on input line 1057.
(pdftex.def)             Requested size: 145.98373pt x 112.37857pt.
<IM_circuito_risonante_serie_RLC_grafici.png, id=198, 611.28375pt x 279.29344pt>
File: IM_circuito_risonante_serie_RLC_grafici.png Graphic file (type png)
<use IM_circuito_risonante_serie_RLC_grafici.png>
Package pdftex.def Info: IM_circuito_risonante_serie_RLC_grafici.png  used on input line 1080.
(pdftex.def)             Requested size: 293.41286pt x 134.05933pt.
 [28

 </home/alessandromatteo_rossi/LOEFM/Elettronica_Sbobina/IM_circuito_risonante_serie_RLC.PNG> </home/alessandromatteo_rossi/LOEFM/Elettronica_Sbobina/IM_circuito_risonante_serie_RLC_grafici.PNG>] [29]
<IM_circuito_risonante_parallelo_LC.png, id=207, 268.00125pt x 231.86626pt>
File: IM_circuito_risonante_parallelo_LC.png Graphic file (type png)
<use IM_circuito_risonante_parallelo_LC.png>
Package pdftex.def Info: IM_circuito_risonante_parallelo_LC.png  used on input line 1107.
(pdftex.def)             Requested size: 134.00029pt x 115.93283pt.

Overfull \hbox (1.50182pt too wide) detected at line 1124
\OML/cmm/m/it/10 H\OT1/cmr/m/n/10 (\OML/cmm/m/it/10 s\OT1/cmr/m/n/10 ) = []  \OMS/cmsy/m/n/10 j\OML/cmm/m/it/10 H\OT1/cmr/m/n/10 (\OML/cmm/m/it/10 s\OT1/cmr/m/n/10 )\OMS/cmsy/m/n/10 j \OT1/cmr/m/n/10 = []   \U/msa/m/n/10 ]\OT1/cmr/m/n/10 (\OML/cmm/m/it/10 H\OT1/cmr/m/n/10 (\OML/cmm/m/it/10 j!\OT1/cmr/m/n/10 )) = []
 []

<IM_circuito_risonante_parallelo_LC_grafici.png, id=208, 603.0028pt x 279.29344pt>
File: IM_circuito_risonante_parallelo_LC_grafici.png Graphic file (type png)
<use IM_circuito_risonante_parallelo_LC_grafici.png>
Package pdftex.def Info: IM_circuito_risonante_parallelo_LC_grafici.png  used on input line 1129.
(pdftex.def)             Requested size: 331.65256pt x 153.61186pt.
[30

 </home/alessandromatteo_rossi/LOEFM/Elettronica_Sbobina/IM_circuito_risonante_parallelo_LC.PNG> </home/alessandromatteo_rossi/LOEFM/Elettronica_Sbobina/IM_circuito_risonante_parallelo_LC_grafici.PNG>]
<IM_circuito_risonante_parallelo_RLC.png, id=214, 280.79906pt x 194.97844pt>
File: IM_circuito_risonante_parallelo_RLC.png Graphic file (type png)
<use IM_circuito_risonante_parallelo_RLC.png>
Package pdftex.def Info: IM_circuito_risonante_parallelo_RLC.png  used on input line 1139.
(pdftex.def)             Requested size: 140.39919pt x 97.48897pt.
<IM_circuito_risonante_parallelo_RLC_grafici.png, id=215, 597.73312pt x 286.82156pt>
File: IM_circuito_risonante_parallelo_RLC_grafici.png Graphic file (type png)
<use IM_circuito_risonante_parallelo_RLC_grafici.png>
Package pdftex.def Info: IM_circuito_risonante_parallelo_RLC_grafici.png  used on input line 1165.
(pdftex.def)             Requested size: 298.86583pt x 143.41042pt.
 [31

 </home/alessandromatteo_rossi/LOEFM/Elettronica_Sbobina/IM_circuito_risonante_parallelo_RLC.PNG> </home/alessandromatteo_rossi/LOEFM/Elettronica_Sbobina/IM_circuito_risonante_parallelo_RLC_grafici.PNG>] [32]
<IM_amplificatore_operazionale.png, id=225, 234.8775pt x 191.9672pt>
File: IM_amplificatore_operazionale.png Graphic file (type png)
<use IM_amplificatore_operazionale.png>
Package pdftex.def Info: IM_amplificatore_operazionale.png  used on input line 1193.
(pdftex.def)             Requested size: 164.41312pt x 134.37611pt.
<IM_amplificatore_operazionale_ideale.png, id=226, 212.29312pt x 134.75343pt>
File: IM_amplificatore_operazionale_ideale.png Graphic file (type png)
<use IM_amplificatore_operazionale_ideale.png>
Package pdftex.def Info: IM_amplificatore_operazionale_ideale.png  used on input line 1216.
(pdftex.def)             Requested size: 148.60417pt x 94.32675pt.
 [33

 </home/alessandromatteo_rossi/LOEFM/Elettronica_Sbobina/IM_amplificatore_operazionale.PNG> </home/alessandromatteo_rossi/LOEFM/Elettronica_Sbobina/IM_amplificatore_operazionale_ideale.PNG>]
<IM_amplificatore_operazionale_modello.png, id=232, 529.98pt x 242.40562pt>
File: IM_amplificatore_operazionale_modello.png Graphic file (type png)
<use IM_amplificatore_operazionale_modello.png>
Package pdftex.def Info: IM_amplificatore_operazionale_modello.png  used on input line 1238.
(pdftex.def)             Requested size: 291.48988pt x 133.32349pt.
<IM_amplificatore_operazionale_modello_bis.png, id=233, 599.23875pt x 225.84375pt>
File: IM_amplificatore_operazionale_modello_bis.png Graphic file (type png)
<use IM_amplificatore_operazionale_modello_bis.png>
Package pdftex.def Info: IM_amplificatore_operazionale_modello_bis.png  used on input line 1248.
(pdftex.def)             Requested size: 329.58234pt x 124.21443pt.
<IM_amplificatore_operazionale_meno_ideale.png, id=234, 227.34938pt x 203.25937pt>
File: IM_amplificatore_operazionale_meno_ideale.png Graphic file (type png)
<use IM_amplificatore_operazionale_meno_ideale.png>
Package pdftex.def Info: IM_amplificatore_operazionale_meno_ideale.png  used on input line 1258.
(pdftex.def)             Requested size: 136.41068pt x 121.95656pt.
 [34 </home/alessandromatteo_rossi/LOEFM/Elettronica_Sbobina/IM_amplificatore_operazionale_modello.PNG> </home/alessandromatteo_rossi/LOEFM/Elettronica_Sbobina/IM_amplificatore_operazionale_modello_bis.PNG>]
<IM_amplificatore_operazionale_grafico.png, id=239, 312.41719pt x 225.84375pt>
File: IM_amplificatore_operazionale_grafico.png Graphic file (type png)
<use IM_amplificatore_operazionale_grafico.png>
Package pdftex.def Info: IM_amplificatore_operazionale_grafico.png  used on input line 1279.
(pdftex.def)             Requested size: 171.82997pt x 124.21443pt.
 [35 </home/alessandromatteo_rossi/LOEFM/Elettronica_Sbobina/IM_amplificatore_operazionale_meno_ideale.PNG> </home/alessandromatteo_rossi/LOEFM/Elettronica_Sbobina/IM_amplificatore_operazionale_grafico.PNG>]
<IM_amplificatore_operazionale_carta_e_penna.png, id=245, 219.06844pt x 204.765pt>
File: IM_amplificatore_operazionale_carta_e_penna.png Graphic file (type png)
<use IM_amplificatore_operazionale_carta_e_penna.png>
Package pdftex.def Info: IM_amplificatore_operazionale_carta_e_penna.png  used on input line 1293.
(pdftex.def)             Requested size: 98.57988pt x 92.14339pt.
<IM_amplificatore_operazionale_reale.png, id=246, 599.23875pt x 286.82156pt>
File: IM_amplificatore_operazionale_reale.png Graphic file (type png)
<use IM_amplificatore_operazionale_reale.png>
Package pdftex.def Info: IM_amplificatore_operazionale_reale.png  used on input line 1311.
(pdftex.def)             Requested size: 341.56964pt x 163.48997pt.
 [36 </home/alessandromatteo_rossi/LOEFM/Elettronica_Sbobina/IM_amplificatore_operazionale_carta_e_penna.PNG> </home/alessandromatteo_rossi/LOEFM/Elettronica_Sbobina/IM_amplificatore_operazionale_reale.PNG>]
<IM_circuito_invertente.png, id=251, 376.40625pt x 205.5178pt>
File: IM_circuito_invertente.png Graphic file (type png)
<use IM_circuito_invertente.png>
Package pdftex.def Info: IM_circuito_invertente.png  used on input line 1328.
(pdftex.def)             Requested size: 263.48257pt x 143.86148pt.
 [37

 </home/alessandromatteo_rossi/LOEFM/Elettronica_Sbobina/IM_circuito_invertente.PNG>]
<IM_circuito_non_invertente.png, id=257, 356.83313pt x 231.11343pt>
File: IM_circuito_non_invertente.png Graphic file (type png)
<use IM_circuito_non_invertente.png>
Package pdftex.def Info: IM_circuito_non_invertente.png  used on input line 1365.
(pdftex.def)             Requested size: 249.78148pt x 161.77829pt.
 [38

 </home/alessandromatteo_rossi/LOEFM/Elettronica_Sbobina/IM_circuito_non_invertente.PNG>]
<IM_circuito_non_invertente_buffer.png, id=262, 292.84406pt x 224.33812pt>
File: IM_circuito_non_invertente_buffer.png Graphic file (type png)
<use IM_circuito_non_invertente_buffer.png>
Package pdftex.def Info: IM_circuito_non_invertente_buffer.png  used on input line 1404.
(pdftex.def)             Requested size: 204.98944pt x 157.03561pt.
 [39

 </home/alessandromatteo_rossi/LOEFM/Elettronica_Sbobina/IM_circuito_non_invertente_buffer.PNG>]
<IM_circuito_sommatore_invertente.png, id=267, 496.85625pt x 206.27063pt>
File: IM_circuito_sommatore_invertente.png Graphic file (type png)
<use IM_circuito_sommatore_invertente.png>
Package pdftex.def Info: IM_circuito_sommatore_invertente.png  used on input line 1427.
(pdftex.def)             Requested size: 347.797pt x 144.38844pt.
 [40

 </home/alessandromatteo_rossi/LOEFM/Elettronica_Sbobina/IM_circuito_sommatore_invertente.PNG>]
<IM_circuito_sottrattore.png, id=272, 452.4403pt x 194.22563pt>
File: IM_circuito_sottrattore.png Graphic file (type png)
<use IM_circuito_sottrattore.png>
Package pdftex.def Info: IM_circuito_sottrattore.png  used on input line 1456.
(pdftex.def)             Requested size: 316.70605pt x 135.957pt.
 [41

 </home/alessandromatteo_rossi/LOEFM/Elettronica_Sbobina/IM_circuito_sottrattore.PNG>]
File: IM_circuito_RC_passivo.png Graphic file (type png)
<use IM_circuito_RC_passivo.png>
Package pdftex.def Info: IM_circuito_RC_passivo.png  used on input line 1501.
(pdftex.def)             Requested size: 158.09183pt x 123.31163pt.
 [42

]
<IM_filtro_passa_basso_RC_attivo.png, id=280, 347.79938pt x 158.09062pt>
File: IM_filtro_passa_basso_RC_attivo.png Graphic file (type png)
<use IM_filtro_passa_basso_RC_attivo.png>
Package pdftex.def Info: IM_filtro_passa_basso_RC_attivo.png  used on input line 1533.
(pdftex.def)             Requested size: 243.4579pt x 110.66267pt.
 [43

 </home/alessandromatteo_rossi/LOEFM/Elettronica_Sbobina/IM_filtro_passa_basso_RC_attivo.PNG>]
<IM_filtro_passa_basso_RC_attivo_bis.png, id=286, 342.5297pt x 235.63031pt>
File: IM_filtro_passa_basso_RC_attivo_bis.png Graphic file (type png)
<use IM_filtro_passa_basso_RC_attivo_bis.png>
Package pdftex.def Info: IM_filtro_passa_basso_RC_attivo_bis.png  used on input line 1557.
(pdftex.def)             Requested size: 171.26442pt x 117.81487pt.
<IM_filtro_passa_basso_RC_attivo_grafici.png, id=287, 306.39468pt x 245.41687pt>
File: IM_filtro_passa_basso_RC_attivo_grafici.png Graphic file (type png)
<use IM_filtro_passa_basso_RC_attivo_grafici.png>
Package pdftex.def Info: IM_filtro_passa_basso_RC_attivo_grafici.png  used on input line 1571.
(pdftex.def)             Requested size: 183.83823pt x 147.25125pt.
 [44

 </home/alessandromatteo_rossi/LOEFM/Elettronica_Sbobina/IM_filtro_passa_basso_RC_attivo_bis.PNG> </home/alessandromatteo_rossi/LOEFM/Elettronica_Sbobina/IM_filtro_passa_basso_RC_attivo_grafici.PNG>]
<IM_filtro_integratore.png, id=293, 353.06906pt x 225.84375pt>
File: IM_filtro_integratore.png Graphic file (type png)
<use IM_filtro_integratore.png>
Package pdftex.def Info: IM_filtro_integratore.png  used on input line 1588.
(pdftex.def)             Requested size: 211.84306pt x 135.50728pt.
<IM_filtro_integratore_grafici.png, id=294, 316.93407pt x 253.69781pt>
File: IM_filtro_integratore_grafici.png Graphic file (type png)
<use IM_filtro_integratore_grafici.png>
Package pdftex.def Info: IM_filtro_integratore_grafici.png  used on input line 1608.
(pdftex.def)             Requested size: 190.1619pt x 152.21985pt.
 [45

 </home/alessandromatteo_rossi/LOEFM/Elettronica_Sbobina/IM_filtro_integratore.PNG> </home/alessandromatteo_rossi/LOEFM/Elettronica_Sbobina/IM_filtro_integratore_grafici.PNG>]
File: IM_circuito_CR_passivo.png Graphic file (type png)
<use IM_circuito_CR_passivo.png>
Package pdftex.def Info: IM_circuito_CR_passivo.png  used on input line 1623.
(pdftex.def)             Requested size: 162.60875pt x 118.34302pt.
 [46

]
<IM_filtro_passa_alto_CR_attivo.png, id=303, 353.06906pt x 173.89969pt>
File: IM_filtro_passa_alto_CR_attivo.png Graphic file (type png)
<use IM_filtro_passa_alto_CR_attivo.png>
Package pdftex.def Info: IM_filtro_passa_alto_CR_attivo.png  used on input line 1645.
(pdftex.def)             Requested size: 211.84306pt x 104.3406pt.
 [47

 </home/alessandromatteo_rossi/LOEFM/Elettronica_Sbobina/IM_filtro_passa_alto_CR_attivo.PNG>]
<IM_filtro_passa_alto_CR_attivo_bis.png, id=308, 338.01282pt x 209.28188pt>
File: IM_filtro_passa_alto_CR_attivo_bis.png Graphic file (type png)
<use IM_filtro_passa_alto_CR_attivo_bis.png>
Package pdftex.def Info: IM_filtro_passa_alto_CR_attivo_bis.png  used on input line 1665.
(pdftex.def)             Requested size: 169.00598pt x 104.64067pt.
<IM_filtro_passa_alto_CR_attivo_grafici.png, id=309, 306.39468pt x 239.39438pt>
File: IM_filtro_passa_alto_CR_attivo_grafici.png Graphic file (type png)
<use IM_filtro_passa_alto_CR_attivo_grafici.png>
Package pdftex.def Info: IM_filtro_passa_alto_CR_attivo_grafici.png  used on input line 1683.
(pdftex.def)             Requested size: 183.83823pt x 143.63773pt.
 [48

 </home/alessandromatteo_rossi/LOEFM/Elettronica_Sbobina/IM_filtro_passa_alto_CR_attivo_bis.PNG> </home/alessandromatteo_rossi/LOEFM/Elettronica_Sbobina/IM_filtro_passa_alto_CR_attivo_grafici.PNG>]
<IM_filtro_derivatore.png, id=315, 335.75438pt x 206.27063pt>
File: IM_filtro_derivatore.png Graphic file (type png)
<use IM_filtro_derivatore.png>
Package pdftex.def Info: IM_filtro_derivatore.png  used on input line 1701.
(pdftex.def)             Requested size: 184.66547pt x 113.44919pt.
<IM_filtro_derivatore_grafici.png, id=316, 315.42844pt x 249.18094pt>
File: IM_filtro_derivatore_grafici.png Graphic file (type png)
<use IM_filtro_derivatore_grafici.png>
Package pdftex.def Info: IM_filtro_derivatore_grafici.png  used on input line 1715.
(pdftex.def)             Requested size: 189.25851pt x 149.5097pt.
 [49

 </home/alessandromatteo_rossi/LOEFM/Elettronica_Sbobina/IM_filtro_derivatore.PNG> </home/alessandromatteo_rossi/LOEFM/Elettronica_Sbobina/IM_filtro_derivatore_grafici.PNG>]
<IM_filtro_passa_banda_attivo.png, id=323, 588.69937pt x 241.65282pt>
File: IM_filtro_passa_banda_attivo.png Graphic file (type png)
<use IM_filtro_passa_banda_attivo.png>
Package pdftex.def Info: IM_filtro_passa_banda_attivo.png  used on input line 1731.
(pdftex.def)             Requested size: 412.08675pt x 169.1558pt.
<IM_filtro_passa_banda_attivo_grafici.png, id=324, 299.61937pt x 231.86626pt>
File: IM_filtro_passa_banda_attivo_grafici.png Graphic file (type png)
<use IM_filtro_passa_banda_attivo_grafici.png>
Package pdftex.def Info: IM_filtro_passa_banda_attivo_grafici.png  used on input line 1751.
(pdftex.def)             Requested size: 209.73212pt x 162.30525pt.
 [50

 </home/alessandromatteo_rossi/LOEFM/Elettronica_Sbobina/IM_filtro_passa_banda_attivo.PNG> </home/alessandromatteo_rossi/LOEFM/Elettronica_Sbobina/IM_filtro_passa_banda_attivo_grafici.PNG>]
<IM_filtro_passa_banda_attivo_bis.png, id=330, 304.88907pt x 206.27063pt>
File: IM_filtro_passa_banda_attivo_bis.png Graphic file (type png)
<use IM_filtro_passa_banda_attivo_bis.png>
Package pdftex.def Info: IM_filtro_passa_banda_attivo_bis.png  used on input line 1761.
(pdftex.def)             Requested size: 213.42088pt x 144.38844pt.
 [51

 </home/alessandromatteo_rossi/LOEFM/Elettronica_Sbobina/IM_filtro_passa_banda_attivo_bis.PNG>]
<IM_circuito_risonante_serie_attivo.png, id=335, 310.15875pt x 255.95625pt>
File: IM_circuito_risonante_serie_attivo.png Graphic file (type png)
<use IM_circuito_risonante_serie_attivo.png>
Package pdftex.def Info: IM_circuito_risonante_serie_attivo.png  used on input line 1794.
(pdftex.def)             Requested size: 217.10963pt x 179.16814pt.
<IM_circuito_risonante_serie_attivo_1.png, id=336, 297.36093pt x 258.21469pt>
File: IM_circuito_risonante_serie_attivo_1.png Graphic file (type png)
<use IM_circuito_risonante_serie_attivo_1.png>
Package pdftex.def Info: IM_circuito_risonante_serie_attivo_1.png  used on input line 1805.
(pdftex.def)             Requested size: 167.2989pt x 145.27298pt.
<IM_circuito_risonante_serie_attivo_2.png, id=337, 297.36093pt x 259.7203pt>
File: IM_circuito_risonante_serie_attivo_2.png Graphic file (type png)
<use IM_circuito_risonante_serie_attivo_2.png>
Package pdftex.def Info: IM_circuito_risonante_serie_attivo_2.png  used on input line 1810.
(pdftex.def)             Requested size: 167.2989pt x 146.12004pt.
 [52

 </home/alessandromatteo_rossi/LOEFM/Elettronica_Sbobina/IM_circuito_risonante_serie_attivo.PNG> </home/alessandromatteo_rossi/LOEFM/Elettronica_Sbobina/IM_circuito_risonante_serie_attivo_1.PNG> </home/alessandromatteo_rossi/LOEFM/Elettronica_Sbobina/IM_circuito_risonante_serie_attivo_2.PNG>]
<IM_circuito_risonante_serie_attivo_grafico_0.png, id=342, 296.60812pt x 67.75313pt>
File: IM_circuito_risonante_serie_attivo_grafico_0.png Graphic file (type png)
<use IM_circuito_risonante_serie_attivo_grafico_0.png>
Package pdftex.def Info: IM_circuito_risonante_serie_attivo_grafico_0.png  used on input line 1847.
(pdftex.def)             Requested size: 207.62427pt x 47.42685pt.
<IM_circuito_risonante_serie_attivo_grafico_1.png, id=343, 273.27094pt x 61.73062pt>
File: IM_circuito_risonante_serie_attivo_grafico_1.png Graphic file (type png)
<use IM_circuito_risonante_serie_attivo_grafico_1.png>
Package pdftex.def Info: IM_circuito_risonante_serie_attivo_grafico_1.png  used on input line 1855.
(pdftex.def)             Requested size: 191.28833pt x 43.21112pt.
<IM_circuito_risonante_serie_attivo_grafico_2.png, id=344, 279.29344pt x 80.55093pt>
File: IM_circuito_risonante_serie_attivo_grafico_2.png Graphic file (type png)
<use IM_circuito_risonante_serie_attivo_grafico_2.png>
Package pdftex.def Info: IM_circuito_risonante_serie_attivo_grafico_2.png  used on input line 1863.
(pdftex.def)             Requested size: 195.50407pt x 56.38525pt.
<IM_confronto_attivi_passivi.png, id=345, 617.30624pt x 307.1475pt>
File: IM_confronto_attivi_passivi.png Graphic file (type png)
<use IM_confronto_attivi_passivi.png>
Package pdftex.def Info: IM_confronto_attivi_passivi.png  used on input line 1871.
(pdftex.def)             Requested size: 432.11142pt x 215.00177pt.

Overfull \hbox (13.85774pt too wide) in paragraph at lines 1871--1872
 [][] 
 []


LaTeX Warning: `h' float specifier changed to `ht'.

[53 </home/alessandromatteo_rossi/LOEFM/Elettronica_Sbobina/IM_circuito_risonante_serie_attivo_grafico_0.PNG> </home/alessandromatteo_rossi/LOEFM/Elettronica_Sbobina/IM_circuito_risonante_serie_attivo_grafico_1.PNG> </home/alessandromatteo_rossi/LOEFM/Elettronica_Sbobina/IM_circuito_risonante_serie_attivo_grafico_2.PNG>] [54 </home/alessandromatteo_rossi/LOEFM/Elettronica_Sbobina/IM_confronto_attivi_passivi.PNG>]
<IM_circuito_risonante_parallelo_attivo.png, id=355, 290.58563pt x 257.46187pt>
File: IM_circuito_risonante_parallelo_attivo.png Graphic file (type png)
<use IM_circuito_risonante_parallelo_attivo.png>
Package pdftex.def Info: IM_circuito_risonante_parallelo_attivo.png  used on input line 1885.
(pdftex.def)             Requested size: 203.40854pt x 180.22206pt.
<IM_circuito_risonante_parallelo_attivo_1.png, id=356, 354.57469pt x 303.38344pt>
File: IM_circuito_risonante_parallelo_attivo_1.png Graphic file (type png)
<use IM_circuito_risonante_parallelo_attivo_1.png>
Package pdftex.def Info: IM_circuito_risonante_parallelo_attivo_1.png  used on input line 1899.
(pdftex.def)             Requested size: 248.20059pt x 212.36694pt.
 [55

 </home/alessandromatteo_rossi/LOEFM/Elettronica_Sbobina/IM_circuito_risonante_parallelo_attivo.PNG> </home/alessandromatteo_rossi/LOEFM/Elettronica_Sbobina/IM_circuito_risonante_parallelo_attivo_1.PNG>]
<IM_circuito_risonante_parallelo_attivo_2.png, id=361, 367.3725pt x 292.09125pt>
File: IM_circuito_risonante_parallelo_attivo_2.png Graphic file (type png)
<use IM_circuito_risonante_parallelo_attivo_2.png>
Package pdftex.def Info: IM_circuito_risonante_parallelo_attivo_2.png  used on input line 1907.
(pdftex.def)             Requested size: 257.15898pt x 204.46246pt.
<IM_circuito_risonante_parallelo_attivo_3.png, id=362, 229.60782pt x 167.87718pt>
File: IM_circuito_risonante_parallelo_attivo_3.png Graphic file (type png)
<use IM_circuito_risonante_parallelo_attivo_3.png>
Package pdftex.def Info: IM_circuito_risonante_parallelo_attivo_3.png  used on input line 1933.
(pdftex.def)             Requested size: 137.76575pt x 100.72708pt.
 [56

 </home/alessandromatteo_rossi/LOEFM/Elettronica_Sbobina/IM_circuito_risonante_parallelo_attivo_2.PNG> </home/alessandromatteo_rossi/LOEFM/Elettronica_Sbobina/IM_circuito_risonante_parallelo_attivo_3.PNG>]
<IM_circuito_risonante_parallelo_attivo_grafico_0.png, id=367, 265.74281pt x 63.23625pt>
File: IM_circuito_risonante_parallelo_attivo_grafico_0.png Graphic file (type png)
<use IM_circuito_risonante_parallelo_attivo_grafico_0.png>
Package pdftex.def Info: IM_circuito_risonante_parallelo_attivo_grafico_0.png  used on input line 1953.
(pdftex.def)             Requested size: 186.01869pt x 44.26506pt.
<IM_circuito_risonante_parallelo_attivo_grafico_1.png, id=368, 273.27094pt x 67.0003pt>
File: IM_circuito_risonante_parallelo_attivo_grafico_1.png Graphic file (type png)
<use IM_circuito_risonante_parallelo_attivo_grafico_1.png>
Package pdftex.def Info: IM_circuito_risonante_parallelo_attivo_grafico_1.png  used on input line 1961.
(pdftex.def)             Requested size: 191.28833pt x 46.89987pt.
<IM_circuito_risonante_parallelo_attivo_grafico_2.png, id=369, 279.29344pt x 66.2475pt>
File: IM_circuito_risonante_parallelo_attivo_grafico_2.png Graphic file (type png)
<use IM_circuito_risonante_parallelo_attivo_grafico_2.png>
Package pdftex.def Info: IM_circuito_risonante_parallelo_attivo_grafico_2.png  used on input line 1969.
(pdftex.def)             Requested size: 195.50407pt x 46.37292pt.
 [57 </home/alessandromatteo_rossi/LOEFM/Elettronica_Sbobina/IM_circuito_risonante_parallelo_attivo_grafico_0.PNG> </home/alessandromatteo_rossi/LOEFM/Elettronica_Sbobina/IM_circuito_risonante_parallelo_attivo_grafico_1.PNG> </home/alessandromatteo_rossi/LOEFM/Elettronica_Sbobina/IM_circuito_risonante_parallelo_attivo_grafico_2.PNG>]
<IM_circuito_giratore.png, id=376, 298.11375pt x 305.64188pt>
File: IM_circuito_giratore.png Graphic file (type png)
<use IM_circuito_giratore.png>
Package pdftex.def Info: IM_circuito_giratore.png  used on input line 1979.
(pdftex.def)             Requested size: 149.0565pt x 152.82056pt.
<IM_circuito_giratore_grafico.png, id=377, 623.32875pt x 252.19218pt>
File: IM_circuito_giratore_grafico.png Graphic file (type png)
<use IM_circuito_giratore_grafico.png>
Package pdftex.def Info: IM_circuito_giratore_grafico.png  used on input line 1999.
(pdftex.def)             Requested size: 342.83186pt x 138.70612pt.
 [58

 </home/alessandromatteo_rossi/LOEFM/Elettronica_Sbobina/IM_circuito_giratore.PNG> </home/alessandromatteo_rossi/LOEFM/Elettronica_Sbobina/IM_circuito_giratore_grafico.PNG>]
<IM_diodo_p_n.png, id=381, 605.26125pt x 228.10219pt>
File: IM_diodo_p_n.png Graphic file (type png)
<use IM_diodo_p_n.png>
Package pdftex.def Info: IM_diodo_p_n.png  used on input line 2031.
(pdftex.def)             Requested size: 332.8947pt x 125.45657pt.
 [59

 </home/alessandromatteo_rossi/LOEFM/Elettronica_Sbobina/IM_diodo_p_n.PNG>]
<IM_analisi_diodo.png, id=393, 577.40718pt x 224.33812pt>
File: IM_analisi_diodo.png Graphic file (type png)
<use IM_analisi_diodo.png>
Package pdftex.def Info: IM_analisi_diodo.png  used on input line 2076.
(pdftex.def)             Requested size: 404.18228pt x 157.03561pt.
<IM_diodo_resistenza_equivalente.png, id=394, 627.09282pt x 254.45062pt>
File: IM_diodo_resistenza_equivalente.png Graphic file (type png)
<use IM_diodo_resistenza_equivalente.png>
Package pdftex.def Info: IM_diodo_resistenza_equivalente.png  used on input line 2096.
(pdftex.def)             Requested size: 376.25859pt x 152.67154pt.
 [60 </home/alessandromatteo_rossi/LOEFM/Elettronica_Sbobina/IM_analisi_diodo.PNG> </home/alessandromatteo_rossi/LOEFM/Elettronica_Sbobina/IM_diodo_resistenza_equivalente.PNG>]
<IM_diodo_modelli.png, id=399, 647.41875pt x 233.37187pt>
File: IM_diodo_modelli.png Graphic file (type png)
<use IM_diodo_modelli.png>
Package pdftex.def Info: IM_diodo_modelli.png  used on input line 2120.
(pdftex.def)             Requested size: 453.19003pt x 163.35919pt.

Overfull \hbox (34.93636pt too wide) in paragraph at lines 2120--2121
 [][] 
 []

[61 </home/alessandromatteo_rossi/LOEFM/Elettronica_Sbobina/IM_diodo_modelli.PNG>]
<IM_diodo_Zener.png, id=405, 398.23781pt x 210.03468pt>
File: IM_diodo_Zener.png Graphic file (type png)
<use IM_diodo_Zener.png>
Package pdftex.def Info: IM_diodo_Zener.png  used on input line 2128.
(pdftex.def)             Requested size: 278.76456pt x 147.02327pt.
<IM_diodo_Schottky.png, id=406, 436.63126pt x 218.31563pt>
File: IM_diodo_Schottky.png Graphic file (type png)
<use IM_diodo_Schottky.png>
Package pdftex.def Info: IM_diodo_Schottky.png  used on input line 2142.
(pdftex.def)             Requested size: 305.63979pt x 152.81989pt.
 [62

 </home/alessandromatteo_rossi/LOEFM/Elettronica_Sbobina/IM_diodo_Zener.PNG> </home/alessandromatteo_rossi/LOEFM/Elettronica_Sbobina/IM_diodo_Schottky.PNG>]
<IM_diodo_misura.png, id=411, 299.61937pt x 264.99pt>
File: IM_diodo_misura.png Graphic file (type png)
<use IM_diodo_misura.png>
Package pdftex.def Info: IM_diodo_misura.png  used on input line 2160.
(pdftex.def)             Requested size: 209.73212pt x 185.49173pt.
<IM_diodo_misura_bis.png, id=412, 389.20406pt x 184.43906pt>
File: IM_diodo_misura_bis.png Graphic file (type png)
<use IM_diodo_misura_bis.png>
Package pdftex.def Info: IM_diodo_misura_bis.png  used on input line 2182.
(pdftex.def)             Requested size: 272.44098pt x 129.10645pt.


LaTeX Warning: `h' float specifier changed to `ht'.

[63

 </home/alessandromatteo_rossi/LOEFM/Elettronica_Sbobina/IM_diodo_misura.PNG>]
<IM_diodo_misura_ter.png, id=418, 391.4625pt x 295.85532pt>
File: IM_diodo_misura_ter.png Graphic file (type png)
<use IM_diodo_misura_ter.png>
Package pdftex.def Info: IM_diodo_misura_ter.png  used on input line 2210.
(pdftex.def)             Requested size: 215.30502pt x 162.72092pt.
 [64 </home/alessandromatteo_rossi/LOEFM/Elettronica_Sbobina/IM_diodo_misura_bis.PNG> </home/alessandromatteo_rossi/LOEFM/Elettronica_Sbobina/IM_diodo_misura_ter.PNG>]
<IM_rettificatore_half_wave.png, id=424, 618.81187pt x 232.61906pt>
File: IM_rettificatore_half_wave.png Graphic file (type png)
<use IM_rettificatore_half_wave.png>
Package pdftex.def Info: IM_rettificatore_half_wave.png  used on input line 2237.
(pdftex.def)             Requested size: 371.29pt x 139.57251pt.
<IM_rettificatore_half_wave_2.png, id=425, 612.78937pt x 253.69781pt>
File: IM_rettificatore_half_wave_2.png Graphic file (type png)
<use IM_rettificatore_half_wave_2.png>
Package pdftex.def Info: IM_rettificatore_half_wave_2.png  used on input line 2245.
(pdftex.def)             Requested size: 367.67645pt x 152.21985pt.
<IM_rettificatore_full_wave.png, id=426, 630.10406pt x 259.7203pt>
File: IM_rettificatore_full_wave.png Graphic file (type png)
<use IM_rettificatore_full_wave.png>
Package pdftex.def Info: IM_rettificatore_full_wave.png  used on input line 2253.
(pdftex.def)             Requested size: 378.06535pt x 155.83337pt.


LaTeX Warning: `h' float specifier changed to `ht'.

<IM_rettificatore_half_wave_c.png, id=427, 624.83438pt x 239.39438pt>
File: IM_rettificatore_half_wave_c.png Graphic file (type png)
<use IM_rettificatore_half_wave_c.png>
Package pdftex.def Info: IM_rettificatore_half_wave_c.png  used on input line 2261.
(pdftex.def)             Requested size: 374.90352pt x 143.63773pt.

LaTeX Warning: `h' float specifier changed to `ht'.

<IM_rettificatore_full_wave_c.png, id=428, 611.28375pt x 258.21469pt>
File: IM_rettificatore_full_wave_c.png Graphic file (type png)
<use IM_rettificatore_full_wave_c.png>
Package pdftex.def Info: IM_rettificatore_full_wave_c.png  used on input line 2268.
(pdftex.def)             Requested size: 366.77307pt x 154.93pt.

LaTeX Warning: `h' float specifier changed to `ht'.

[65

 </home/alessandromatteo_rossi/LOEFM/Elettronica_Sbobina/IM_rettificatore_half_wave.PNG> </home/alessandromatteo_rossi/LOEFM/Elettronica_Sbobina/IM_rettificatore_half_wave_2.PNG>] [66 </home/alessandromatteo_rossi/LOEFM/Elettronica_Sbobina/IM_rettificatore_full_wave.PNG> </home/alessandromatteo_rossi/LOEFM/Elettronica_Sbobina/IM_rettificatore_half_wave_c.PNG> </home/alessandromatteo_rossi/LOEFM/Elettronica_Sbobina/IM_rettificatore_full_wave_c.PNG>]
<IM_rettificatore_ideale.png, id=440, 328.22626pt x 262.73157pt>
File: IM_rettificatore_ideale.png Graphic file (type png)
<use IM_rettificatore_ideale.png>
Package pdftex.def Info: IM_rettificatore_ideale.png  used on input line 2278.
(pdftex.def)             Requested size: 229.7568pt x 183.91083pt.
 [67

 </home/alessandromatteo_rossi/LOEFM/Elettronica_Sbobina/IM_rettificatore_ideale.PNG>] [68]
<IM_circuito_astabile.png, id=449, 343.2825pt x 234.8775pt>
File: IM_circuito_astabile.png Graphic file (type png)
<use IM_circuito_astabile.png>
Package pdftex.def Info: IM_circuito_astabile.png  used on input line 2366.
(pdftex.def)             Requested size: 240.2961pt x 164.41312pt.
 [69

 </home/alessandromatteo_rossi/LOEFM/Elettronica_Sbobina/IM_circuito_astabile.PNG>] [70]
<IM_circuito_astabile_bis.png, id=457, 296.60812pt x 223.58531pt>
File: IM_circuito_astabile_bis.png Graphic file (type png)
<use IM_circuito_astabile_bis.png>
Package pdftex.def Info: IM_circuito_astabile_bis.png  used on input line 2427.
(pdftex.def)             Requested size: 142.37027pt x 107.31972pt.
 [71

 </home/alessandromatteo_rossi/LOEFM/Elettronica_Sbobina/IM_circuito_astabile_bis.PNG>]
<IM_circuito_monostabile.png, id=462, 289.83281pt x 228.855pt>
File: IM_circuito_monostabile.png Graphic file (type png)
<use IM_circuito_monostabile.png>
Package pdftex.def Info: IM_circuito_monostabile.png  used on input line 2471.
(pdftex.def)             Requested size: 202.88158pt x 160.1974pt.
<IM_circuito_monostabile_bis.png, id=463, 328.97906pt x 195.73125pt>
File: IM_circuito_monostabile_bis.png Graphic file (type png)
<use IM_circuito_monostabile_bis.png>
Package pdftex.def Info: IM_circuito_monostabile_bis.png  used on input line 2493.
(pdftex.def)             Requested size: 230.28377pt x 137.01093pt.
 [72

 </home/alessandromatteo_rossi/LOEFM/Elettronica_Sbobina/IM_circuito_monostabile.PNG> </home/alessandromatteo_rossi/LOEFM/Elettronica_Sbobina/IM_circuito_monostabile_bis.PNG>]
<IM_dispositivo_attivo_base.png, id=469, 228.855pt x 163.3603pt>
File: IM_dispositivo_attivo_base.png Graphic file (type png)
<use IM_dispositivo_attivo_base.png>
Package pdftex.def Info: IM_dispositivo_attivo_base.png  used on input line 2524.
(pdftex.def)             Requested size: 137.31404pt x 98.01692pt.
<Triode_vacuum_tube.png, id=470, 383.4325pt x 397.485pt>
File: Triode_vacuum_tube.png Graphic file (type png)
<use Triode_vacuum_tube.png>
Package pdftex.def Info: Triode_vacuum_tube.png  used on input line 2534.
(pdftex.def)             Requested size: 134.20338pt x 139.12183pt.
 [73

 </home/alessandromatteo_rossi/LOEFM/Elettronica_Sbobina/IM_dispositivo_attivo_base.PNG> </home/alessandromatteo_rossi/LOEFM/Elettronica_Sbobina/Triode_vacuum_tube.png (PNG copy)>]
<IM_BJT.png, id=476, 349.305pt x 253.69781pt>
File: IM_BJT.png Graphic file (type png)
<use IM_BJT.png>
Package pdftex.def Info: IM_BJT.png  used on input line 2552.
(pdftex.def)             Requested size: 244.51183pt x 177.58725pt.
<IM_JFET.png, id=477, 574.39594pt x 171.64125pt>
File: IM_JFET.png Graphic file (type png)
<use IM_JFET.png>
Package pdftex.def Info: IM_JFET.png  used on input line 2570.
(pdftex.def)             Requested size: 344.64021pt x 102.98552pt.
 [74 </home/alessandromatteo_rossi/LOEFM/Elettronica_Sbobina/IM_BJT.PNG> </home/alessandromatteo_rossi/LOEFM/Elettronica_Sbobina/IM_JFET.PNG>]
<IM_MOS.png, id=483, 594.72188pt x 180.675pt>
File: IM_MOS.png Graphic file (type png)
<use IM_MOS.png>
Package pdftex.def Info: IM_MOS.png  used on input line 2594.
(pdftex.def)             Requested size: 416.30247pt x 126.47162pt.
<IM_MOS_simboli.png, id=484, 253.69781pt x 226.59656pt>
File: IM_MOS_simboli.png Graphic file (type png)
<use IM_MOS_simboli.png>
Package pdftex.def Info: IM_MOS_simboli.png  used on input line 2608.
(pdftex.def)             Requested size: 167.30171pt x 118.30457pt.
 [75 </home/alessandromatteo_rossi/LOEFM/Elettronica_Sbobina/IM_MOS.PNG> </home/alessandromatteo_rossi/LOEFM/Elettronica_Sbobina/IM_MOS_simboli.PNG>]
<IM_MOS_bis.png, id=490, 311.66437pt x 273.27094pt>
File: IM_MOS_bis.png Graphic file (type png)
<use IM_MOS_bis.png>
Package pdftex.def Info: IM_MOS_bis.png  used on input line 2618.
(pdftex.def)             Requested size: 218.16356pt x 191.28833pt.
 [76 </home/alessandromatteo_rossi/LOEFM/Elettronica_Sbobina/IM_MOS_bis.PNG>]
<IM_MOS_ter.png, id=495, 299.61937pt x 271.76532pt>
File: IM_MOS_ter.png Graphic file (type png)
<use IM_MOS_ter.png>
Package pdftex.def Info: IM_MOS_ter.png  used on input line 2636.
(pdftex.def)             Requested size: 209.73212pt x 190.23442pt.
<IM_MOS_Funzionamento.png, id=496, 606.76688pt x 235.63031pt>
File: IM_MOS_Funzionamento.png Graphic file (type png)
<use IM_MOS_Funzionamento.png>
Package pdftex.def Info: IM_MOS_Funzionamento.png  used on input line 2644.
(pdftex.def)             Requested size: 424.73392pt x 164.94008pt.

Overfull \hbox (6.48024pt too wide) in paragraph at lines 2644--2645
 [][] 
 []

[77

 </home/alessandromatteo_rossi/LOEFM/Elettronica_Sbobina/IM_MOS_ter.PNG> </home/alessandromatteo_rossi/LOEFM/Elettronica_Sbobina/IM_MOS_Funzionamento.PNG>]
<IM_MOS_grafici.png, id=502, 645.16031pt x 318.43968pt>
File: IM_MOS_grafici.png Graphic file (type png)
<use IM_MOS_grafici.png>
Package pdftex.def Info: IM_MOS_grafici.png  used on input line 2680.
(pdftex.def)             Requested size: 451.60913pt x 222.90625pt.

Overfull \hbox (33.35545pt too wide) in paragraph at lines 2680--2681
 [][] 
 []

[78 </home/alessandromatteo_rossi/LOEFM/Elettronica_Sbobina/IM_MOS_grafici.PNG>]
<IM_Effetto_Early.png, id=507, 370.38374pt x 243.91125pt>
File: IM_Effetto_Early.png Graphic file (type png)
<use IM_Effetto_Early.png>
Package pdftex.def Info: IM_Effetto_Early.png  used on input line 2689.
(pdftex.def)             Requested size: 314.82765pt x 207.32553pt.
 [79

 </home/alessandromatteo_rossi/LOEFM/Elettronica_Sbobina/IM_Effetto_Early.PNG>]
<IM_IGBT.png, id=513, 401.24907pt x 252.945pt>
File: IM_IGBT.png Graphic file (type png)
<use IM_IGBT.png>
Package pdftex.def Info: IM_IGBT.png  used on input line 2703.
(pdftex.def)             Requested size: 240.75128pt x 151.76816pt.
<IM_determinazione_MOS.png, id=514, 289.08pt x 234.8775pt>
File: IM_determinazione_MOS.png Graphic file (type png)
<use IM_determinazione_MOS.png>
Package pdftex.def Info: IM_determinazione_MOS.png  used on input line 2717.
(pdftex.def)             Requested size: 158.99448pt x 129.18301pt.
 [80

 </home/alessandromatteo_rossi/LOEFM/Elettronica_Sbobina/IM_IGBT.PNG> </home/alessandromatteo_rossi/LOEFM/Elettronica_Sbobina/IM_determinazione_MOS.PNG>]
<IM_determinazione_MOS_bis.png, id=520, 340.27126pt x 234.8775pt>
File: IM_determinazione_MOS_bis.png Graphic file (type png)
<use IM_determinazione_MOS_bis.png>
Package pdftex.def Info: IM_determinazione_MOS_bis.png  used on input line 2733.
(pdftex.def)             Requested size: 187.14977pt x 129.18301pt.
<IM_MOS_grafici_bis.png, id=521, 610.53094pt x 243.91125pt>
File: IM_MOS_grafici_bis.png Graphic file (type png)
<use IM_MOS_grafici_bis.png>
Package pdftex.def Info: IM_MOS_grafici_bis.png  used on input line 2741.
(pdftex.def)             Requested size: 335.79306pt x 134.1516pt.
<IM_MOS_equivalente_saturazione.png, id=522, 638.385pt x 283.81032pt>
File: IM_MOS_equivalente_saturazione.png Graphic file (type png)
<use IM_MOS_equivalente_saturazione.png>
Package pdftex.def Info: IM_MOS_equivalente_saturazione.png  used on input line 2749.
(pdftex.def)             Requested size: 351.11282pt x 156.09615pt.
<IM_MOS_equivalente_saturazione_bis.png, id=523, 648.92438pt x 276.28218pt>
File: IM_MOS_equivalente_saturazione_bis.png Graphic file (type png)
<use IM_MOS_equivalente_saturazione_bis.png>
Package pdftex.def Info: IM_MOS_equivalente_saturazione_bis.png  used on input line 2757.
(pdftex.def)             Requested size: 356.9095pt x 151.95566pt.


LaTeX Warning: `h' float specifier changed to `ht'.

<IM_MOS_equivalente_lineare.png, id=524, 635.37375pt x 273.27094pt>
File: IM_MOS_equivalente_lineare.png Graphic file (type png)
<use IM_MOS_equivalente_lineare.png>
Package pdftex.def Info: IM_MOS_equivalente_lineare.png  used on input line 2765.
(pdftex.def)             Requested size: 349.45663pt x 150.29947pt.

LaTeX Warning: `h' float specifier changed to `ht'.

<IM_MOS_equivalente_lineare_bis.png, id=525, 638.385pt x 272.51813pt>
File: IM_MOS_equivalente_lineare_bis.png Graphic file (type png)
<use IM_MOS_equivalente_lineare_bis.png>
Package pdftex.def Info: IM_MOS_equivalente_lineare_bis.png  used on input line 2773.
(pdftex.def)             Requested size: 351.11282pt x 149.88542pt.

LaTeX Warning: `!h' float specifier changed to `!ht'.

[81

 </home/alessandromatteo_rossi/LOEFM/Elettronica_Sbobina/IM_determinazione_MOS_bis.PNG> </home/alessandromatteo_rossi/LOEFM/Elettronica_Sbobina/IM_MOS_grafici_bis.PNG> </home/alessandromatteo_rossi/LOEFM/Elettronica_Sbobina/IM_MOS_equivalente_saturazione.PNG>] [82 </home/alessandromatteo_rossi/LOEFM/Elettronica_Sbobina/IM_MOS_equivalente_saturazione_bis.PNG> </home/alessandromatteo_rossi/LOEFM/Elettronica_Sbobina/IM_MOS_equivalente_lineare.PNG> </home/alessandromatteo_rossi/LOEFM/Elettronica_Sbobina/IM_MOS_equivalente_lineare_bis.PNG>]
<IM_inverter.png, id=538, 351.56343pt x 213.04594pt>
File: IM_inverter.png Graphic file (type png)
<use IM_inverter.png>
Package pdftex.def Info: IM_inverter.png  used on input line 2781.
(pdftex.def)             Requested size: 210.93968pt x 127.82854pt.
<IM_inverter_bis.png, id=539, 387.69844pt x 275.52937pt>
File: IM_inverter_bis.png Graphic file (type png)
<use IM_inverter_bis.png>
Package pdftex.def Info: IM_inverter_bis.png  used on input line 2799.
(pdftex.def)             Requested size: 224.86523pt x 159.80713pt.
 [83

 </home/alessandromatteo_rossi/LOEFM/Elettronica_Sbobina/IM_inverter.PNG> </home/alessandromatteo_rossi/LOEFM/Elettronica_Sbobina/IM_inverter_bis.PNG>]
<IM_inverter_ter.png, id=545, 626.34pt x 246.1697pt>
File: IM_inverter_ter.png Graphic file (type png)
<use IM_inverter_ter.png>
Package pdftex.def Info: IM_inverter_ter.png  used on input line 2807.
(pdftex.def)             Requested size: 363.27745pt x 142.77852pt.
<IM_inverter_quater.png, id=546, 627.84563pt x 259.7203pt>
File: IM_inverter_quater.png Graphic file (type png)
<use IM_inverter_quater.png>
Package pdftex.def Info: IM_inverter_quater.png  used on input line 2815.
(pdftex.def)             Requested size: 364.15071pt x 150.63788pt.
<IM_inverter_penta.png, id=547, 618.81187pt x 280.79906pt>
File: IM_inverter_penta.png Graphic file (type png)
<use IM_inverter_penta.png>
Package pdftex.def Info: IM_inverter_penta.png  used on input line 2823.
(pdftex.def)             Requested size: 358.91113pt x 162.86356pt.
 [84

 </home/alessandromatteo_rossi/LOEFM/Elettronica_Sbobina/IM_inverter_ter.PNG> </home/alessandromatteo_rossi/LOEFM/Elettronica_Sbobina/IM_inverter_quater.PNG> </home/alessandromatteo_rossi/LOEFM/Elettronica_Sbobina/IM_inverter_penta.PNG>]
<IM_inverter_esa.png, id=553, 603.0028pt x 257.46187pt>
File: IM_inverter_esa.png Graphic file (type png)
<use IM_inverter_esa.png>
Package pdftex.def Info: IM_inverter_esa.png  used on input line 2847.
(pdftex.def)             Requested size: 422.09908pt x 180.22206pt.

Overfull \hbox (3.8454pt too wide) in paragraph at lines 2847--2848
 [][] 
 []

<IM_CMOS.png, id=554, 254.45062pt x 271.0125pt>
File: IM_CMOS.png Graphic file (type png)
<use IM_CMOS.png>
Package pdftex.def Info: IM_CMOS.png  used on input line 2857.
(pdftex.def)             Requested size: 178.11421pt x 189.70744pt.

LaTeX Warning: `h' float specifier changed to `ht'.

<IM_CMOS_bis.png, id=555, 629.35126pt x 243.91125pt>
File: IM_CMOS_bis.png Graphic file (type png)
<use IM_CMOS_bis.png>
Package pdftex.def Info: IM_CMOS_bis.png  used on input line 2865.
(pdftex.def)             Requested size: 440.54288pt x 170.7367pt.

Overfull \hbox (22.2892pt too wide) in paragraph at lines 2865--2866
 [][] 
 []


LaTeX Warning: `h' float specifier changed to `ht'.

[85

 </home/alessandromatteo_rossi/LOEFM/Elettronica_Sbobina/IM_inverter_esa.PNG>] [86 </home/alessandromatteo_rossi/LOEFM/Elettronica_Sbobina/IM_CMOS.PNG> </home/alessandromatteo_rossi/LOEFM/Elettronica_Sbobina/IM_CMOS_bis.PNG>] [87

] [88] [89]
<IM_NOT.png, id=575, 416.30531pt x 113.67468pt>
File: IM_NOT.png Graphic file (type png)
<use IM_NOT.png>
Package pdftex.def Info: IM_NOT.png  used on input line 3076.
(pdftex.def)             Requested size: 291.41173pt x 79.57172pt.
<IM_AND.png, id=576, 395.22656pt x 143.78719pt>
File: IM_AND.png Graphic file (type png)
<use IM_AND.png>
Package pdftex.def Info: IM_AND.png  used on input line 3084.
(pdftex.def)             Requested size: 276.6567pt x 100.65034pt.
<IM_OR.png, id=577, 352.31625pt x 141.52875pt>
File: IM_OR.png Graphic file (type png)
<use IM_OR.png>
Package pdftex.def Info: IM_OR.png  used on input line 3092.
(pdftex.def)             Requested size: 246.61969pt x 99.06944pt.
<IM_XOR.png, id=578, 359.09157pt x 133.24782pt>
File: IM_XOR.png Graphic file (type png)
<use IM_XOR.png>
Package pdftex.def Info: IM_XOR.png  used on input line 3100.
(pdftex.def)             Requested size: 251.36238pt x 93.27283pt.


LaTeX Warning: `h' float specifier changed to `ht'.

<IM_NAND.png, id=579, 362.85562pt x 128.73094pt>
File: IM_NAND.png Graphic file (type png)
<use IM_NAND.png>
Package pdftex.def Info: IM_NAND.png  used on input line 3109.
(pdftex.def)             Requested size: 253.99721pt x 90.11102pt.

LaTeX Warning: `h' float specifier changed to `ht'.

<IM_NOR.png, id=580, 358.33875pt x 124.21407pt>
File: IM_NOR.png Graphic file (type png)
<use IM_NOR.png>
Package pdftex.def Info: IM_NOR.png  used on input line 3117.
(pdftex.def)             Requested size: 250.83542pt x 86.94923pt.

LaTeX Warning: `h' float specifier changed to `ht'.

<IM_XNOR.png, id=581, 390.70969pt x 137.7647pt>
File: IM_XNOR.png Graphic file (type png)
<use IM_XNOR.png>
Package pdftex.def Info: IM_XNOR.png  used on input line 3125.
(pdftex.def)             Requested size: 273.4949pt x 96.43462pt.

LaTeX Warning: `h' float specifier changed to `ht'.

[90

 </home/alessandromatteo_rossi/LOEFM/Elettronica_Sbobina/IM_NOT.PNG> </home/alessandromatteo_rossi/LOEFM/Elettronica_Sbobina/IM_AND.PNG> </home/alessandromatteo_rossi/LOEFM/Elettronica_Sbobina/IM_OR.PNG>] [91 </home/alessandromatteo_rossi/LOEFM/Elettronica_Sbobina/IM_XOR.PNG> </home/alessandromatteo_rossi/LOEFM/Elettronica_Sbobina/IM_NAND.PNG> </home/alessandromatteo_rossi/LOEFM/Elettronica_Sbobina/IM_NOR.PNG> </home/alessandromatteo_rossi/LOEFM/Elettronica_Sbobina/IM_XNOR.PNG>]
<IM_NAND_allpowerful.png, id=596, 306.39468pt x 383.18156pt>
File: IM_NAND_allpowerful.png Graphic file (type png)
<use IM_NAND_allpowerful.png>
Package pdftex.def Info: IM_NAND_allpowerful.png  used on input line 3157.
(pdftex.def)             Requested size: 214.47481pt x 268.22525pt.
 [92

 </home/alessandromatteo_rossi/LOEFM/Elettronica_Sbobina/IM_NAND_allpowerful.png>]
<IM_NOR_allpowerful.png, id=601, 447.17062pt x 410.2828pt>
File: IM_NOR_allpowerful.png Graphic file (type png)
<use IM_NOR_allpowerful.png>
Package pdftex.def Info: IM_NOR_allpowerful.png  used on input line 3167.
(pdftex.def)             Requested size: 313.01729pt x 287.196pt.
 [93

 </home/alessandromatteo_rossi/LOEFM/Elettronica_Sbobina/IM_NOR_allpowerful.png>] [94

] [95] [96]
<IM_sommatore_B_bit.png, id=615, 347.04657pt x 194.22563pt>
File: IM_sommatore_B_bit.png Graphic file (type png)
<use IM_sommatore_B_bit.png>
Package pdftex.def Info: IM_sommatore_B_bit.png  used on input line 3294.
(pdftex.def)             Requested size: 242.93094pt x 135.957pt.
<IM_grafici_sommatori.png, id=616, 219.06844pt x 179.16937pt>
File: IM_grafici_sommatori.png Graphic file (type png)
<use IM_grafici_sommatori.png>
Package pdftex.def Info: IM_grafici_sommatori.png  used on input line 3304.
(pdftex.def)             Requested size: 153.34685pt x 125.4177pt.
 [97

 </home/alessandromatteo_rossi/LOEFM/Elettronica_Sbobina/IM_sommatore_B_bit.png> </home/alessandromatteo_rossi/LOEFM/Elettronica_Sbobina/IM_grafici_sommatori.PNG>]
<IM_ripple_carry_adder.png, id=621, 421.575pt x 234.8775pt>
File: IM_ripple_carry_adder.png Graphic file (type png)
<use IM_ripple_carry_adder.png>
Package pdftex.def Info: IM_ripple_carry_adder.png  used on input line 3325.
(pdftex.def)             Requested size: 295.10048pt x 164.41312pt.


LaTeX Warning: `h' float specifier changed to `ht'.

[98

 </home/alessandromatteo_rossi/LOEFM/Elettronica_Sbobina/IM_ripple_carry_adder.PNG>]
Overfull \hbox (34.84952pt too wide) detected at line 3396
\OML/cmm/m/it/10 C[] \OT1/cmr/m/n/10 = \OML/cmm/m/it/10 A[]A[]C[] \OT1/cmr/m/n/10 + \OML/cmm/m/it/10 A[]A[]C[] \OT1/cmr/m/n/10 + \OML/cmm/m/it/10 A[]A[]C[] \OT1/cmr/m/n/10 + \OML/cmm/m/it/10 A[]A[]C[] \OT1/cmr/m/n/10 = \OML/cmm/m/it/10 A[]A[]C[] \OT1/cmr/m/n/10 + \OML/cmm/m/it/10 A[]A[]C[] \OT1/cmr/m/n/10 + \OML/cmm/m/it/10 A[]A[]C[] \OT1/cmr/m/n/10 + \OML/cmm/m/it/10 A[]A[]C[] \OT1/cmr/m/n/10 + \OML/cmm/m/it/10 A[]A[]C[] \OT1/cmr/m/n/10 + \OML/cmm/m/it/10 A[]A[]C[]
 []

<IM_full_adder.png, id=626, 614.295pt x 229.60782pt>
File: IM_full_adder.png Graphic file (type png)
<use IM_full_adder.png>
Package pdftex.def Info: IM_full_adder.png  used on input line 3402.
(pdftex.def)             Requested size: 368.57983pt x 137.76575pt.
<IM_full_adder_bis.png, id=627, 481.8pt x 170.88844pt>
File: IM_full_adder_bis.png Graphic file (type png)
<use IM_full_adder_bis.png>
Package pdftex.def Info: IM_full_adder_bis.png  used on input line 3410.
(pdftex.def)             Requested size: 289.08221pt x 102.53384pt.

LaTeX Warning: `h' float specifier changed to `ht'.

[99 </home/alessandromatteo_rossi/LOEFM/Elettronica_Sbobina/IM_full_adder.PNG>]
<IM_memoria_1_bit.png, id=632, 615.80063pt x 160.34906pt>
File: IM_memoria_1_bit.png Graphic file (type png)
<use IM_memoria_1_bit.png>
Package pdftex.def Info: IM_memoria_1_bit.png  used on input line 3437.
(pdftex.def)             Requested size: 431.0575pt x 112.24356pt.

Overfull \hbox (12.80382pt too wide) in paragraph at lines 3437--3438
 [][] 
 []

[100 </home/alessandromatteo_rossi/LOEFM/Elettronica_Sbobina/IM_full_adder_bis.PNG> </home/alessandromatteo_rossi/LOEFM/Elettronica_Sbobina/IM_memoria_1_bit.PNG>]
<IM_memoria_1_cella.png, id=639, 615.80063pt x 142.28156pt>
File: IM_memoria_1_cella.png Graphic file (type png)
<use IM_memoria_1_cella.png>
Package pdftex.def Info: IM_memoria_1_cella.png  used on input line 3447.
(pdftex.def)             Requested size: 431.0575pt x 99.5964pt.

Overfull \hbox (12.80382pt too wide) in paragraph at lines 3447--3448
 [][] 
 []

<IM_memoria_piu_celle.png, id=640, 545.78906pt x 161.85469pt>
File: IM_memoria_piu_celle.png Graphic file (type png)
<use IM_memoria_piu_celle.png>
Package pdftex.def Info: IM_memoria_piu_celle.png  used on input line 3457.
(pdftex.def)             Requested size: 382.04973pt x 113.2975pt.
<IM_flip_flop_NOR.png, id=641, 569.87906pt x 256.70906pt>
File: IM_flip_flop_NOR.png Graphic file (type png)
<use IM_flip_flop_NOR.png>
Package pdftex.def Info: IM_flip_flop_NOR.png  used on input line 3465.
(pdftex.def)             Requested size: 284.93883pt x 128.3542pt.
<IM_flip_flop_NAND.png, id=642, 597.73312pt x 271.76532pt>
File: IM_flip_flop_NAND.png Graphic file (type png)
<use IM_flip_flop_NAND.png>
Package pdftex.def Info: IM_flip_flop_NAND.png  used on input line 3473.
(pdftex.def)             Requested size: 298.86583pt x 135.88232pt.

LaTeX Warning: `h' float specifier changed to `ht'.

[101

 </home/alessandromatteo_rossi/LOEFM/Elettronica_Sbobina/IM_memoria_1_cella.PNG> </home/alessandromatteo_rossi/LOEFM/Elettronica_Sbobina/IM_memoria_piu_celle.PNG> </home/alessandromatteo_rossi/LOEFM/Elettronica_Sbobina/IM_flip_flop_NOR.PNG>]
<IM_FPGA.png, id=649, 289.83281pt x 193.47281pt>
File: IM_FPGA.png Graphic file (type png)
<use IM_FPGA.png>
Package pdftex.def Info: IM_FPGA.png  used on input line 3483.
(pdftex.def)             Requested size: 115.93106pt x 77.38774pt.
<IM_FPGA_struttura.png, id=650, 621.07031pt x 274.77657pt>
File: IM_FPGA_struttura.png Graphic file (type png)
<use IM_FPGA_struttura.png>
Package pdftex.def Info: IM_FPGA_struttura.png  used on input line 3491.
(pdftex.def)             Requested size: 298.11035pt x 131.89124pt.
 [102 </home/alessandromatteo_rossi/LOEFM/Elettronica_Sbobina/IM_flip_flop_NAND.PNG> </home/alessandromatteo_rossi/LOEFM/Elettronica_Sbobina/IM_FPGA.PNG> </home/alessandromatteo_rossi/LOEFM/Elettronica_Sbobina/IM_FPGA_struttura.PNG>]
<IM_discreta_vs_integrata.png, id=657, 642.90187pt x 274.77657pt>
File: IM_discreta_vs_integrata.png Graphic file (type png)
<use IM_discreta_vs_integrata.png>
Package pdftex.def Info: IM_discreta_vs_integrata.png  used on input line 3507.
(pdftex.def)             Requested size: 321.45015pt x 137.38794pt.
 [103 </home/alessandromatteo_rossi/LOEFM/Elettronica_Sbobina/IM_discreta_vs_integrata.PNG>] [104

] (/home/alessandromatteo_rossi/LOEFM/Elettronica_Sbobina/sbobina.aux) ) 
Here is how much of TeX's memory you used:
 8759 strings out of 482568
 146605 string characters out of 5952658
 377208 words of memory out of 5000000
 23813 multiletter control sequences out of 15000+600000
 551072 words of font info for 67 fonts, out of 8000000 for 9000
 309 hyphenation exceptions out of 8191
 48i,10n,46p,1106b,481s stack positions out of 5000i,500n,10000p,200000b,80000s
{/usr/share/texmf/fonts/enc/dvips/cm-super/cm-super-t1.enc}{/usr/share/texmf/fonts/enc/dvips/cm-super/cm-super-ts1.enc}</usr/share/texlive/texmf-dist/fonts/type1/public/amsfonts/cm/cmex10.pfb></usr/share/texlive/texmf-dist/fonts/type1/public/amsfonts/cm/cmmi10.pfb></usr/share/texlive/texmf-dist/fonts/type1/public/amsfonts/cm/cmmi5.pfb></usr/share/texlive/texmf-dist/fonts/type1/public/amsfonts/cm/cmmi6.pfb></usr/share/texlive/texmf-dist/fonts/type1/public/amsfonts/cm/cmmi7.pfb></usr/share/texlive/texmf-dist/fonts/type1/public/amsfonts/cm/cmmi8.pfb></usr/share/texlive/texmf-dist/fonts/type1/public/amsfonts/cm/cmr10.pfb></usr/share/texlive/texmf-dist/fonts/type1/public/amsfonts/cm/cmr5.pfb></usr/share/texlive/texmf-dist/fonts/type1/public/amsfonts/cm/cmr6.pfb></usr/share/texlive/texmf-dist/fonts/type1/public/amsfonts/cm/cmr7.pfb></usr/share/texlive/texmf-dist/fonts/type1/public/amsfonts/cm/cmr8.pfb></usr/share/texlive/texmf-dist/fonts/type1/public/amsfonts/cm/cmsy10.pfb></usr/share/texlive/texmf-dist/fonts/type1/public/amsfonts/cm/cmsy5.pfb></usr/share/texlive/texmf-dist/fonts/type1/public/amsfonts/cm/cmsy6.pfb></usr/share/texlive/texmf-dist/fonts/type1/public/amsfonts/cm/cmsy7.pfb></usr/share/texlive/texmf-dist/fonts/type1/public/amsfonts/cm/cmsy8.pfb></usr/share/texlive/texmf-dist/fonts/type1/public/amsfonts/symbols/msam10.pfb></usr/share/texlive/texmf-dist/fonts/type1/public/amsfonts/symbols/msbm10.pfb></usr/share/texmf/fonts/type1/public/cm-super/sfbx0900.pfb></usr/share/texmf/fonts/type1/public/cm-super/sfbx1000.pfb></usr/share/texmf/fonts/type1/public/cm-super/sfbx1200.pfb></usr/share/texmf/fonts/type1/public/cm-super/sfbx1440.pfb></usr/share/texmf/fonts/type1/public/cm-super/sfrm0600.pfb></usr/share/texmf/fonts/type1/public/cm-super/sfrm0700.pfb></usr/share/texmf/fonts/type1/public/cm-super/sfrm0800.pfb></usr/share/texmf/fonts/type1/public/cm-super/sfrm0900.pfb></usr/share/texmf/fonts/type1/public/cm-super/sfrm1000.pfb></usr/share/texmf/fonts/type1/public/cm-super/sfrm1200.pfb></usr/share/texmf/fonts/type1/public/cm-super/sfrm1728.pfb></usr/share/texmf/fonts/type1/public/cm-super/sfti1000.pfb>
Output written on /home/alessandromatteo_rossi/LOEFM/Elettronica_Sbobina/sbobina.pdf (104 pages, 5572258 bytes).
PDF statistics:
 766 PDF objects out of 1000 (max. 8388607)
 326 compressed objects within 4 object streams
 0 named destinations out of 1000 (max. 500000)
 806 words of extra memory for PDF output out of 10000 (max. 10000000)

