This is pdfTeX, Version 3.14159265-2.6-1.40.21 (MiKTeX 20.11) (preloaded format=pdflatex 2020.11.26)  29 JAN 2021 12:20
entering extended mode
**"C:/Users/Diego-Lorenzo/Documents/Lorenzo/TeXworks/Relazione Millikan/Bozza_M
illikan.tex"

("C:/Users/Diego-Lorenzo/Documents/Lorenzo/TeXworks/Relazione Millikan/Bozza_Mi
llikan.tex"
LaTeX2e <2020-10-01> patch level 2
L3 programming layer <2020-10-27> xparse <2020-03-03>
("C:\Program Files\MiKTeX\tex/latex/base\article.cls"
Document Class: article 2020/04/10 v1.4m Standard LaTeX document class
("C:\Program Files\MiKTeX\tex/latex/base\size10.clo"
File: size10.clo 2020/04/10 v1.4m Standard LaTeX file (size option)
)
\c@part=\count175
\c@section=\count176
\c@subsection=\count177
\c@subsubsection=\count178
\c@paragraph=\count179
\c@subparagraph=\count180
\c@figure=\count181
\c@table=\count182
\abovecaptionskip=\skip47
\belowcaptionskip=\skip48
\bibindent=\dimen138
)
("C:\Program Files\MiKTeX\tex/latex/base\inputenc.sty"
Package: inputenc 2020/08/01 v1.3d Input encoding file
\inpenc@prehook=\toks15
\inpenc@posthook=\toks16
)
("C:\Program Files\MiKTeX\tex/latex/base\fontenc.sty"
Package: fontenc 2020/08/10 v2.0s Standard LaTeX package
)
("C:\Program Files\MiKTeX\tex/latex/geometry\geometry.sty"
Package: geometry 2020/01/02 v5.9 Page Geometry

("C:\Program Files\MiKTeX\tex/latex/graphics\keyval.sty"
Package: keyval 2014/10/28 v1.15 key=value parser (DPC)
\KV@toks@=\toks17
)
("C:\Program Files\MiKTeX\tex/generic/iftex\ifvtex.sty"
Package: ifvtex 2019/10/25 v1.7 ifvtex legacy package. Use iftex instead.

("C:\Program Files\MiKTeX\tex/generic/iftex\iftex.sty"
Package: iftex 2020/03/06 v1.0d TeX engine tests
))
\Gm@cnth=\count183
\Gm@cntv=\count184
\c@Gm@tempcnt=\count185
\Gm@bindingoffset=\dimen139
\Gm@wd@mp=\dimen140
\Gm@odd@mp=\dimen141
\Gm@even@mp=\dimen142
\Gm@layoutwidth=\dimen143
\Gm@layoutheight=\dimen144
\Gm@layouthoffset=\dimen145
\Gm@layoutvoffset=\dimen146
\Gm@dimlist=\toks18

("C:\Program Files\MiKTeX\tex/latex/geometry\geometry.cfg"))
("C:\Program Files\MiKTeX\tex/latex/graphics\graphicx.sty"
Package: graphicx 2020/09/09 v1.2b Enhanced LaTeX Graphics (DPC,SPQR)

("C:\Program Files\MiKTeX\tex/latex/graphics\graphics.sty"
Package: graphics 2020/08/30 v1.4c Standard LaTeX Graphics (DPC,SPQR)

("C:\Program Files\MiKTeX\tex/latex/graphics\trig.sty"
Package: trig 2016/01/03 v1.10 sin cos tan (DPC)
)
("C:\Program Files\MiKTeX\tex/latex/graphics-cfg\graphics.cfg"
File: graphics.cfg 2016/06/04 v1.11 sample graphics configuration
)
Package graphics Info: Driver file: pdftex.def on input line 105.

("C:\Program Files\MiKTeX\tex/latex/graphics-def\pdftex.def"
File: pdftex.def 2020/10/05 v1.2a Graphics/color driver for pdftex
))
\Gin@req@height=\dimen147
\Gin@req@width=\dimen148
)
("C:\Program Files\MiKTeX\tex/latex/caption\subcaption.sty"
Package: subcaption 2020/10/07 v1.3j Sub-captions (AR)

("C:\Program Files\MiKTeX\tex/latex/caption\caption.sty"
Package: caption 2020/10/26 v3.5g Customizing captions (AR)

("C:\Program Files\MiKTeX\tex/latex/caption\caption3.sty"
Package: caption3 2020/10/21 v2.2e caption3 kernel (AR)
\captionmargin=\dimen149
\captionmargin@=\dimen150
\captionwidth=\dimen151
\caption@tempdima=\dimen152
\caption@indent=\dimen153
\caption@parindent=\dimen154
\caption@hangindent=\dimen155
Package caption Info: Standard document class detected.
)
\c@caption@flags=\count186
\c@continuedfloat=\count187
)
\c@subfigure=\count188
\c@subtable=\count189
)
("C:\Program Files\MiKTeX\tex/latex/tools\verbatim.sty"
Package: verbatim 2019/11/10 v1.5r LaTeX2e package for verbatim enhancements
\every@verbatim=\toks19
\verbatim@line=\toks20
\verbatim@in@stream=\read2
)
("C:\Program Files\MiKTeX\tex/latex/amsmath\amsmath.sty"
Package: amsmath 2020/09/23 v2.17i AMS math features
\@mathmargin=\skip49

For additional information on amsmath, use the `?' option.
("C:\Program Files\MiKTeX\tex/latex/amsmath\amstext.sty"
Package: amstext 2000/06/29 v2.01 AMS text

("C:\Program Files\MiKTeX\tex/latex/amsmath\amsgen.sty"
File: amsgen.sty 1999/11/30 v2.0 generic functions
\@emptytoks=\toks21
\ex@=\dimen156
))
("C:\Program Files\MiKTeX\tex/latex/amsmath\amsbsy.sty"
Package: amsbsy 1999/11/29 v1.2d Bold Symbols
\pmbraise@=\dimen157
)
("C:\Program Files\MiKTeX\tex/latex/amsmath\amsopn.sty"
Package: amsopn 2016/03/08 v2.02 operator names
)
\inf@bad=\count190
LaTeX Info: Redefining \frac on input line 234.
\uproot@=\count191
\leftroot@=\count192
LaTeX Info: Redefining \overline on input line 399.
\classnum@=\count193
\DOTSCASE@=\count194
LaTeX Info: Redefining \ldots on input line 496.
LaTeX Info: Redefining \dots on input line 499.
LaTeX Info: Redefining \cdots on input line 620.
\Mathstrutbox@=\box47
\strutbox@=\box48
\big@size=\dimen158
LaTeX Font Info:    Redeclaring font encoding OML on input line 743.
LaTeX Font Info:    Redeclaring font encoding OMS on input line 744.
\macc@depth=\count195
\c@MaxMatrixCols=\count196
\dotsspace@=\muskip16
\c@parentequation=\count197
\dspbrk@lvl=\count198
\tag@help=\toks22
\row@=\count199
\column@=\count266
\maxfields@=\count267
\andhelp@=\toks23
\eqnshift@=\dimen159
\alignsep@=\dimen160
\tagshift@=\dimen161
\tagwidth@=\dimen162
\totwidth@=\dimen163
\lineht@=\dimen164
\@envbody=\toks24
\multlinegap=\skip50
\multlinetaggap=\skip51
\mathdisplay@stack=\toks25
LaTeX Info: Redefining \[ on input line 2923.
LaTeX Info: Redefining \] on input line 2924.
)
("C:\Program Files\MiKTeX\tex/latex/amsfonts\amssymb.sty"
Package: amssymb 2013/01/14 v3.01 AMS font symbols

("C:\Program Files\MiKTeX\tex/latex/amsfonts\amsfonts.sty"
Package: amsfonts 2013/01/14 v3.01 Basic AMSFonts support
\symAMSa=\mathgroup4
\symAMSb=\mathgroup5
LaTeX Font Info:    Redeclaring math symbol \hbar on input line 98.
LaTeX Font Info:    Overwriting math alphabet `\mathfrak' in version `bold'
(Font)                  U/euf/m/n --> U/euf/b/n on input line 106.
))
("C:\Program Files\MiKTeX\tex/generic/babel\babel.sty"
Package: babel 2020/10/27 3.51 The Babel package

("C:\Program Files\MiKTeX\tex/generic/babel\babel.def"
File: babel.def 2020/10/27 3.51 Babel common definitions
\babel@savecnt=\count268
\U@D=\dimen165
\l@babelnohyphens=\language79

("C:\Program Files\MiKTeX\tex/generic/babel\txtbabel.def")
\bbl@readstream=\read3
)
\bbl@dirlevel=\count269

*************************************
* Local config file bblopts.cfg used
*
("C:\Program Files\MiKTeX\tex/latex/arabi\bblopts.cfg"
File: bblopts.cfg 2005/09/08 v0.1 add Arabic and Farsi to "declared" options of
 babel
)
("C:\Program Files\MiKTeX\tex/generic/babel-french\french.ldf"
Language: french 2020/10/10 v3.5l French support from the babel system
Package babel Info: \l@acadian = using hyphenrules for french
(babel)             (\language22) on input line 91.
Package babel Info: \l@canadien = using hyphenrules for french
(babel)             (\language22) on input line 92.
\FB@nonchar=\count270
Package babel Info: Making : an active character on input line 430.
Package babel Info: Making ; an active character on input line 431.
Package babel Info: Making ! an active character on input line 432.
Package babel Info: Making ? an active character on input line 433.
\FBguill@level=\count271
\FBold@everypar=\toks26
\FB@Mht=\dimen166
\mc@charclass=\count272
\mc@charfam=\count273
\mc@charslot=\count274
\std@mcc=\count275
\dec@mcc=\count276
\listindentFB=\dimen167
\descindentFB=\dimen168
\labelindentFB=\dimen169
\labelwidthFB=\dimen170
\leftmarginFB=\dimen171
\parindentFFN=\dimen172
\FBfnindent=\dimen173
)
("C:\Program Files\MiKTeX\tex/latex/babel-italian\italian.ldf"
Language: italian 2020/05/21 v.1.4.04 Italian support for the babel system
\it@lettering=\count277
\it@doublequoteactive=\count278
\it@ISOcompliance=\count279
))
("C:\Program Files\MiKTeX\tex/latex/carlisle\scalefnt.sty")
("C:\Program Files\MiKTeX\tex/latex/etoolbox\etoolbox.sty"
Package: etoolbox 2020/10/05 v2.5k e-TeX tools for LaTeX (JAW)
\etb@tempcnta=\count280
)
("C:\Program Files\MiKTeX\tex/latex/l3backend\l3backend-pdftex.def"
File: l3backend-pdftex.def 2020-09-24 L3 backend support: PDF output (pdfTeX)
\l__kernel_color_stack_int=\count281
\l__pdf_internal_box=\box49
)
No file Bozza_Millikan.aux.
\openout1 = `Bozza_Millikan.aux'.

LaTeX Font Info:    Checking defaults for OML/cmm/m/it on input line 19.
LaTeX Font Info:    ... okay on input line 19.
LaTeX Font Info:    Checking defaults for OMS/cmsy/m/n on input line 19.
LaTeX Font Info:    ... okay on input line 19.
LaTeX Font Info:    Checking defaults for OT1/cmr/m/n on input line 19.
LaTeX Font Info:    ... okay on input line 19.
LaTeX Font Info:    Checking defaults for T1/cmr/m/n on input line 19.
LaTeX Font Info:    ... okay on input line 19.
LaTeX Font Info:    Checking defaults for TS1/cmr/m/n on input line 19.
LaTeX Font Info:    ... okay on input line 19.
LaTeX Font Info:    Checking defaults for OMX/cmex/m/n on input line 19.
LaTeX Font Info:    ... okay on input line 19.
LaTeX Font Info:    Checking defaults for U/cmr/m/n on input line 19.
LaTeX Font Info:    ... okay on input line 19.
*geometry* driver: auto-detecting
*geometry* detected driver: pdftex
*geometry* verbose mode - [ preamble ] result:
* driver: pdftex
* paper: a4paper
* layout: <same size as paper>
* layoutoffset:(h,v)=(0.0pt,0.0pt)
* modes: 
* h-part:(L,W,R)=(89.62709pt, 418.25368pt, 89.6271pt)
* v-part:(T,H,B)=(101.40665pt, 591.5302pt, 152.11pt)
* \paperwidth=597.50787pt
* \paperheight=845.04684pt
* \textwidth=418.25368pt
* \textheight=591.5302pt
* \oddsidemargin=17.3571pt
* \evensidemargin=17.3571pt
* \topmargin=-7.86334pt
* \headheight=12.0pt
* \headsep=25.0pt
* \topskip=10.0pt
* \footskip=30.0pt
* \marginparwidth=65.0pt
* \marginparsep=11.0pt
* \columnsep=10.0pt
* \skip\footins=9.0pt plus 4.0pt minus 2.0pt
* \hoffset=0.0pt
* \voffset=0.0pt
* \mag=1000
* \@twocolumnfalse
* \@twosidefalse
* \@mparswitchfalse
* \@reversemarginfalse
* (1in=72.27pt=25.4mm, 1cm=28.453pt)

("C:\Program Files\MiKTeX\tex/context/base/mkii\supp-pdf.mkii"
[Loading MPS to PDF converter (version 2006.09.02).]
\scratchcounter=\count282
\scratchdimen=\dimen174
\scratchbox=\box50
\nofMPsegments=\count283
\nofMParguments=\count284
\everyMPshowfont=\toks27
\MPscratchCnt=\count285
\MPscratchDim=\dimen175
\MPnumerator=\count286
\makeMPintoPDFobject=\count287
\everyMPtoPDFconversion=\toks28
) ("C:\Program Files\MiKTeX\tex/latex/epstopdf-pkg\epstopdf-base.sty"
Package: epstopdf-base 2020-01-24 v2.11 Base part for package epstopdf
Package epstopdf-base Info: Redefining graphics rule for `.eps' on input line 4
85.
)
Package caption Info: Begin \AtBeginDocument code.
Package caption Info: french babel package is loaded.
Package caption Info: End \AtBeginDocument code.
LaTeX Info: Redefining \degres on input line 19.
LaTeX Info: Redefining \dots on input line 19.
LaTeX Info: Redefining \up on input line 19.
LaTeX Info: Redefining \it@ocap on input line 19.
LaTeX Info: Redefining \it@ccap on input line 19.
LaTeX Font Info:    Trying to load font information for U+msa on input line 20.


("C:\Program Files\MiKTeX\tex/latex/amsfonts\umsa.fd"
File: umsa.fd 2013/01/14 v3.01 AMS symbols A
)
LaTeX Font Info:    Trying to load font information for U+msb on input line 20.


("C:\Program Files\MiKTeX\tex/latex/amsfonts\umsb.fd"
File: umsb.fd 2013/01/14 v3.01 AMS symbols B
)
No file Bozza_Millikan.toc.
\tf@toc=\write3
\openout3 = `Bozza_Millikan.toc'.

[1

{C:/Users/Diego-Lorenzo/AppData/Local/MiKTeX/pdftex/config/pdftex.map}]
[2] [3]
<SchemaMillikan1.png, id=30, 457.71pt x 291.33844pt>
File: SchemaMillikan1.png Graphic file (type png)
<use SchemaMillikan1.png>
Package pdftex.def Info: SchemaMillikan1.png  used on input line 118.
(pdftex.def)             Requested size: 320.39482pt x 203.93552pt.
<SchemaMillikan2.png, id=32, 453.19313pt x 278.54062pt>
File: SchemaMillikan2.png Graphic file (type png)
<use SchemaMillikan2.png>
Package pdftex.def Info: SchemaMillikan2.png  used on input line 124.
(pdftex.def)             Requested size: 317.23302pt x 194.9771pt.
 [4 <C:/Users/Diego-Lorenzo/Documents/Lorenzo/TeXworks/Relazione Millikan/Schem
aMillikan1.png> <C:/Users/Diego-Lorenzo/Documents/Lorenzo/TeXworks/Relazione Mi
llikan/SchemaMillikan2.png>]
<FotoMillikan1.jpg, id=38, 4015.0pt x 3011.25pt>
File: FotoMillikan1.jpg Graphic file (type jpg)
<use FotoMillikan1.jpg>
Package pdftex.def Info: FotoMillikan1.jpg  used on input line 140.
(pdftex.def)             Requested size: 292.77629pt x 219.53914pt.
<FotoMillikan2.jpg, id=39, 4015.0pt x 3011.25pt>
File: FotoMillikan2.jpg Graphic file (type jpg)
<use FotoMillikan2.jpg>
Package pdftex.def Info: FotoMillikan2.jpg  used on input line 149.
(pdftex.def)             Requested size: 167.2989pt x 125.4378pt.
<FotoMillikan3.jpg, id=40, 4015.0pt x 3011.25pt>
File: FotoMillikan3.jpg Graphic file (type jpg)
<use FotoMillikan3.jpg>
Package pdftex.def Info: FotoMillikan3.jpg  used on input line 153.
(pdftex.def)             Requested size: 167.2989pt x 125.4378pt.


LaTeX Warning: `h' float specifier changed to `ht'.

<FotoMillikan4.jpg, id=41, 894.34125pt x 671.50874pt>
File: FotoMillikan4.jpg Graphic file (type jpg)
<use FotoMillikan4.jpg>
Package pdftex.def Info: FotoMillikan4.jpg  used on input line 161.
(pdftex.def)             Requested size: 250.95476pt x 188.42078pt.

LaTeX Warning: `!h' float specifier changed to `!ht'.


LaTeX Warning: Reference `TabRes' on page 5 undefined on input line 167.


LaTeX Warning: `!h' float specifier changed to `!ht'.


LaTeX Warning: `!h' float specifier changed to `!ht'.

[5 <C:/Users/Diego-Lorenzo/Documents/Lorenzo/TeXworks/Relazione Millikan/FotoMi
llikan1.jpg>]

LaTeX Warning: Text page 6 contains only floats.

[6 <C:/Users/Diego-Lorenzo/Documents/Lorenzo/TeXworks/Relazione Millikan/FotoMi
llikan2.jpg> <C:/Users/Diego-Lorenzo/Documents/Lorenzo/TeXworks/Relazione Milli
kan/FotoMillikan3.jpg> <C:/Users/Diego-Lorenzo/Documents/Lorenzo/TeXworks/Relaz
ione Millikan/FotoMillikan4.jpg>]

LaTeX Warning: Reference `raggio' on page 7 undefined on input line 216.

[7]
<Goccia1.png, id=56, 940.26282pt x 266.49562pt>
File: Goccia1.png Graphic file (type png)
<use Goccia1.png>
Package pdftex.def Info: Goccia1.png  used on input line 273.
(pdftex.def)             Requested size: 418.25368pt x 118.54341pt.
<Goccia2.png, id=57, 938.00438pt x 264.99pt>
File: Goccia2.png Graphic file (type png)
<use Goccia2.png>
Package pdftex.def Info: Goccia2.png  used on input line 282.
(pdftex.def)             Requested size: 418.25368pt x 118.15671pt.
 [8 <C:/Users/Diego-Lorenzo/Documents/Lorenzo/TeXworks/Relazione Millikan/Gocci
a1.png> <C:/Users/Diego-Lorenzo/Documents/Lorenzo/TeXworks/Relazione Millikan/G
occia2.png>]
<Goccia3.png, id=64, 939.51pt x 268.00125pt>
File: Goccia3.png Graphic file (type png)
<use Goccia3.png>
Package pdftex.def Info: Goccia3.png  used on input line 291.
(pdftex.def)             Requested size: 418.25368pt x 119.30719pt.
<Goccia4.png, id=65, 937.25156pt x 267.24844pt>
File: Goccia4.png Graphic file (type png)
<use Goccia4.png>
Package pdftex.def Info: Goccia4.png  used on input line 300.
(pdftex.def)             Requested size: 418.25368pt x 119.2616pt.
<Goccia5.png, id=66, 943.27406pt x 261.97874pt>
File: Goccia5.png Graphic file (type png)
<use Goccia5.png>
Package pdftex.def Info: Goccia5.png  used on input line 309.
(pdftex.def)             Requested size: 418.25368pt x 116.16243pt.
 [9 <C:/Users/Diego-Lorenzo/Documents/Lorenzo/TeXworks/Relazione Millikan/Gocci
a3.png> <C:/Users/Diego-Lorenzo/Documents/Lorenzo/TeXworks/Relazione Millikan/G
occia4.png> <C:/Users/Diego-Lorenzo/Documents/Lorenzo/TeXworks/Relazione Millik
an/Goccia5.png>]
<Goccia6.png, id=73, 939.51pt x 265.74281pt>
File: Goccia6.png Graphic file (type png)
<use Goccia6.png>
Package pdftex.def Info: Goccia6.png  used on input line 318.
(pdftex.def)             Requested size: 418.25368pt x 118.3018pt.
<Goccia7.png, id=74, 936.49875pt x 262.73157pt>
File: Goccia7.png Graphic file (type png)
<use Goccia7.png>
Package pdftex.def Info: Goccia7.png  used on input line 327.
(pdftex.def)             Requested size: 418.25368pt x 117.34212pt.
<Goccia8.png, id=75, 938.00438pt x 267.24844pt>
File: Goccia8.png Graphic file (type png)
<use Goccia8.png>
Package pdftex.def Info: Goccia8.png  used on input line 336.
(pdftex.def)             Requested size: 418.25368pt x 119.16373pt.
 [10 <C:/Users/Diego-Lorenzo/Documents/Lorenzo/TeXworks/Relazione Millikan/Gocc
ia6.png> <C:/Users/Diego-Lorenzo/Documents/Lorenzo/TeXworks/Relazione Millikan/
Goccia7.png> <C:/Users/Diego-Lorenzo/Documents/Lorenzo/TeXworks/Relazione Milli
kan/Goccia8.png>]
<Goccia9.png, id=82, 936.49875pt x 264.99pt>
File: Goccia9.png Graphic file (type png)
<use Goccia9.png>
Package pdftex.def Info: Goccia9.png  used on input line 345.
(pdftex.def)             Requested size: 418.25368pt x 118.3508pt.
<Goccia10.png, id=83, 937.25156pt x 270.25969pt>
File: Goccia10.png Graphic file (type png)
<use Goccia10.png>
Package pdftex.def Info: Goccia10.png  used on input line 354.
(pdftex.def)             Requested size: 418.25368pt x 120.6054pt.
<Confronto_r_1.png, id=84, 355.3275pt x 207.77625pt>
File: Confronto_r_1.png Graphic file (type png)
<use Confronto_r_1.png>
Package pdftex.def Info: Confronto_r_1.png  used on input line 361.
(pdftex.def)             Requested size: 250.95476pt x 146.74858pt.
 [11 <C:/Users/Diego-Lorenzo/Documents/Lorenzo/TeXworks/Relazione Millikan/Gocc
ia9.png> <C:/Users/Diego-Lorenzo/Documents/Lorenzo/TeXworks/Relazione Millikan/
Goccia10.png> <C:/Users/Diego-Lorenzo/Documents/Lorenzo/TeXworks/Relazione Mill
ikan/Confronto_r_1.png>]
<Goccia11.png, id=91, 938.00438pt x 268.00125pt>
File: Goccia11.png Graphic file (type png)
<use Goccia11.png>
Package pdftex.def Info: Goccia11.png  used on input line 405.
(pdftex.def)             Requested size: 418.25368pt x 119.49939pt.
<Goccia12.png, id=92, 938.00438pt x 267.24844pt>
File: Goccia12.png Graphic file (type png)
<use Goccia12.png>
Package pdftex.def Info: Goccia12.png  used on input line 414.
(pdftex.def)             Requested size: 418.25368pt x 119.16373pt.


LaTeX Warning: `h' float specifier changed to `ht'.

[12 <C:/Users/Diego-Lorenzo/Documents/Lorenzo/TeXworks/Relazione Millikan/Gocci
a11.png>]
<Goccia13.png, id=97, 946.28531pt x 270.25969pt>
File: Goccia13.png Graphic file (type png)
<use Goccia13.png>
Package pdftex.def Info: Goccia13.png  used on input line 423.
(pdftex.def)             Requested size: 418.25368pt x 119.45071pt.
<Goccia14.png, id=98, 941.76843pt x 268.00125pt>
File: Goccia14.png Graphic file (type png)
<use Goccia14.png>
Package pdftex.def Info: Goccia14.png  used on input line 432.
(pdftex.def)             Requested size: 418.25368pt x 119.02502pt.
<Goccia15.png, id=99, 938.75719pt x 268.00125pt>
File: Goccia15.png Graphic file (type png)
<use Goccia15.png>
Package pdftex.def Info: Goccia15.png  used on input line 441.
(pdftex.def)             Requested size: 418.25368pt x 119.40533pt.


LaTeX Warning: `h' float specifier changed to `ht'.

[13 <C:/Users/Diego-Lorenzo/Documents/Lorenzo/TeXworks/Relazione Millikan/Gocci
a12.png> <C:/Users/Diego-Lorenzo/Documents/Lorenzo/TeXworks/Relazione Millikan/
Goccia13.png> <C:/Users/Diego-Lorenzo/Documents/Lorenzo/TeXworks/Relazione Mill
ikan/Goccia14.png>]
<Goccia16.png, id=107, 941.01563pt x 268.75406pt>
File: Goccia16.png Graphic file (type png)
<use Goccia16.png>
Package pdftex.def Info: Goccia16.png  used on input line 450.
(pdftex.def)             Requested size: 418.25368pt x 119.45369pt.
<Goccia17.png, id=108, 939.51pt x 267.24844pt>
File: Goccia17.png Graphic file (type png)
<use Goccia17.png>
Package pdftex.def Info: Goccia17.png  used on input line 459.
(pdftex.def)             Requested size: 418.25368pt x 118.97208pt.
<Goccia18.png, id=109, 940.26282pt x 265.74281pt>
File: Goccia18.png Graphic file (type png)
<use Goccia18.png>
Package pdftex.def Info: Goccia18.png  used on input line 468.
(pdftex.def)             Requested size: 418.25368pt x 118.20854pt.


LaTeX Warning: `h' float specifier changed to `ht'.

[14 <C:/Users/Diego-Lorenzo/Documents/Lorenzo/TeXworks/Relazione Millikan/Gocci
a15.png> <C:/Users/Diego-Lorenzo/Documents/Lorenzo/TeXworks/Relazione Millikan/
Goccia16.png> <C:/Users/Diego-Lorenzo/Documents/Lorenzo/TeXworks/Relazione Mill
ikan/Goccia17.png>]
<Goccia19.png, id=116, 938.00438pt x 268.00125pt>
File: Goccia19.png Graphic file (type png)
<use Goccia19.png>
Package pdftex.def Info: Goccia19.png  used on input line 477.
(pdftex.def)             Requested size: 418.25368pt x 119.49939pt.
<Confronto_r_2.png, id=117, 354.57469pt x 209.28188pt>
File: Confronto_r_2.png Graphic file (type png)
<use Confronto_r_2.png>
Package pdftex.def Info: Confronto_r_2.png  used on input line 486.
(pdftex.def)             Requested size: 250.95476pt x 148.12492pt.
 [15 <C:/Users/Diego-Lorenzo/Documents/Lorenzo/TeXworks/Relazione Millikan/Gocc
ia18.png> <C:/Users/Diego-Lorenzo/Documents/Lorenzo/TeXworks/Relazione Millikan
/Goccia19.png> <C:/Users/Diego-Lorenzo/Documents/Lorenzo/TeXworks/Relazione Mil
likan/Confronto_r_2.png>]
<Goccia20.png, id=124, 938.75719pt x 267.24844pt>
File: Goccia20.png Graphic file (type png)
<use Goccia20.png>
Package pdftex.def Info: Goccia20.png  used on input line 530.
(pdftex.def)             Requested size: 418.25368pt x 119.06995pt.
<Goccia21.png, id=125, 941.01563pt x 267.24844pt>
File: Goccia21.png Graphic file (type png)
<use Goccia21.png>
Package pdftex.def Info: Goccia21.png  used on input line 539.
(pdftex.def)             Requested size: 418.25368pt x 118.78448pt.
 [16 <C:/Users/Diego-Lorenzo/Documents/Lorenzo/TeXworks/Relazione Millikan/Gocc
ia20.png> <C:/Users/Diego-Lorenzo/Documents/Lorenzo/TeXworks/Relazione Millikan
/Goccia21.png>]
<Goccia22.png, id=131, 939.51pt x 268.00125pt>
File: Goccia22.png Graphic file (type png)
<use Goccia22.png>
Package pdftex.def Info: Goccia22.png  used on input line 548.
(pdftex.def)             Requested size: 418.25368pt x 119.30719pt.
<Goccia23.png, id=132, 940.26282pt x 266.49562pt>
File: Goccia23.png Graphic file (type png)
<use Goccia23.png>
Package pdftex.def Info: Goccia23.png  used on input line 557.
(pdftex.def)             Requested size: 418.25368pt x 118.54341pt.
<Confronto_r_3.png, id=133, 271.0125pt x 214.55156pt>
File: Confronto_r_3.png Graphic file (type png)
<use Confronto_r_3.png>
Package pdftex.def Info: Confronto_r_3.png  used on input line 564.
(pdftex.def)             Requested size: 209.12683pt x 165.56532pt.
 [17 <C:/Users/Diego-Lorenzo/Documents/Lorenzo/TeXworks/Relazione Millikan/Gocc
ia22.png> <C:/Users/Diego-Lorenzo/Documents/Lorenzo/TeXworks/Relazione Millikan
/Goccia23.png> <C:/Users/Diego-Lorenzo/Documents/Lorenzo/TeXworks/Relazione Mil
likan/Confronto_r_3.png>]
!pdfTeX error: pdflatex (file C:/Users/Diego-Lorenzo/Documents/Lorenzo/TeXworks
/Relazione Millikan/S_q.png): libpng: internal error
 ==> Fatal error occurred, no output PDF file produced!
