This is pdfTeX, Version 3.14159265-2.6-1.40.20 (TeX Live 2019/Debian) (preloaded format=pdflatex 2021.6.17)  19 JUN 2021 00:28
entering extended mode
 restricted \write18 enabled.
 file:line:error style messages enabled.
 %&-line parsing enabled.
**/home/alessandromatteo_rossi/LOEFM/Relazione/calculator/tambini.tex
(/home/alessandromatteo_rossi/LOEFM/Relazione/calculator/tambini.tex
LaTeX2e <2020-02-02> patch level 2
L3 programming layer <2020-02-14> (/usr/share/texlive/texmf-dist/tex/latex/base/article.cls
Document Class: article 2019/12/20 v1.4l Standard LaTeX document class
(/usr/share/texlive/texmf-dist/tex/latex/base/size10.clo
File: size10.clo 2019/12/20 v1.4l Standard LaTeX file (size option)
)
\c@part=\count167
\c@section=\count168
\c@subsection=\count169
\c@subsubsection=\count170
\c@paragraph=\count171
\c@subparagraph=\count172
\c@figure=\count173
\c@table=\count174
\abovecaptionskip=\skip47
\belowcaptionskip=\skip48
\bibindent=\dimen134
) (/usr/share/texlive/texmf-dist/tex/latex/base/inputenc.sty
Package: inputenc 2018/08/11 v1.3c Input encoding file
\inpenc@prehook=\toks14
\inpenc@posthook=\toks15
) (/usr/share/texlive/texmf-dist/tex/latex/base/fontenc.sty
Package: fontenc 2020/02/11 v2.0o Standard LaTeX package
) (/usr/share/texlive/texmf-dist/tex/latex/geometry/geometry.sty
Package: geometry 2020/01/02 v5.9 Page Geometry
 (/usr/share/texlive/texmf-dist/tex/latex/graphics/keyval.sty
Package: keyval 2014/10/28 v1.15 key=value parser (DPC)
\KV@toks@=\toks16
) (/usr/share/texlive/texmf-dist/tex/generic/iftex/ifvtex.sty
Package: ifvtex 2019/10/25 v1.7 ifvtex legacy package. Use iftex instead.
 (/usr/share/texlive/texmf-dist/tex/generic/iftex/iftex.sty
Package: iftex 2019/11/07 v1.0c TeX engine tests
))
\Gm@cnth=\count175
\Gm@cntv=\count176
\c@Gm@tempcnt=\count177
\Gm@bindingoffset=\dimen135
\Gm@wd@mp=\dimen136
\Gm@odd@mp=\dimen137
\Gm@even@mp=\dimen138
\Gm@layoutwidth=\dimen139
\Gm@layoutheight=\dimen140
\Gm@layouthoffset=\dimen141
\Gm@layoutvoffset=\dimen142
\Gm@dimlist=\toks17
) (/usr/share/texlive/texmf-dist/tex/latex/xcolor/xcolor.sty
Package: xcolor 2016/05/11 v2.12 LaTeX color extensions (UK)
 (/usr/share/texlive/texmf-dist/tex/latex/graphics-cfg/color.cfg
File: color.cfg 2016/01/02 v1.6 sample color configuration
)
Package xcolor Info: Driver file: pdftex.def on input line 225.
 (/usr/share/texlive/texmf-dist/tex/latex/graphics-def/pdftex.def
File: pdftex.def 2018/01/08 v1.0l Graphics/color driver for pdftex
)
Package xcolor Info: Model `cmy' substituted by `cmy0' on input line 1348.
Package xcolor Info: Model `hsb' substituted by `rgb' on input line 1352.
Package xcolor Info: Model `RGB' extended on input line 1364.
Package xcolor Info: Model `HTML' substituted by `rgb' on input line 1366.
Package xcolor Info: Model `Hsb' substituted by `hsb' on input line 1367.
Package xcolor Info: Model `tHsb' substituted by `hsb' on input line 1368.
Package xcolor Info: Model `HSB' substituted by `hsb' on input line 1369.
Package xcolor Info: Model `Gray' substituted by `gray' on input line 1370.
Package xcolor Info: Model `wave' substituted by `hsb' on input line 1371.
) (/usr/share/texlive/texmf-dist/tex/latex/graphics/graphicx.sty
Package: graphicx 2019/11/30 v1.2a Enhanced LaTeX Graphics (DPC,SPQR)
 (/usr/share/texlive/texmf-dist/tex/latex/graphics/graphics.sty
Package: graphics 2019/11/30 v1.4a Standard LaTeX Graphics (DPC,SPQR)
 (/usr/share/texlive/texmf-dist/tex/latex/graphics/trig.sty
Package: trig 2016/01/03 v1.10 sin cos tan (DPC)
) (/usr/share/texlive/texmf-dist/tex/latex/graphics-cfg/graphics.cfg
File: graphics.cfg 2016/06/04 v1.11 sample graphics configuration
)
Package graphics Info: Driver file: pdftex.def on input line 105.
)
\Gin@req@height=\dimen143
\Gin@req@width=\dimen144
) (/usr/share/texlive/texmf-dist/tex/latex/caption/subcaption.sty
Package: subcaption 2020/01/22 v1.3d Sub-captions (AR)
 (/usr/share/texlive/texmf-dist/tex/latex/caption/caption.sty
Package: caption 2020/01/03 v3.4h Customizing captions (AR)
 (/usr/share/texlive/texmf-dist/tex/latex/caption/caption3.sty
Package: caption3 2020/01/03 v1.8h caption3 kernel (AR)
Package caption3 Info: TeX engine: e-TeX on input line 61.
\captionmargin=\dimen145
\captionmargin@=\dimen146
\captionwidth=\dimen147
\caption@tempdima=\dimen148
\caption@indent=\dimen149
\caption@parindent=\dimen150
\caption@hangindent=\dimen151
Package caption Info: Standard document class detected.
)
\c@caption@flags=\count178
\c@continuedfloat=\count179
)
\c@subfigure=\count180
\c@subtable=\count181
) (/usr/share/texlive/texmf-dist/tex/latex/tools/verbatim.sty
Package: verbatim 2019/11/10 v1.5r LaTeX2e package for verbatim enhancements
\every@verbatim=\toks18
\verbatim@line=\toks19
\verbatim@in@stream=\read2
) (/usr/share/texlive/texmf-dist/tex/latex/amsmath/amsmath.sty
Package: amsmath 2020/01/20 v2.17e AMS math features
\@mathmargin=\skip49

For additional information on amsmath, use the `?' option.
(/usr/share/texlive/texmf-dist/tex/latex/amsmath/amstext.sty
Package: amstext 2000/06/29 v2.01 AMS text
 (/usr/share/texlive/texmf-dist/tex/latex/amsmath/amsgen.sty
File: amsgen.sty 1999/11/30 v2.0 generic functions
\@emptytoks=\toks20
\ex@=\dimen152
)) (/usr/share/texlive/texmf-dist/tex/latex/amsmath/amsbsy.sty
Package: amsbsy 1999/11/29 v1.2d Bold Symbols
\pmbraise@=\dimen153
) (/usr/share/texlive/texmf-dist/tex/latex/amsmath/amsopn.sty
Package: amsopn 2016/03/08 v2.02 operator names
)
\inf@bad=\count182
LaTeX Info: Redefining \frac on input line 227.
\uproot@=\count183
\leftroot@=\count184
LaTeX Info: Redefining \overline on input line 389.
\classnum@=\count185
\DOTSCASE@=\count186
LaTeX Info: Redefining \ldots on input line 486.
LaTeX Info: Redefining \dots on input line 489.
LaTeX Info: Redefining \cdots on input line 610.
\Mathstrutbox@=\box45
\strutbox@=\box46
\big@size=\dimen154
LaTeX Font Info:    Redeclaring font encoding OML on input line 733.
LaTeX Font Info:    Redeclaring font encoding OMS on input line 734.
\macc@depth=\count187
\c@MaxMatrixCols=\count188
\dotsspace@=\muskip16
\c@parentequation=\count189
\dspbrk@lvl=\count190
\tag@help=\toks21
\row@=\count191
\column@=\count192
\maxfields@=\count193
\andhelp@=\toks22
\eqnshift@=\dimen155
\alignsep@=\dimen156
\tagshift@=\dimen157
\tagwidth@=\dimen158
\totwidth@=\dimen159
\lineht@=\dimen160
\@envbody=\toks23
\multlinegap=\skip50
\multlinetaggap=\skip51
\mathdisplay@stack=\toks24
LaTeX Info: Redefining \[ on input line 2859.
LaTeX Info: Redefining \] on input line 2860.
) (/usr/share/texlive/texmf-dist/tex/latex/amsfonts/amssymb.sty
Package: amssymb 2013/01/14 v3.01 AMS font symbols
 (/usr/share/texlive/texmf-dist/tex/latex/amsfonts/amsfonts.sty
Package: amsfonts 2013/01/14 v3.01 Basic AMSFonts support
\symAMSa=\mathgroup4
\symAMSb=\mathgroup5
LaTeX Font Info:    Redeclaring math symbol \hbar on input line 98.
LaTeX Font Info:    Overwriting math alphabet `\mathfrak' in version `bold'
(Font)                  U/euf/m/n --> U/euf/b/n on input line 106.
)) (/usr/share/texlive/texmf-dist/tex/latex/amscls/amsthm.sty
Package: amsthm 2017/10/31 v2.20.4
\thm@style=\toks25
\thm@bodyfont=\toks26
\thm@headfont=\toks27
\thm@notefont=\toks28
\thm@headpunct=\toks29
\thm@preskip=\skip52
\thm@postskip=\skip53
\thm@headsep=\skip54
\dth@everypar=\toks30
) (/usr/share/texlive/texmf-dist/tex/latex/steinmetz/steinmetz.sty
Package: steinmetz 2009/06/14 v1.0 Steinmetz symbol for electrotechnics
 (/usr/share/texlive/texmf-dist/tex/latex/pict2e/pict2e.sty
Package: pict2e 2019/08/20 v0.3c Improved picture commands (HjG,RN,JT)
 (/usr/share/texlive/texmf-dist/tex/latex/pict2e/pict2e.cfg
File: pict2e.cfg 2016/02/05 v0.1u pict2e configuration for teTeX/TeXLive
)
Package pict2e Info: Driver file: pdftex.def on input line 119.
Package pict2e Info: Driver file for pict2e: p2e-pdftex.def on input line 121.
 (/usr/share/texlive/texmf-dist/tex/latex/pict2e/p2e-pdftex.def
File: p2e-pdftex.def 2016/02/05 v0.1u Driver-dependant file (RN,HjG,JT)
)
\pIIe@GRAPH=\toks31
\@arclen=\dimen161
\@arcrad=\dimen162
\@tempdimd=\dimen163
)
\stm@phasebox=\box47
\stm@phasedp=\skip55
\stm@phaseht=\skip56
\stm@phasetot=\skip57
\stm@phasewd=\skip58
) (/usr/share/texlive/texmf-dist/tex/latex/oberdiek/stackrel.sty
Package: stackrel 2016/05/16 v1.3 Adding subscript option to stackrel (HO)
 (/usr/share/texlive/texmf-dist/tex/generic/etexcmds/etexcmds.sty
Package: etexcmds 2019/12/15 v1.7 Avoid name clashes with e-TeX commands (HO)
 (/usr/share/texlive/texmf-dist/tex/generic/infwarerr/infwarerr.sty
Package: infwarerr 2019/12/03 v1.5 Providing info/warning/error messages (HO)
)) (/usr/share/texlive/texmf-dist/tex/latex/pdftexcmds/pdftexcmds.sty
Package: pdftexcmds 2019/11/24 v0.31 Utility functions of pdfTeX for LuaTeX (HO)
 (/usr/share/texlive/texmf-dist/tex/generic/ltxcmds/ltxcmds.sty
Package: ltxcmds 2019/12/15 v1.24 LaTeX kernel commands for general use (HO)
)
Package pdftexcmds Info: \pdf@primitive is available.
Package pdftexcmds Info: \pdf@ifprimitive is available.
Package pdftexcmds Info: \pdfdraftmode found.
)) (/usr/share/texlive/texmf-dist/tex/latex/mathtools/mathtools.sty
Package: mathtools 2020/01/17 v1.23 mathematical typesetting tools
 (/usr/share/texlive/texmf-dist/tex/latex/tools/calc.sty
Package: calc 2017/05/25 v4.3 Infix arithmetic (KKT,FJ)
\calc@Acount=\count194
\calc@Bcount=\count195
\calc@Adimen=\dimen164
\calc@Bdimen=\dimen165
\calc@Askip=\skip59
\calc@Bskip=\skip60
LaTeX Info: Redefining \setlength on input line 80.
LaTeX Info: Redefining \addtolength on input line 81.
\calc@Ccount=\count196
\calc@Cskip=\skip61
) (/usr/share/texlive/texmf-dist/tex/latex/mathtools/mhsetup.sty
Package: mhsetup 2017/03/31 v1.3 programming setup (MH)
)
LaTeX Info: Thecontrolsequence`\('isalreadyrobust on input line 129.
LaTeX Info: Thecontrolsequence`\)'isalreadyrobust on input line 129.
LaTeX Info: Thecontrolsequence`\['isalreadyrobust on input line 129.
LaTeX Info: Thecontrolsequence`\]'isalreadyrobust on input line 129.
\g_MT_multlinerow_int=\count197
\l_MT_multwidth_dim=\dimen166
\origjot=\skip62
\l_MT_shortvdotswithinadjustabove_dim=\dimen167
\l_MT_shortvdotswithinadjustbelow_dim=\dimen168
\l_MT_above_intertext_sep=\dimen169
\l_MT_below_intertext_sep=\dimen170
\l_MT_above_shortintertext_sep=\dimen171
\l_MT_below_shortintertext_sep=\dimen172
) (/usr/share/texlive/texmf-dist/tex/latex/hyperref/hyperref.sty
Package: hyperref 2020/01/14 v7.00d Hypertext links for LaTeX
 (/usr/share/texlive/texmf-dist/tex/generic/kvsetkeys/kvsetkeys.sty
Package: kvsetkeys 2019/12/15 v1.18 Key value parser (HO)
) (/usr/share/texlive/texmf-dist/tex/generic/kvdefinekeys/kvdefinekeys.sty
Package: kvdefinekeys 2019-12-19 v1.6 Define keys (HO)
) (/usr/share/texlive/texmf-dist/tex/generic/pdfescape/pdfescape.sty
Package: pdfescape 2019/12/09 v1.15 Implements pdfTeX's escape features (HO)
) (/usr/share/texlive/texmf-dist/tex/latex/hycolor/hycolor.sty
Package: hycolor 2020-01-27 v1.10 Color options for hyperref/bookmark (HO)
) (/usr/share/texlive/texmf-dist/tex/latex/letltxmacro/letltxmacro.sty
Package: letltxmacro 2019/12/03 v1.6 Let assignment for LaTeX macros (HO)
) (/usr/share/texlive/texmf-dist/tex/latex/auxhook/auxhook.sty
Package: auxhook 2019-12-17 v1.6 Hooks for auxiliary files (HO)
) (/usr/share/texlive/texmf-dist/tex/latex/kvoptions/kvoptions.sty
Package: kvoptions 2019/11/29 v3.13 Key value format for package options (HO)
)
\@linkdim=\dimen173
\Hy@linkcounter=\count198
\Hy@pagecounter=\count199
 (/usr/share/texlive/texmf-dist/tex/latex/hyperref/pd1enc.def
File: pd1enc.def 2020/01/14 v7.00d Hyperref: PDFDocEncoding definition (HO)
Now handling font encoding PD1 ...
... no UTF-8 mapping file for font encoding PD1
) (/usr/share/texlive/texmf-dist/tex/generic/intcalc/intcalc.sty
Package: intcalc 2019/12/15 v1.3 Expandable calculations with integers (HO)
)
\Hy@SavedSpaceFactor=\count266
\pdfmajorversion=\count267
Package hyperref Info: Hyper figures OFF on input line 4547.
Package hyperref Info: Link nesting OFF on input line 4552.
Package hyperref Info: Hyper index ON on input line 4555.
Package hyperref Info: Plain pages OFF on input line 4562.
Package hyperref Info: Backreferencing OFF on input line 4567.
Package hyperref Info: Implicit mode ON; LaTeX internals redefined.
Package hyperref Info: Bookmarks ON on input line 4800.
\c@Hy@tempcnt=\count268
 (/usr/share/texlive/texmf-dist/tex/latex/url/url.sty
\Urlmuskip=\muskip17
Package: url 2013/09/16  ver 3.4  Verb mode for urls, etc.
)
LaTeX Info: Redefining \url on input line 5159.
\XeTeXLinkMargin=\dimen174
 (/usr/share/texlive/texmf-dist/tex/generic/bitset/bitset.sty
Package: bitset 2019/12/09 v1.3 Handle bit-vector datatype (HO)
 (/usr/share/texlive/texmf-dist/tex/generic/bigintcalc/bigintcalc.sty
Package: bigintcalc 2019/12/15 v1.5 Expandable calculations on big integers (HO)
))
\Fld@menulength=\count269
\Field@Width=\dimen175
\Fld@charsize=\dimen176
Package hyperref Info: Hyper figures OFF on input line 6430.
Package hyperref Info: Link nesting OFF on input line 6435.
Package hyperref Info: Hyper index ON on input line 6438.
Package hyperref Info: backreferencing OFF on input line 6445.
Package hyperref Info: Link coloring OFF on input line 6450.
Package hyperref Info: Link coloring with OCG OFF on input line 6455.
Package hyperref Info: PDF/A mode OFF on input line 6460.
LaTeX Info: Redefining \ref on input line 6500.
LaTeX Info: Redefining \pageref on input line 6504.
 (/usr/share/texlive/texmf-dist/tex/generic/atbegshi/atbegshi.sty
Package: atbegshi 2019/12/05 v1.19 At begin shipout hook (HO)
)
\Hy@abspage=\count270
\c@Item=\count271
\c@Hfootnote=\count272
)
Package hyperref Info: Driver (autodetected): hpdftex.
 (/usr/share/texlive/texmf-dist/tex/latex/hyperref/hpdftex.def
File: hpdftex.def 2020/01/14 v7.00d Hyperref driver for pdfTeX
 (/usr/share/texlive/texmf-dist/tex/latex/atveryend/atveryend.sty
Package: atveryend 2019-12-11 v1.11 Hooks at the very end of document (HO)
Package atveryend Info: \enddocument detected (standard20110627).
)
\Fld@listcount=\count273
\c@bookmark@seq@number=\count274
 (/usr/share/texlive/texmf-dist/tex/latex/rerunfilecheck/rerunfilecheck.sty
Package: rerunfilecheck 2019/12/05 v1.9 Rerun checks for auxiliary files (HO)
 (/usr/share/texlive/texmf-dist/tex/generic/uniquecounter/uniquecounter.sty
Package: uniquecounter 2019/12/15 v1.4 Provide unlimited unique counter (HO)
)
Package uniquecounter Info: New unique counter `rerunfilecheck' on input line 286.
)
\Hy@SectionHShift=\skip63
) (/usr/share/texlive/texmf-dist/tex/generic/babel/babel.sty
Package: babel 2020/02/14 3.40 The Babel package
 (/usr/share/texlive/texmf-dist/tex/generic/babel/switch.def
File: switch.def 2020/02/14 3.40 Babel switching mechanism
) (/usr/share/texlive/texmf-dist/tex/generic/babel-english/english.ldf
Language: english 2017/06/06 v3.3r English support from the babel system
 (/usr/share/texlive/texmf-dist/tex/generic/babel/babel.def
File: babel.def 2020/02/14 3.40 Babel common definitions
\babel@savecnt=\count275
\U@D=\dimen177
 (/usr/share/texlive/texmf-dist/tex/generic/babel/txtbabel.def)
\bbl@readstream=\read3
\bbl@dirlevel=\count276
)
Package babel Info: \l@british = using hyphenrules for english
(babel)             (\language0) on input line 82.
Package babel Info: \l@UKenglish = using hyphenrules for english
(babel)             (\language0) on input line 83.
Package babel Info: \l@canadian = using hyphenrules for english
(babel)             (\language0) on input line 102.
Package babel Info: \l@australian = using hyphenrules for english
(babel)             (\language0) on input line 105.
Package babel Info: \l@newzealand = using hyphenrules for english
(babel)             (\language0) on input line 108.
))
Package hyperref Info: Option `colorlinks' set `true' on input line 28.
 (/usr/share/texlive/texmf-dist/tex/latex/l3backend/l3backend-pdfmode.def
File: l3backend-pdfmode.def 2020-02-03 L3 backend support: PDF mode
\l__kernel_color_stack_int=\count277
\l__pdf_internal_box=\box48
) (/home/alessandromatteo_rossi/LOEFM/Relazione/calculator/tambini.aux)
\openout1 = `tambini.aux'.

LaTeX Font Info:    Checking defaults for OML/cmm/m/it on input line 36.
LaTeX Font Info:    ... okay on input line 36.
LaTeX Font Info:    Checking defaults for OMS/cmsy/m/n on input line 36.
LaTeX Font Info:    ... okay on input line 36.
LaTeX Font Info:    Checking defaults for OT1/cmr/m/n on input line 36.
LaTeX Font Info:    ... okay on input line 36.
LaTeX Font Info:    Checking defaults for T1/cmr/m/n on input line 36.
LaTeX Font Info:    ... okay on input line 36.
LaTeX Font Info:    Checking defaults for TS1/cmr/m/n on input line 36.
LaTeX Font Info:    ... okay on input line 36.
LaTeX Font Info:    Checking defaults for OMX/cmex/m/n on input line 36.
LaTeX Font Info:    ... okay on input line 36.
LaTeX Font Info:    Checking defaults for U/cmr/m/n on input line 36.
LaTeX Font Info:    ... okay on input line 36.
LaTeX Font Info:    Checking defaults for PD1/pdf/m/n on input line 36.
LaTeX Font Info:    ... okay on input line 36.

*geometry* driver: auto-detecting
*geometry* detected driver: pdftex
*geometry* verbose mode - [ preamble ] result:
* driver: pdftex
* paper: a4paper
* layout: <same size as paper>
* layoutoffset:(h,v)=(0.0pt,0.0pt)
* modes: 
* h-part:(L,W,R)=(89.62709pt, 418.25368pt, 89.6271pt)
* v-part:(T,H,B)=(101.40665pt, 591.5302pt, 152.11pt)
* \paperwidth=597.50787pt
* \paperheight=845.04684pt
* \textwidth=418.25368pt
* \textheight=591.5302pt
* \oddsidemargin=17.3571pt
* \evensidemargin=17.3571pt
* \topmargin=-7.86334pt
* \headheight=12.0pt
* \headsep=25.0pt
* \topskip=10.0pt
* \footskip=30.0pt
* \marginparwidth=65.0pt
* \marginparsep=11.0pt
* \columnsep=10.0pt
* \skip\footins=9.0pt plus 4.0pt minus 2.0pt
* \hoffset=0.0pt
* \voffset=0.0pt
* \mag=1000
* \@twocolumnfalse
* \@twosidefalse
* \@mparswitchfalse
* \@reversemarginfalse
* (1in=72.27pt=25.4mm, 1cm=28.453pt)

(/usr/share/texlive/texmf-dist/tex/context/base/mkii/supp-pdf.mkii
[Loading MPS to PDF converter (version 2006.09.02).]
\scratchcounter=\count278
\scratchdimen=\dimen178
\scratchbox=\box49
\nofMPsegments=\count279
\nofMParguments=\count280
\everyMPshowfont=\toks32
\MPscratchCnt=\count281
\MPscratchDim=\dimen179
\MPnumerator=\count282
\makeMPintoPDFobject=\count283
\everyMPtoPDFconversion=\toks33
) (/usr/share/texlive/texmf-dist/tex/latex/epstopdf-pkg/epstopdf-base.sty
Package: epstopdf-base 2020-01-24 v2.11 Base part for package epstopdf
 (/usr/share/texlive/texmf-dist/tex/latex/grfext/grfext.sty
Package: grfext 2019/12/03 v1.3 Manage graphics extensions (HO)
)
Package epstopdf-base Info: Redefining graphics rule for `.eps' on input line 485.
Package grfext Info: Graphics extension search list:
(grfext)             [.pdf,.png,.jpg,.mps,.jpeg,.jbig2,.jb2,.PDF,.PNG,.JPG,.JPEG,.JBIG2,.JB2,.eps]
(grfext)             \AppendGraphicsExtensions on input line 504.
 (/usr/share/texlive/texmf-dist/tex/latex/latexconfig/epstopdf-sys.cfg
File: epstopdf-sys.cfg 2010/07/13 v1.3 Configuration of (r)epstopdf for TeX Live
))
Package caption Info: Begin \AtBeginDocument code.
Package caption Info: hyperref package is loaded.
Package caption Info: End \AtBeginDocument code.
\AtBeginShipoutBox=\box50
Package hyperref Info: Link coloring ON on input line 36.
 (/usr/share/texlive/texmf-dist/tex/latex/hyperref/nameref.sty
Package: nameref 2019/09/16 v2.46 Cross-referencing by name of section
 (/usr/share/texlive/texmf-dist/tex/latex/refcount/refcount.sty
Package: refcount 2019/12/15 v3.6 Data extraction from label references (HO)
) (/usr/share/texlive/texmf-dist/tex/generic/gettitlestring/gettitlestring.sty
Package: gettitlestring 2019/12/15 v1.6 Cleanup title references (HO)
)
\c@section@level=\count284
)
LaTeX Info: Redefining \ref on input line 36.
LaTeX Info: Redefining \pageref on input line 36.
LaTeX Info: Redefining \nameref on input line 36.
 (/home/alessandromatteo_rossi/LOEFM/Relazione/calculator/tambini.out) (/home/alessandromatteo_rossi/LOEFM/Relazione/calculator/tambini.out)
\@outlinefile=\write3
\openout3 = `tambini.out'.

LaTeX Font Info:    Trying to load font information for U+msa on input line 38.
 (/usr/share/texlive/texmf-dist/tex/latex/amsfonts/umsa.fd
File: umsa.fd 2013/01/14 v3.01 AMS symbols A
)
LaTeX Font Info:    Trying to load font information for U+msb on input line 38.
 (/usr/share/texlive/texmf-dist/tex/latex/amsfonts/umsb.fd
File: umsb.fd 2013/01/14 v3.01 AMS symbols B
) [1

{/var/lib/texmf/fonts/map/pdftex/updmap/pdftex.map}] (/home/alessandromatteo_rossi/LOEFM/Relazione/calculator/tambini.toc)
\tf@toc=\write4
\openout4 = `tambini.toc'.

 [2

] [3

]
<IM_NOT.PNG, id=239, 416.30531pt x 113.67468pt>
File: IM_NOT.PNG Graphic file (type png)
<use IM_NOT.PNG>
Package pdftex.def Info: IM_NOT.PNG  used on input line 145.
(pdftex.def)             Requested size: 167.2989pt x 45.6824pt.
<IM_AND.PNG, id=241, 395.22656pt x 143.78719pt>
File: IM_AND.PNG Graphic file (type png)
<use IM_AND.PNG>
Package pdftex.def Info: IM_AND.PNG  used on input line 152.
(pdftex.def)             Requested size: 167.2989pt x 60.8641pt.
<IM_OR.PNG, id=242, 352.31625pt x 141.52875pt>
File: IM_OR.PNG Graphic file (type png)
<use IM_OR.PNG>
Package pdftex.def Info: IM_OR.PNG  used on input line 160.
(pdftex.def)             Requested size: 167.2989pt x 67.20525pt.
<IM_XOR.PNG, id=243, 359.09157pt x 133.24782pt>
File: IM_XOR.PNG Graphic file (type png)
<use IM_XOR.PNG>
Package pdftex.def Info: IM_XOR.PNG  used on input line 167.
(pdftex.def)             Requested size: 167.2989pt x 62.08157pt.
<IM_NAND.PNG, id=244, 362.85562pt x 128.73094pt>
File: IM_NAND.PNG Graphic file (type png)
<use IM_NAND.PNG>
Package pdftex.def Info: IM_NAND.PNG  used on input line 175.
(pdftex.def)             Requested size: 167.2989pt x 59.35443pt.
<IM_NOR.PNG, id=245, 358.33875pt x 124.21407pt>
File: IM_NOR.PNG Graphic file (type png)
<use IM_NOR.PNG>
Package pdftex.def Info: IM_NOR.PNG  used on input line 182.
(pdftex.def)             Requested size: 167.2989pt x 57.99205pt.
<IM_XNOR.PNG, id=246, 390.70969pt x 137.7647pt>
File: IM_XNOR.PNG Graphic file (type png)
<use IM_XNOR.PNG>
Package pdftex.def Info: IM_XNOR.PNG  used on input line 190.
(pdftex.def)             Requested size: 167.2989pt x 58.98961pt.
 [4 </home/alessandromatteo_rossi/LOEFM/Relazione/calculator/IM_NOT.PNG> </home/alessandromatteo_rossi/LOEFM/Relazione/calculator/IM_AND.PNG> </home/alessandromatteo_rossi/LOEFM/Relazione/calculator/IM_OR.PNG> </home/alessandromatteo_rossi/LOEFM/Relazione/calculator/IM_XOR.PNG> </home/alessandromatteo_rossi/LOEFM/Relazione/calculator/IM_NAND.PNG> </home/alessandromatteo_rossi/LOEFM/Relazione/calculator/IM_NOR.PNG> </home/alessandromatteo_rossi/LOEFM/Relazione/calculator/IM_XNOR.PNG>]
<IM_NMOS_Function.png, id=260, 358.33875pt x 243.91125pt>
File: IM_NMOS_Function.png Graphic file (type png)
<use IM_NMOS_Function.png>
Package pdftex.def Info: IM_NMOS_Function.png  used on input line 223.
(pdftex.def)             Requested size: 232.91742pt x 158.54042pt.
 [5

 </home/alessandromatteo_rossi/LOEFM/Relazione/calculator/IM_NMOS_Function.png>]
<IM_NOT_NMOS.JPG, id=269, 399.894pt x 420.97275pt>
File: IM_NOT_NMOS.JPG Graphic file (type jpg)
<use IM_NOT_NMOS.JPG>
Package pdftex.def Info: IM_NOT_NMOS.JPG  used on input line 242.
(pdftex.def)             Requested size: 119.96912pt x 126.29279pt.
<IM_inverter_esa.PNG, id=271, 603.0028pt x 257.46187pt>
File: IM_inverter_esa.PNG Graphic file (type png)
<use IM_inverter_esa.PNG>
Package pdftex.def Info: IM_inverter_esa.PNG  used on input line 261.
(pdftex.def)             Requested size: 361.80447pt x 154.4783pt.
 [6

 </home/alessandromatteo_rossi/LOEFM/Relazione/calculator/IM_NOT_NMOS.JPG> </home/alessandromatteo_rossi/LOEFM/Relazione/calculator/IM_inverter_esa.PNG>]
<IM_NOR_NMOS.JPG, id=283, 451.08525pt x 520.344pt>
File: IM_NOR_NMOS.JPG Graphic file (type jpg)
<use IM_NOR_NMOS.JPG>
Package pdftex.def Info: IM_NOR_NMOS.JPG  used on input line 280.
(pdftex.def)             Requested size: 135.32661pt x 156.1044pt.
<IM_NAND_NMOS.JPG, id=286, 316.18124pt x 505.89pt>
File: IM_NAND_NMOS.JPG Graphic file (type jpg)
<use IM_NAND_NMOS.JPG>
Package pdftex.def Info: IM_NAND_NMOS.JPG  used on input line 311.
(pdftex.def)             Requested size: 79.0451pt x 126.47218pt.


LaTeX Warning: `h' float specifier changed to `ht'.

[7

 </home/alessandromatteo_rossi/LOEFM/Relazione/calculator/IM_NOR_NMOS.JPG>]
<IM_AND_LOGIC.JPG, id=303, 676.929pt x 143.3355pt>
File: IM_AND_LOGIC.JPG Graphic file (type jpg)
<use IM_AND_LOGIC.JPG>
Package pdftex.def Info: IM_AND_LOGIC.JPG  used on input line 348.
(pdftex.def)             Requested size: 203.08026pt x 43.00096pt.
<IM_OR_LOGIC.JPG, id=304, 674.52pt x 129.48375pt>
File: IM_OR_LOGIC.JPG Graphic file (type jpg)
<use IM_OR_LOGIC.JPG>
Package pdftex.def Info: IM_OR_LOGIC.JPG  used on input line 354.
(pdftex.def)             Requested size: 202.35756pt x 38.84541pt.
<IM_XOR_LOGIC.JPG, id=305, 681.14474pt x 202.95825pt>
File: IM_XOR_LOGIC.JPG Graphic file (type jpg)
<use IM_XOR_LOGIC.JPG>
Package pdftex.def Info: IM_XOR_LOGIC.JPG  used on input line 360.
(pdftex.def)             Requested size: 204.345pt x 60.88794pt.
 [8 </home/alessandromatteo_rossi/LOEFM/Relazione/calculator/IM_NAND_NMOS.JPG> </home/alessandromatteo_rossi/LOEFM/Relazione/calculator/IM_AND_LOGIC.JPG> </home/alessandromatteo_rossi/LOEFM/Relazione/calculator/IM_OR_LOGIC.JPG> </home/alessandromatteo_rossi/LOEFM/Relazione/calculator/IM_XOR_LOGIC.JPG>]
<IM_FlipFlop.jpg, id=313, 589.0005pt x 275.22826pt>
File: IM_FlipFlop.jpg Graphic file (type jpg)
<use IM_FlipFlop.jpg>
Package pdftex.def Info: IM_FlipFlop.jpg  used on input line 382.
(pdftex.def)             Requested size: 176.7015pt x 82.5691pt.
 [9

 </home/alessandromatteo_rossi/LOEFM/Relazione/calculator/IM_FlipFlop.JPG>]
<simple_encoder.png, id=322, 295.85532pt x 183.68625pt>
File: simple_encoder.png Graphic file (type png)
<use simple_encoder.png>
Package pdftex.def Info: simple_encoder.png  used on input line 422.
(pdftex.def)             Requested size: 207.0973pt x 128.57947pt.
 [10

 </home/alessandromatteo_rossi/LOEFM/Relazione/calculator/simple_encoder.PNG>]
<priority_encoder.png, id=330, 362.85562pt x 176.15813pt>
File: priority_encoder.png Graphic file (type png)
<use priority_encoder.png>
Package pdftex.def Info: priority_encoder.png  used on input line 453.
(pdftex.def)             Requested size: 253.99721pt x 123.30983pt.
 [11

 </home/alessandromatteo_rossi/LOEFM/Relazione/calculator/priority_encoder.PNG>]
<IM_full_adder_bis.png, id=345, 481.8pt x 170.88844pt>
File: IM_full_adder_bis.png Graphic file (type png)
<use IM_full_adder_bis.png>
Package pdftex.def Info: IM_full_adder_bis.png  used on input line 549.
(pdftex.def)             Requested size: 289.08221pt x 102.53384pt.


LaTeX Warning: `h' float specifier changed to `ht'.

[12

]
<IM_RCA_SMALL.PNG, id=354, 478.1865pt x 231.264pt>
File: IM_RCA_SMALL.PNG Graphic file (type png)
<use IM_RCA_SMALL.PNG>
Package pdftex.def Info: IM_RCA_SMALL.PNG  used on input line 572.
(pdftex.def)             Requested size: 310.81754pt x 150.31981pt.
 [13 </home/alessandromatteo_rossi/LOEFM/Relazione/calculator/IM_full_adder_bis.PNG> </home/alessandromatteo_rossi/LOEFM/Relazione/calculator/IM_RCA_SMALL.PNG>]
<basic_decoder.png, id=367, 429.85594pt x 194.22563pt>
File: basic_decoder.png Graphic file (type png)
<use basic_decoder.png>
Package pdftex.def Info: basic_decoder.png  used on input line 602.
(pdftex.def)             Requested size: 300.89711pt x 135.957pt.
 [14 </home/alessandromatteo_rossi/LOEFM/Relazione/calculator/basic_decoder.PNG>]
<real_calculator_blueprint.png, id=379, 432.86719pt x 227.34938pt>
File: real_calculator_blueprint.png Graphic file (type png)
<use real_calculator_blueprint.png>
Package pdftex.def Info: real_calculator_blueprint.png  used on input line 634.
(pdftex.def)             Requested size: 346.2942pt x 181.87975pt.
 [15

 </home/alessandromatteo_rossi/LOEFM/Relazione/calculator/real_calculator_blueprint.PNG>]
<breadboard1_bis.jpg, id=387, 2007.5pt x 903.375pt>
File: breadboard1_bis.jpg Graphic file (type jpg)
<use breadboard1_bis.jpg>
Package pdftex.def Info: breadboard1_bis.jpg  used on input line 680.
(pdftex.def)             Requested size: 418.25368pt x 188.21185pt.
 [16 </home/alessandromatteo_rossi/LOEFM/Relazione/calculator/breadboard1_bis.jpg>]
<breadboard1.jpg, id=394, 1505.625pt x 677.53125pt>
File: breadboard1.jpg Graphic file (type jpg)
<use breadboard1.jpg>
Package pdftex.def Info: breadboard1.jpg  used on input line 710.
(pdftex.def)             Requested size: 418.25368pt x 188.2084pt.
<breadboard2.jpg, id=396, 2987.16pt x 1202.24156pt>
File: breadboard2.jpg Graphic file (type jpg)
<use breadboard2.jpg>
Package pdftex.def Info: breadboard2.jpg  used on input line 722.
(pdftex.def)             Requested size: 418.25368pt x 168.33101pt.
 [17 </home/alessandromatteo_rossi/LOEFM/Relazione/calculator/breadboard1.jpg> </home/alessandromatteo_rossi/LOEFM/Relazione/calculator/breadboard2.jpg>]
<breadboard3.jpg, id=403, 2987.16pt x 1708.13156pt>
File: breadboard3.jpg Graphic file (type jpg)
<use breadboard3.jpg>
Package pdftex.def Info: breadboard3.jpg  used on input line 736.
(pdftex.def)             Requested size: 418.25368pt x 239.16286pt.
 [18

 </home/alessandromatteo_rossi/LOEFM/Relazione/calculator/breadboard3.jpg>]
<calculator.jpg, id=410, 2987.16pt x 1804.49156pt>
File: calculator.jpg Graphic file (type jpg)
<use calculator.jpg>
Package pdftex.def Info: calculator.jpg  used on input line 766.
(pdftex.def)             Requested size: 418.25368pt x 252.65463pt.
 [19

 </home/alessandromatteo_rossi/LOEFM/Relazione/calculator/calculator.jpg>]
<IM_Keyboard.jpg, id=419, 381.22424pt x 496.85625pt>
File: IM_Keyboard.jpg Graphic file (type jpg)
<use IM_Keyboard.jpg>
Package pdftex.def Info: IM_Keyboard.jpg  used on input line 837.
(pdftex.def)             Requested size: 114.36815pt x 149.05801pt.
 [20


 </home/alessandromatteo_rossi/LOEFM/Relazione/calculator/IM_Keyboard.JPG>]
<IM_4BitEncoder.JPG, id=425, 617.30624pt x 468.5505pt>
File: IM_4BitEncoder.JPG Graphic file (type jpg)
<use IM_4BitEncoder.JPG>
Package pdftex.def Info: IM_4BitEncoder.JPG  used on input line 849.
(pdftex.def)             Requested size: 216.06041pt x 163.99513pt.
 [21

 </home/alessandromatteo_rossi/LOEFM/Relazione/calculator/IM_4BitEncoder.JPG>]
<IM_Converter.PNG, id=432, 734.14275pt x 499.8675pt>
File: IM_Converter.PNG Graphic file (type png)
<use IM_Converter.PNG>
Package pdftex.def Info: IM_Converter.PNG  used on input line 883.
(pdftex.def)             Requested size: 403.77975pt x 274.92796pt.
 [22

 </home/alessandromatteo_rossi/LOEFM/Relazione/calculator/IM_Converter.PNG>] [23]
<IM_SignBit.png, id=446, 190.91325pt x 208.98074pt>
File: IM_SignBit.png Graphic file (type png)
<use IM_SignBit.png>
Package pdftex.def Info: IM_SignBit.png  used on input line 991.
(pdftex.def)             Requested size: 95.45639pt x 104.49011pt.
 [24 </home/alessandromatteo_rossi/LOEFM/Relazione/calculator/IM_SignBit.PNG>]
<IM_Memories.PNG, id=455, 796.77675pt x 532.99126pt>
File: IM_Memories.PNG Graphic file (type png)
<use IM_Memories.PNG>
Package pdftex.def Info: IM_Memories.PNG  used on input line 1002.
(pdftex.def)             Requested size: 398.38739pt x 266.49498pt.
 [25

 </home/alessandromatteo_rossi/LOEFM/Relazione/calculator/IM_Memories.PNG>]
<SC_Processing_Total.JPG, id=467, 1025.0295pt x 277.63725pt>
File: SC_Processing_Total.JPG Graphic file (type jpg)
<use SC_Processing_Total.JPG>
Package pdftex.def Info: SC_Processing_Total.JPG  used on input line 1037.
(pdftex.def)             Requested size: 410.00453pt x 111.05292pt.
<SC_Processing2.JPG, id=470, 1032.2565pt x 228.25275pt>
File: SC_Processing2.JPG Graphic file (type jpg)
<use SC_Processing2.JPG>
Package pdftex.def Info: SC_Processing2.JPG  used on input line 1044.
(pdftex.def)             Requested size: 412.89528pt x 91.29947pt.
<SC_Decoder.png, id=472, 1018.40475pt x 310.761pt>
File: SC_Decoder.png Graphic file (type png)
<use SC_Decoder.png>
Package pdftex.def Info: SC_Decoder.png  used on input line 1068.
(pdftex.def)             Requested size: 427.72708pt x 130.51872pt.

Overfull \hbox (9.4734pt too wide) in paragraph at lines 1068--1069
 [][] 
 []


LaTeX Warning: `h' float specifier changed to `ht'.

[26 </home/alessandromatteo_rossi/LOEFM/Relazione/calculator/SC_Processing_Total.JPG> </home/alessandromatteo_rossi/LOEFM/Relazione/calculator/SC_Processing2.JPG>]
<SC_Converter.PNG, id=482, 997.92825pt x 274.626pt>
File: SC_Converter.PNG Graphic file (type png)
<use SC_Converter.PNG>
Package pdftex.def Info: SC_Converter.PNG  used on input line 1091.
(pdftex.def)             Requested size: 429.10078pt x 118.08687pt.

Overfull \hbox (10.8471pt too wide) in paragraph at lines 1091--1092
 [][] 
 []

[27 </home/alessandromatteo_rossi/LOEFM/Relazione/calculator/SC_Decoder.PNG> </home/alessandromatteo_rossi/LOEFM/Relazione/calculator/SC_Converter.PNG>]
<SC_DoubleDabble.png, id=492, 550.4565pt x 436.029pt>
File: SC_DoubleDabble.png Graphic file (type png)
<use SC_DoubleDabble.png>
Package pdftex.def Info: SC_DoubleDabble.png  used on input line 1110.
(pdftex.def)             Requested size: 236.69168pt x 187.4888pt.


Package caption Warning: \label without proper reference on input line 1146.
See the caption package documentation for explanation.


LaTeX Warning: Reference `SC_Algo' on page 28 undefined on input line 1116.


LaTeX Warning: `h' float specifier changed to `ht'.


Package caption Warning: \label without proper reference on input line 1172.
See the caption package documentation for explanation.


LaTeX Warning: Reference `Add3Table' on page 28 undefined on input line 1152.


LaTeX Warning: `h' float specifier changed to `ht'.

[28 </home/alessandromatteo_rossi/LOEFM/Relazione/calculator/SC_DoubleDabble.PNG>] [29]
<IM_NAND_allpowerful.png, id=511, 306.39468pt x 383.18156pt>
File: IM_NAND_allpowerful.png Graphic file (type png)
<use IM_NAND_allpowerful.png>
Package pdftex.def Info: IM_NAND_allpowerful.png  used on input line 1190.
(pdftex.def)             Requested size: 128.68489pt x 160.93515pt.
<IM_NOR_allpowerful.png, id=512, 447.17062pt x 410.2828pt>
File: IM_NOR_allpowerful.png Graphic file (type png)
<use IM_NOR_allpowerful.png>
Package pdftex.def Info: IM_NOR_allpowerful.png  used on input line 1197.
(pdftex.def)             Requested size: 223.58476pt x 205.1409pt.
<IM_NOT_LAB.jpg, id=513, 3500.07625pt x 1775.63374pt>
File: IM_NOT_LAB.jpg Graphic file (type jpg)
<use IM_NOT_LAB.jpg>
Package pdftex.def Info: IM_NOT_LAB.jpg  used on input line 1204.
(pdftex.def)             Requested size: 280.01183pt x 142.0536pt.


LaTeX Warning: `h' float specifier changed to `ht'.

<IM_NOR_LAB.jpg, id=514, 3116.64375pt x 1996.45876pt>
File: IM_NOR_LAB.jpg Graphic file (type jpg)
<use IM_NOR_LAB.jpg>
Package pdftex.def Info: IM_NOR_LAB.jpg  used on input line 1211.
(pdftex.def)             Requested size: 249.3366pt x 159.71996pt.

LaTeX Warning: `h' float specifier changed to `ht'.

<IM_NAND_LAB.jpg, id=515, 3439.85126pt x 1855.93375pt>
File: IM_NAND_LAB.jpg Graphic file (type jpg)
<use IM_NAND_LAB.jpg>
Package pdftex.def Info: IM_NAND_LAB.jpg  used on input line 1218.
(pdftex.def)             Requested size: 275.19373pt x 148.47774pt.

LaTeX Warning: `h' float specifier changed to `ht'.

Package atveryend Info: Empty hook `BeforeClearDocument' on input line 1227.
[30

 </home/alessandromatteo_rossi/LOEFM/Relazione/calculator/IM_NAND_allpowerful.png> </home/alessandromatteo_rossi/LOEFM/Relazione/calculator/IM_NOR_allpowerful.png>] [31 </home/alessandromatteo_rossi/LOEFM/Relazione/calculator/IM_NOT_LAB.jpg> </home/alessandromatteo_rossi/LOEFM/Relazione/calculator/IM_NOR_LAB.jpg> </home/alessandromatteo_rossi/LOEFM/Relazione/calculator/IM_NAND_LAB.jpg>]
Package atveryend Info: Empty hook `AfterLastShipout' on input line 1227.
 (/home/alessandromatteo_rossi/LOEFM/Relazione/calculator/tambini.aux)
Package atveryend Info: Executing hook `AtVeryEndDocument' on input line 1227.
Package atveryend Info: Executing hook `AtEndAfterFileList' on input line 1227.
Package rerunfilecheck Info: File `tambini.out' has not changed.
(rerunfilecheck)             Checksum: 7ED5354CA27EE158E24059741D60FDBE;2574.


LaTeX Warning: There were undefined references.

Package atveryend Info: Empty hook `AtVeryVeryEnd' on input line 1227.
 ) 
Here is how much of TeX's memory you used:
 10488 strings out of 483074
 158209 string characters out of 5963110
 445855 words of memory out of 5000000
 25165 multiletter control sequences out of 15000+600000
 547482 words of font info for 62 fonts, out of 8000000 for 9000
 59 hyphenation exceptions out of 8191
 48i,10n,46p,731b,498s stack positions out of 5000i,500n,10000p,200000b,80000s
 </home/alessandromatteo_rossi/.texlive2019/texmf-var/fonts/pk/ljfour/jknappen/ec/tcrm1000.600pk> </home/alessandromatteo_rossi/.texlive2019/texmf-var/fonts/pk/ljfour/jknappen/ec/ecbx1200.600pk> </home/alessandromatteo_rossi/.texlive2019/texmf-var/fonts/pk/ljfour/jknappen/ec/ecbx1000.600pk> </home/alessandromatteo_rossi/.texlive2019/texmf-var/fonts/pk/ljfour/jknappen/ec/ecbx1440.600pk> </home/alessandromatteo_rossi/.texlive2019/texmf-var/fonts/pk/ljfour/jknappen/ec/ecrm1000.600pk> </home/alessandromatteo_rossi/.texlive2019/texmf-var/fonts/pk/ljfour/jknappen/ec/ecrm0900.600pk> </home/alessandromatteo_rossi/.texlive2019/texmf-var/fonts/pk/ljfour/jknappen/ec/ecbx0900.600pk> </home/alessandromatteo_rossi/.texlive2019/texmf-var/fonts/pk/ljfour/jknappen/ec/ecrm1200.600pk> </home/alessandromatteo_rossi/.texlive2019/texmf-var/fonts/pk/ljfour/jknappen/ec/ecrm1728.600pk></usr/share/texlive/texmf-dist/fonts/type1/public/amsfonts/cm/cmmi10.pfb></usr/share/texlive/texmf-dist/fonts/type1/public/amsfonts/cm/cmmi7.pfb></usr/share/texlive/texmf-dist/fonts/type1/public/amsfonts/cm/cmr10.pfb></usr/share/texlive/texmf-dist/fonts/type1/public/amsfonts/cm/cmr7.pfb></usr/share/texlive/texmf-dist/fonts/type1/public/amsfonts/cm/cmsy10.pfb></usr/share/texlive/texmf-dist/fonts/type1/public/amsfonts/cm/cmsy7.pfb>
Output written on /home/alessandromatteo_rossi/LOEFM/Relazione/calculator/tambini.pdf (31 pages, 11257174 bytes).
PDF statistics:
 901 PDF objects out of 1000 (max. 8388607)
 495 compressed objects within 5 object streams
 128 named destinations out of 1000 (max. 500000)
 539 words of extra memory for PDF output out of 10000 (max. 10000000)

